nohup: ignoring input
Start training.
weight:  tensor([ 1.,  0., 50., 50., 50., 50., 50., 50., 50., 50., 50., 50., 50., 50.,
        50., 50., 50., 50., 50., 50., 50., 50., 50., 50., 50., 50.],
       device='cuda:0')
4 GPUs are available. Let's use them.
--------------- The 1-th fold as the validation set... ---------------
Preprocessing dataset...
Data length:  9567
Epoch id: 1, Training steps: 250, Loss: 592.508850
Epoch id: 1, Training steps: 500, Loss: 829.607056
Epoch id: 1, Training steps: 750, Loss: 384.614197
Epoch id: 1, Training steps: 1000, Loss: 523.139221
Epoch id: 2, Training steps: 250, Loss: 144.967331
Epoch id: 2, Training steps: 500, Loss: 217.925903
Epoch id: 2, Training steps: 750, Loss: 203.150299
Epoch id: 2, Training steps: 1000, Loss: 150.896790
Epoch id: 3, Training steps: 250, Loss: 126.468666
Epoch id: 3, Training steps: 500, Loss: 142.933853
Epoch id: 3, Training steps: 750, Loss: 115.070404
Epoch id: 3, Training steps: 1000, Loss: 226.431549
Epoch id: 4, Training steps: 250, Loss: 169.766510
Epoch id: 4, Training steps: 500, Loss: 74.649635
Epoch id: 4, Training steps: 750, Loss: 102.144798
Epoch id: 4, Training steps: 1000, Loss: 166.325439
Epoch id: 5, Training steps: 250, Loss: 97.071182
Epoch id: 5, Training steps: 500, Loss: 169.919769
Epoch id: 5, Training steps: 750, Loss: 168.349747
Epoch id: 5, Training steps: 1000, Loss: 69.557968
Epoch id: 6, Training steps: 250, Loss: 115.687637
Epoch id: 6, Training steps: 500, Loss: 89.914406
Epoch id: 6, Training steps: 750, Loss: 139.022293
Epoch id: 6, Training steps: 1000, Loss: 61.008400
Epoch id: 7, Training steps: 250, Loss: 48.317211
Epoch id: 7, Training steps: 500, Loss: 60.767540
Epoch id: 7, Training steps: 750, Loss: 105.945312
Epoch id: 7, Training steps: 1000, Loss: 61.481125
Epoch id: 8, Training steps: 250, Loss: 43.653610
Epoch id: 8, Training steps: 500, Loss: 74.580215
Epoch id: 8, Training steps: 750, Loss: 104.963707
Epoch id: 8, Training steps: 1000, Loss: 47.492924
Epoch id: 9, Training steps: 250, Loss: 71.382057
Epoch id: 9, Training steps: 500, Loss: 71.674583
Epoch id: 9, Training steps: 750, Loss: 63.040466
Epoch id: 9, Training steps: 1000, Loss: 47.852112
Epoch id: 10, Training steps: 250, Loss: 66.688255
Epoch id: 10, Training steps: 500, Loss: 78.306282
Epoch id: 10, Training steps: 750, Loss: 48.201302
Epoch id: 10, Training steps: 1000, Loss: 99.738266
Epoch id: 11, Training steps: 250, Loss: 65.440048
Epoch id: 11, Training steps: 500, Loss: 36.953087
Epoch id: 11, Training steps: 750, Loss: 107.218231
Epoch id: 11, Training steps: 1000, Loss: 22.827793
Epoch id: 12, Training steps: 250, Loss: 23.580509
Epoch id: 12, Training steps: 500, Loss: 47.424706
Epoch id: 12, Training steps: 750, Loss: 18.035480
Epoch id: 12, Training steps: 1000, Loss: 51.537502
Epoch id: 13, Training steps: 250, Loss: 54.052795
Epoch id: 13, Training steps: 500, Loss: 15.253572
Epoch id: 13, Training steps: 750, Loss: 44.634182
Epoch id: 13, Training steps: 1000, Loss: 33.504162
Epoch id: 14, Training steps: 250, Loss: 15.680938
Epoch id: 14, Training steps: 500, Loss: 23.278997
Epoch id: 14, Training steps: 750, Loss: 19.010351
Epoch id: 14, Training steps: 1000, Loss: 14.020146
Epoch id: 15, Training steps: 250, Loss: 62.865376
Epoch id: 15, Training steps: 500, Loss: 17.246241
Epoch id: 15, Training steps: 750, Loss: 30.070572
Epoch id: 15, Training steps: 1000, Loss: 43.246601
Epoch id: 16, Training steps: 250, Loss: 16.459717
Epoch id: 16, Training steps: 500, Loss: 11.773209
Epoch id: 16, Training steps: 750, Loss: 21.579897
Epoch id: 16, Training steps: 1000, Loss: 20.391821
Epoch id: 17, Training steps: 250, Loss: 7.214069
Epoch id: 17, Training steps: 500, Loss: 20.364882
Epoch id: 17, Training steps: 750, Loss: 29.975527
Epoch id: 17, Training steps: 1000, Loss: 34.550880
Epoch id: 18, Training steps: 250, Loss: 27.328407
Epoch id: 18, Training steps: 500, Loss: 4.824129
Epoch id: 18, Training steps: 750, Loss: 23.706554
Epoch id: 18, Training steps: 1000, Loss: 14.113887
Epoch id: 19, Training steps: 250, Loss: 35.678215
Epoch id: 19, Training steps: 500, Loss: 8.757715
Epoch id: 19, Training steps: 750, Loss: 10.313347
Epoch id: 19, Training steps: 1000, Loss: 13.623823
Epoch id: 20, Training steps: 250, Loss: 15.914344
Epoch id: 20, Training steps: 500, Loss: 7.435564
Epoch id: 20, Training steps: 750, Loss: 31.235535
Epoch id: 20, Training steps: 1000, Loss: 11.878890
Event: total_right, total_predict, predict_right: 2452, 8440, 1416
Event: precision, recall, and f1: 0.168, 0.577, 0.260
Role: total_right, total_predict, predict_right: 5272, 17798, 1760
Role: precision, recall, and f1: 0.099, 0.334, 0.153
Epoch id: 21, Training steps: 250, Loss: 13.470071
Epoch id: 21, Training steps: 500, Loss: 4.879479
Epoch id: 21, Training steps: 750, Loss: 23.263092
Epoch id: 21, Training steps: 1000, Loss: 11.039366
Epoch id: 22, Training steps: 250, Loss: 17.702875
Epoch id: 22, Training steps: 500, Loss: 52.552364
Epoch id: 22, Training steps: 750, Loss: 8.807568
Epoch id: 22, Training steps: 1000, Loss: 14.246782
Epoch id: 23, Training steps: 250, Loss: 16.121130
Epoch id: 23, Training steps: 500, Loss: 12.354750
Epoch id: 23, Training steps: 750, Loss: 19.677116
Epoch id: 23, Training steps: 1000, Loss: 14.314226
Epoch id: 24, Training steps: 250, Loss: 19.838728
Epoch id: 24, Training steps: 500, Loss: 10.231730
Epoch id: 24, Training steps: 750, Loss: 5.170463
Epoch id: 24, Training steps: 1000, Loss: 26.768806
Epoch id: 25, Training steps: 250, Loss: 10.019557
Epoch id: 25, Training steps: 500, Loss: 27.472086
Epoch id: 25, Training steps: 750, Loss: 30.003551
Epoch id: 25, Training steps: 1000, Loss: 4.967135
Epoch id: 26, Training steps: 250, Loss: 8.995767
Epoch id: 26, Training steps: 500, Loss: 11.067579
Epoch id: 26, Training steps: 750, Loss: 6.717224
Epoch id: 26, Training steps: 1000, Loss: 5.798325
Epoch id: 27, Training steps: 250, Loss: 18.757135
Epoch id: 27, Training steps: 500, Loss: 20.103750
Epoch id: 27, Training steps: 750, Loss: 8.118423
Epoch id: 27, Training steps: 1000, Loss: 7.923388
Epoch id: 28, Training steps: 250, Loss: 3.860706
Epoch id: 28, Training steps: 500, Loss: 14.120696
Epoch id: 28, Training steps: 750, Loss: 8.149726
Epoch id: 28, Training steps: 1000, Loss: 72.107086
Epoch id: 29, Training steps: 250, Loss: 4.794761
Epoch id: 29, Training steps: 500, Loss: 14.363065
Epoch id: 29, Training steps: 750, Loss: 9.829107
Epoch id: 29, Training steps: 1000, Loss: 6.839395
Epoch id: 30, Training steps: 250, Loss: 3.972351
Epoch id: 30, Training steps: 500, Loss: 4.015521
Epoch id: 30, Training steps: 750, Loss: 9.383965
Epoch id: 30, Training steps: 1000, Loss: 5.722224
Epoch id: 31, Training steps: 250, Loss: 6.006870
Epoch id: 31, Training steps: 500, Loss: 5.874563
Epoch id: 31, Training steps: 750, Loss: 4.101837
Epoch id: 31, Training steps: 1000, Loss: 7.305543
Epoch id: 32, Training steps: 250, Loss: 9.528533
Epoch id: 32, Training steps: 500, Loss: 4.544457
Epoch id: 32, Training steps: 750, Loss: 8.230783
Epoch id: 32, Training steps: 1000, Loss: 21.699272
Epoch id: 33, Training steps: 250, Loss: 11.428787
Epoch id: 33, Training steps: 500, Loss: 7.663278
Epoch id: 33, Training steps: 750, Loss: 4.741450
Epoch id: 33, Training steps: 1000, Loss: 5.530763
Epoch id: 34, Training steps: 250, Loss: 3.378235
Epoch id: 34, Training steps: 500, Loss: 19.856133
Epoch id: 34, Training steps: 750, Loss: 4.754271
Epoch id: 34, Training steps: 1000, Loss: 2.143737
Epoch id: 35, Training steps: 250, Loss: 3.388659
Epoch id: 35, Training steps: 500, Loss: 18.342981
Epoch id: 35, Training steps: 750, Loss: 5.038602
Epoch id: 35, Training steps: 1000, Loss: 3.346525
Epoch id: 36, Training steps: 250, Loss: 13.219593
Epoch id: 36, Training steps: 500, Loss: 2.797818
Epoch id: 36, Training steps: 750, Loss: 1.892757
Epoch id: 36, Training steps: 1000, Loss: 5.858567
Epoch id: 37, Training steps: 250, Loss: 2.585374
Epoch id: 37, Training steps: 500, Loss: 6.132611
Epoch id: 37, Training steps: 750, Loss: 6.499537
Epoch id: 37, Training steps: 1000, Loss: 4.609880
Epoch id: 38, Training steps: 250, Loss: 3.888997
Epoch id: 38, Training steps: 500, Loss: 4.671059
Epoch id: 38, Training steps: 750, Loss: 5.760106
Epoch id: 38, Training steps: 1000, Loss: 3.807386
Epoch id: 39, Training steps: 250, Loss: 6.192365
Epoch id: 39, Training steps: 500, Loss: 2.623938
Epoch id: 39, Training steps: 750, Loss: 2.045116
Epoch id: 39, Training steps: 1000, Loss: 4.211264
Epoch id: 40, Training steps: 250, Loss: 3.264316
Epoch id: 40, Training steps: 500, Loss: 4.408222
Epoch id: 40, Training steps: 750, Loss: 4.694674
Epoch id: 40, Training steps: 1000, Loss: 4.230754
Event: total_right, total_predict, predict_right: 2452, 9098, 1901
Event: precision, recall, and f1: 0.209, 0.775, 0.329
Role: total_right, total_predict, predict_right: 5272, 18447, 2190
Role: precision, recall, and f1: 0.119, 0.415, 0.185
Epoch id: 41, Training steps: 250, Loss: 8.908524
Epoch id: 41, Training steps: 500, Loss: 6.093448
Epoch id: 41, Training steps: 750, Loss: 6.173172
Epoch id: 41, Training steps: 1000, Loss: 2.562606
Epoch id: 42, Training steps: 250, Loss: 6.203850
Epoch id: 42, Training steps: 500, Loss: 2.832446
Epoch id: 42, Training steps: 750, Loss: 12.035709
Epoch id: 42, Training steps: 1000, Loss: 5.318306
Epoch id: 43, Training steps: 250, Loss: 3.296970
Epoch id: 43, Training steps: 500, Loss: 49.976143
Epoch id: 43, Training steps: 750, Loss: 3.744333
Epoch id: 43, Training steps: 1000, Loss: 8.897557
Epoch id: 44, Training steps: 250, Loss: 4.856196
Epoch id: 44, Training steps: 500, Loss: 4.109560
Epoch id: 44, Training steps: 750, Loss: 3.224422
Epoch id: 44, Training steps: 1000, Loss: 5.723176
Epoch id: 45, Training steps: 250, Loss: 8.033394
Epoch id: 45, Training steps: 500, Loss: 6.685782
Epoch id: 45, Training steps: 750, Loss: 4.624258
Epoch id: 45, Training steps: 1000, Loss: 12.223575
Epoch id: 46, Training steps: 250, Loss: 1.477158
Epoch id: 46, Training steps: 500, Loss: 5.774831
Epoch id: 46, Training steps: 750, Loss: 3.635203
Epoch id: 46, Training steps: 1000, Loss: 7.885587
Epoch id: 47, Training steps: 250, Loss: 6.807922
Epoch id: 47, Training steps: 500, Loss: 3.084611
Epoch id: 47, Training steps: 750, Loss: 2.552529
Epoch id: 47, Training steps: 1000, Loss: 1.962547
Epoch id: 48, Training steps: 250, Loss: 4.245540
Epoch id: 48, Training steps: 500, Loss: 3.622715
Epoch id: 48, Training steps: 750, Loss: 3.668336
Epoch id: 48, Training steps: 1000, Loss: 3.472828
Epoch id: 49, Training steps: 250, Loss: 2.607730
Epoch id: 49, Training steps: 500, Loss: 7.766619
Epoch id: 49, Training steps: 750, Loss: 1.685273
Epoch id: 49, Training steps: 1000, Loss: 1.108764
Epoch id: 50, Training steps: 250, Loss: 1.720699
Epoch id: 50, Training steps: 500, Loss: 1.292156
Epoch id: 50, Training steps: 750, Loss: 3.435943
Epoch id: 50, Training steps: 1000, Loss: 6.042408
Epoch id: 51, Training steps: 250, Loss: 1.835704
Epoch id: 51, Training steps: 500, Loss: 4.520367
Epoch id: 51, Training steps: 750, Loss: 1.843922
Epoch id: 51, Training steps: 1000, Loss: 6.563352
Epoch id: 52, Training steps: 250, Loss: 3.042573
Epoch id: 52, Training steps: 500, Loss: 11.450691
Epoch id: 52, Training steps: 750, Loss: 5.390967
Epoch id: 52, Training steps: 1000, Loss: 4.361183
Epoch id: 53, Training steps: 250, Loss: 2.116054
Epoch id: 53, Training steps: 500, Loss: 5.924319
Epoch id: 53, Training steps: 750, Loss: 5.397028
Epoch id: 53, Training steps: 1000, Loss: 4.235979
Epoch id: 54, Training steps: 250, Loss: 3.459588
Epoch id: 54, Training steps: 500, Loss: 3.940591
Epoch id: 54, Training steps: 750, Loss: 7.437799
Epoch id: 54, Training steps: 1000, Loss: 2.532626
Epoch id: 55, Training steps: 250, Loss: 4.955538
Epoch id: 55, Training steps: 500, Loss: 12.173317
Epoch id: 55, Training steps: 750, Loss: 4.072655
Epoch id: 55, Training steps: 1000, Loss: 6.094830
Epoch id: 56, Training steps: 250, Loss: 2.194067
Epoch id: 56, Training steps: 500, Loss: 2.266769
Epoch id: 56, Training steps: 750, Loss: 2.136593
Epoch id: 56, Training steps: 1000, Loss: 10.789654
Epoch id: 57, Training steps: 250, Loss: 10.067353
Epoch id: 57, Training steps: 500, Loss: 1.229950
Epoch id: 57, Training steps: 750, Loss: 3.807276
Epoch id: 57, Training steps: 1000, Loss: 8.008371
Epoch id: 58, Training steps: 250, Loss: 3.274925
Epoch id: 58, Training steps: 500, Loss: 1.405705
Epoch id: 58, Training steps: 750, Loss: 2.006352
Epoch id: 58, Training steps: 1000, Loss: 1.700322
Epoch id: 59, Training steps: 250, Loss: 14.797701
Epoch id: 59, Training steps: 500, Loss: 5.013485
Epoch id: 59, Training steps: 750, Loss: 2.348215
Epoch id: 59, Training steps: 1000, Loss: 1.121704
Epoch id: 60, Training steps: 250, Loss: 1.988633
Epoch id: 60, Training steps: 500, Loss: 3.629650
Epoch id: 60, Training steps: 750, Loss: 1.448881
Epoch id: 60, Training steps: 1000, Loss: 6.011350
Event: total_right, total_predict, predict_right: 2452, 3800, 1547
Event: precision, recall, and f1: 0.407, 0.631, 0.495
Role: total_right, total_predict, predict_right: 5272, 8084, 2043
Role: precision, recall, and f1: 0.253, 0.388, 0.306
Epoch id: 61, Training steps: 250, Loss: 2.388335
Epoch id: 61, Training steps: 500, Loss: 3.486033
Epoch id: 61, Training steps: 750, Loss: 0.699081
Epoch id: 61, Training steps: 1000, Loss: 1.491084
Epoch id: 62, Training steps: 250, Loss: 2.214397
Epoch id: 62, Training steps: 500, Loss: 3.796776
Epoch id: 62, Training steps: 750, Loss: 1.026054
Epoch id: 62, Training steps: 1000, Loss: 3.529426
Epoch id: 63, Training steps: 250, Loss: 1.340949
Epoch id: 63, Training steps: 500, Loss: 2.050106
Epoch id: 63, Training steps: 750, Loss: 2.053818
Epoch id: 63, Training steps: 1000, Loss: 3.666154
Epoch id: 64, Training steps: 250, Loss: 1.247513
Epoch id: 64, Training steps: 500, Loss: 1.590302
Epoch id: 64, Training steps: 750, Loss: 1.377675
Epoch id: 64, Training steps: 1000, Loss: 3.698056
Epoch id: 65, Training steps: 250, Loss: 3.512059
Epoch id: 65, Training steps: 500, Loss: 0.720770
Epoch id: 65, Training steps: 750, Loss: 1.875355
Epoch id: 65, Training steps: 1000, Loss: 3.649628
Epoch id: 66, Training steps: 250, Loss: 1.858085
Epoch id: 66, Training steps: 500, Loss: 4.740319
Epoch id: 66, Training steps: 750, Loss: 1.644952
Epoch id: 66, Training steps: 1000, Loss: 1.192861
Epoch id: 67, Training steps: 250, Loss: 1.194152
Epoch id: 67, Training steps: 500, Loss: 1.237027
Epoch id: 67, Training steps: 750, Loss: 2.127879
Epoch id: 67, Training steps: 1000, Loss: 1.319362
Epoch id: 68, Training steps: 250, Loss: 2.493612
Epoch id: 68, Training steps: 500, Loss: 3.804506
Epoch id: 68, Training steps: 750, Loss: 2.219701
Epoch id: 68, Training steps: 1000, Loss: 1.850095
Epoch id: 69, Training steps: 250, Loss: 2.943643
Epoch id: 69, Training steps: 500, Loss: 5.114673
Epoch id: 69, Training steps: 750, Loss: 2.447895
Epoch id: 69, Training steps: 1000, Loss: 1.496686
Epoch id: 70, Training steps: 250, Loss: 1.442159
Epoch id: 70, Training steps: 500, Loss: 1.220560
Epoch id: 70, Training steps: 750, Loss: 1.864034
Epoch id: 70, Training steps: 1000, Loss: 1.451353
Epoch id: 71, Training steps: 250, Loss: 2.130616
Epoch id: 71, Training steps: 500, Loss: 0.656833
Epoch id: 71, Training steps: 750, Loss: 1.330664
Epoch id: 71, Training steps: 1000, Loss: 5.829165
Epoch id: 72, Training steps: 250, Loss: 5.578983
Epoch id: 72, Training steps: 500, Loss: 1.340251
Epoch id: 72, Training steps: 750, Loss: 2.667674
Epoch id: 72, Training steps: 1000, Loss: 0.689358
Epoch id: 73, Training steps: 250, Loss: 0.707427
Epoch id: 73, Training steps: 500, Loss: 2.016358
Epoch id: 73, Training steps: 750, Loss: 2.804950
Epoch id: 73, Training steps: 1000, Loss: 0.554859
Epoch id: 74, Training steps: 250, Loss: 1.962231
Epoch id: 74, Training steps: 500, Loss: 1.529153
Epoch id: 74, Training steps: 750, Loss: 1.638266
Epoch id: 74, Training steps: 1000, Loss: 2.014290
Epoch id: 75, Training steps: 250, Loss: 0.998248
Epoch id: 75, Training steps: 500, Loss: 1.455473
Epoch id: 75, Training steps: 750, Loss: 4.019013
Epoch id: 75, Training steps: 1000, Loss: 2.954803
Epoch id: 76, Training steps: 250, Loss: 1.093505
Epoch id: 76, Training steps: 500, Loss: 2.365499
Epoch id: 76, Training steps: 750, Loss: 0.991852
Epoch id: 76, Training steps: 1000, Loss: 1.314095
Epoch id: 77, Training steps: 250, Loss: 1.977138
Epoch id: 77, Training steps: 500, Loss: 1.167444
Epoch id: 77, Training steps: 750, Loss: 11.644302
Epoch id: 77, Training steps: 1000, Loss: 2.741290
Epoch id: 78, Training steps: 250, Loss: 1.739405
Epoch id: 78, Training steps: 500, Loss: 0.475534
Epoch id: 78, Training steps: 750, Loss: 6.492683
Epoch id: 78, Training steps: 1000, Loss: 0.486164
Epoch id: 79, Training steps: 250, Loss: 3.595581
Epoch id: 79, Training steps: 500, Loss: 11.023296
Epoch id: 79, Training steps: 750, Loss: 0.809382
Epoch id: 79, Training steps: 1000, Loss: 0.567114
Epoch id: 80, Training steps: 250, Loss: 0.540511
Epoch id: 80, Training steps: 500, Loss: 1.330957
Epoch id: 80, Training steps: 750, Loss: 0.738033
Epoch id: 80, Training steps: 1000, Loss: 0.501262
Event: total_right, total_predict, predict_right: 2452, 3773, 1616
Event: precision, recall, and f1: 0.428, 0.659, 0.519
Role: total_right, total_predict, predict_right: 5272, 8452, 2089
Role: precision, recall, and f1: 0.247, 0.396, 0.304
Epoch id: 81, Training steps: 250, Loss: 0.300215
Epoch id: 81, Training steps: 500, Loss: 1.451374
Epoch id: 81, Training steps: 750, Loss: 3.154369
Epoch id: 81, Training steps: 1000, Loss: 1.413089
Epoch id: 82, Training steps: 250, Loss: 1.167646
Epoch id: 82, Training steps: 500, Loss: 0.379466
Epoch id: 82, Training steps: 750, Loss: 2.041401
Epoch id: 82, Training steps: 1000, Loss: 0.704452
Epoch id: 83, Training steps: 250, Loss: 0.781586
Epoch id: 83, Training steps: 500, Loss: 6.268465
Epoch id: 83, Training steps: 750, Loss: 2.451435
Epoch id: 83, Training steps: 1000, Loss: 0.930116
Epoch id: 84, Training steps: 250, Loss: 1.064359
Epoch id: 84, Training steps: 500, Loss: 3.404638
Epoch id: 84, Training steps: 750, Loss: 0.699074
Epoch id: 84, Training steps: 1000, Loss: 0.624174
Epoch id: 85, Training steps: 250, Loss: 0.445696
Epoch id: 85, Training steps: 500, Loss: 1.265080
Epoch id: 85, Training steps: 750, Loss: 0.330555
Epoch id: 85, Training steps: 1000, Loss: 1.666840
Epoch id: 86, Training steps: 250, Loss: 0.459426
Epoch id: 86, Training steps: 500, Loss: 1.908882
Epoch id: 86, Training steps: 750, Loss: 0.241750
Epoch id: 86, Training steps: 1000, Loss: 0.505142
Epoch id: 87, Training steps: 250, Loss: 3.398451
Epoch id: 87, Training steps: 500, Loss: 0.939049
Epoch id: 87, Training steps: 750, Loss: 2.426687
Epoch id: 87, Training steps: 1000, Loss: 5.012381
Epoch id: 88, Training steps: 250, Loss: 1.037949
Epoch id: 88, Training steps: 500, Loss: 0.992700
Epoch id: 88, Training steps: 750, Loss: 0.803503
Epoch id: 88, Training steps: 1000, Loss: 1.653183
Epoch id: 89, Training steps: 250, Loss: 0.514958
Epoch id: 89, Training steps: 500, Loss: 1.039610
Epoch id: 89, Training steps: 750, Loss: 1.069729
Epoch id: 89, Training steps: 1000, Loss: 1.638970
Epoch id: 90, Training steps: 250, Loss: 1.216240
Epoch id: 90, Training steps: 500, Loss: 8.545471
Epoch id: 90, Training steps: 750, Loss: 0.960690
Epoch id: 90, Training steps: 1000, Loss: 0.611148
Epoch id: 91, Training steps: 250, Loss: 0.624061
Epoch id: 91, Training steps: 500, Loss: 0.767757
Epoch id: 91, Training steps: 750, Loss: 0.785283
Epoch id: 91, Training steps: 1000, Loss: 0.906813
Epoch id: 92, Training steps: 250, Loss: 0.241713
Epoch id: 92, Training steps: 500, Loss: 1.010195
Epoch id: 92, Training steps: 750, Loss: 0.934384
Epoch id: 92, Training steps: 1000, Loss: 0.588959
Epoch id: 93, Training steps: 250, Loss: 0.320279
Epoch id: 93, Training steps: 500, Loss: 0.743204
Epoch id: 93, Training steps: 750, Loss: 0.796328
Epoch id: 93, Training steps: 1000, Loss: 1.595518
Epoch id: 94, Training steps: 250, Loss: 1.037103
Epoch id: 94, Training steps: 500, Loss: 0.841486
Epoch id: 94, Training steps: 750, Loss: 1.693886
Epoch id: 94, Training steps: 1000, Loss: 0.405206
Epoch id: 95, Training steps: 250, Loss: 0.782846
Epoch id: 95, Training steps: 500, Loss: 0.736166
Epoch id: 95, Training steps: 750, Loss: 0.572018
Epoch id: 95, Training steps: 1000, Loss: 1.808551
Epoch id: 96, Training steps: 250, Loss: 1.115381
Epoch id: 96, Training steps: 500, Loss: 2.398790
Epoch id: 96, Training steps: 750, Loss: 0.693700
Epoch id: 96, Training steps: 1000, Loss: 0.501919
Epoch id: 97, Training steps: 250, Loss: 0.804206
Epoch id: 97, Training steps: 500, Loss: 1.912075
Epoch id: 97, Training steps: 750, Loss: 0.278326
Epoch id: 97, Training steps: 1000, Loss: 1.193533
Epoch id: 98, Training steps: 250, Loss: 0.322527
Epoch id: 98, Training steps: 500, Loss: 0.305245
Epoch id: 98, Training steps: 750, Loss: 0.072673
Epoch id: 98, Training steps: 1000, Loss: 1.290304
Epoch id: 99, Training steps: 250, Loss: 0.461900
Epoch id: 99, Training steps: 500, Loss: 1.444020
Epoch id: 99, Training steps: 750, Loss: 0.334561
Epoch id: 99, Training steps: 1000, Loss: 0.730928
Epoch id: 100, Training steps: 250, Loss: 0.331571
Epoch id: 100, Training steps: 500, Loss: 0.204325
Epoch id: 100, Training steps: 750, Loss: 0.282796
Epoch id: 100, Training steps: 1000, Loss: 0.591245
Event: total_right, total_predict, predict_right: 2452, 3350, 1587
Event: precision, recall, and f1: 0.474, 0.647, 0.547
Role: total_right, total_predict, predict_right: 5272, 7133, 2025
Role: precision, recall, and f1: 0.284, 0.384, 0.326
Epoch id: 101, Training steps: 250, Loss: 0.371095
Epoch id: 101, Training steps: 500, Loss: 0.587475
Epoch id: 101, Training steps: 750, Loss: 1.107304
Epoch id: 101, Training steps: 1000, Loss: 0.666112
Epoch id: 102, Training steps: 250, Loss: 0.342793
Epoch id: 102, Training steps: 500, Loss: 0.470753
Epoch id: 102, Training steps: 750, Loss: 0.964971
Epoch id: 102, Training steps: 1000, Loss: 0.725535
Epoch id: 103, Training steps: 250, Loss: 0.576200
Epoch id: 103, Training steps: 500, Loss: 0.945556
Epoch id: 103, Training steps: 750, Loss: 0.368161
Epoch id: 103, Training steps: 1000, Loss: 0.619308
Epoch id: 104, Training steps: 250, Loss: 0.804735
Epoch id: 104, Training steps: 500, Loss: 2.612289
Epoch id: 104, Training steps: 750, Loss: 0.792085
Epoch id: 104, Training steps: 1000, Loss: 0.761997
Epoch id: 105, Training steps: 250, Loss: 0.525987
Epoch id: 105, Training steps: 500, Loss: 1.232802
Epoch id: 105, Training steps: 750, Loss: 0.426493
Epoch id: 105, Training steps: 1000, Loss: 1.317131
Epoch id: 106, Training steps: 250, Loss: 1.083229
Epoch id: 106, Training steps: 500, Loss: 0.925060
Epoch id: 106, Training steps: 750, Loss: 0.384390
Epoch id: 106, Training steps: 1000, Loss: 0.739722
Epoch id: 107, Training steps: 250, Loss: 0.134140
Epoch id: 107, Training steps: 500, Loss: 1.251900
Epoch id: 107, Training steps: 750, Loss: 2.840318
Epoch id: 107, Training steps: 1000, Loss: 0.466288
Epoch id: 108, Training steps: 250, Loss: 1.371688
Epoch id: 108, Training steps: 500, Loss: 0.212352
Epoch id: 108, Training steps: 750, Loss: 0.150101
Epoch id: 108, Training steps: 1000, Loss: 0.199692
Epoch id: 109, Training steps: 250, Loss: 0.402138
Epoch id: 109, Training steps: 500, Loss: 0.608222
Epoch id: 109, Training steps: 750, Loss: 0.838382
Epoch id: 109, Training steps: 1000, Loss: 0.366477
Epoch id: 110, Training steps: 250, Loss: 0.485215
Epoch id: 110, Training steps: 500, Loss: 0.527575
Epoch id: 110, Training steps: 750, Loss: 0.215839
Epoch id: 110, Training steps: 1000, Loss: 0.655505
Epoch id: 111, Training steps: 250, Loss: 0.210412
Epoch id: 111, Training steps: 500, Loss: 0.652078
Epoch id: 111, Training steps: 750, Loss: 0.086898
Epoch id: 111, Training steps: 1000, Loss: 0.863253
Epoch id: 112, Training steps: 250, Loss: 0.397236
Epoch id: 112, Training steps: 500, Loss: 0.865494
Epoch id: 112, Training steps: 750, Loss: 0.273875
Epoch id: 112, Training steps: 1000, Loss: 0.559482
Epoch id: 113, Training steps: 250, Loss: 0.730312
Epoch id: 113, Training steps: 500, Loss: 0.644654
Epoch id: 113, Training steps: 750, Loss: 0.406647
Epoch id: 113, Training steps: 1000, Loss: 0.513188
Epoch id: 114, Training steps: 250, Loss: 0.115127
Epoch id: 114, Training steps: 500, Loss: 0.308800
Epoch id: 114, Training steps: 750, Loss: 0.630209
Epoch id: 114, Training steps: 1000, Loss: 0.953708
Epoch id: 115, Training steps: 250, Loss: 2.645890
Epoch id: 115, Training steps: 500, Loss: 0.378891
Epoch id: 115, Training steps: 750, Loss: 0.238371
Epoch id: 115, Training steps: 1000, Loss: 0.163241
Epoch id: 116, Training steps: 250, Loss: 0.949090
Epoch id: 116, Training steps: 500, Loss: 0.533297
Epoch id: 116, Training steps: 750, Loss: 0.500765
Epoch id: 116, Training steps: 1000, Loss: 0.199748
Epoch id: 117, Training steps: 250, Loss: 2.373487
Epoch id: 117, Training steps: 500, Loss: 0.375237
Epoch id: 117, Training steps: 750, Loss: 0.468004
Epoch id: 117, Training steps: 1000, Loss: 0.559562
Epoch id: 118, Training steps: 250, Loss: 1.032108
Epoch id: 118, Training steps: 500, Loss: 0.474311
Epoch id: 118, Training steps: 750, Loss: 0.931498
Epoch id: 118, Training steps: 1000, Loss: 1.664520
Epoch id: 119, Training steps: 250, Loss: 0.733131
Epoch id: 119, Training steps: 500, Loss: 4.140589
Epoch id: 119, Training steps: 750, Loss: 0.661204
Epoch id: 119, Training steps: 1000, Loss: 0.358994
Epoch id: 120, Training steps: 250, Loss: 0.166870
Epoch id: 120, Training steps: 500, Loss: 0.460506
Epoch id: 120, Training steps: 750, Loss: 0.127550
Epoch id: 120, Training steps: 1000, Loss: 0.090067
Event: total_right, total_predict, predict_right: 2452, 2955, 1532
Event: precision, recall, and f1: 0.518, 0.625, 0.567
Role: total_right, total_predict, predict_right: 5272, 5755, 1969
Role: precision, recall, and f1: 0.342, 0.373, 0.357
Epoch id: 121, Training steps: 250, Loss: 0.331524
Epoch id: 121, Training steps: 500, Loss: 0.930440
Epoch id: 121, Training steps: 750, Loss: 0.122856
Epoch id: 121, Training steps: 1000, Loss: 0.522751
Epoch id: 122, Training steps: 250, Loss: 0.314048
Epoch id: 122, Training steps: 500, Loss: 0.148666
Epoch id: 122, Training steps: 750, Loss: 0.072217
Epoch id: 122, Training steps: 1000, Loss: 0.179828
Epoch id: 123, Training steps: 250, Loss: 1.601416
Epoch id: 123, Training steps: 500, Loss: 0.223986
Epoch id: 123, Training steps: 750, Loss: 0.583408
Epoch id: 123, Training steps: 1000, Loss: 0.211188
Epoch id: 124, Training steps: 250, Loss: 0.101335
Epoch id: 124, Training steps: 500, Loss: 0.139479
Epoch id: 124, Training steps: 750, Loss: 0.143875
Epoch id: 124, Training steps: 1000, Loss: 0.152921
Epoch id: 125, Training steps: 250, Loss: 0.243139
Epoch id: 125, Training steps: 500, Loss: 0.667211
Epoch id: 125, Training steps: 750, Loss: 0.809117
Epoch id: 125, Training steps: 1000, Loss: 0.118948
Epoch id: 126, Training steps: 250, Loss: 2.118212
Epoch id: 126, Training steps: 500, Loss: 0.590279
Epoch id: 126, Training steps: 750, Loss: 0.426841
Epoch id: 126, Training steps: 1000, Loss: 0.405483
Epoch id: 127, Training steps: 250, Loss: 0.164654
Epoch id: 127, Training steps: 500, Loss: 0.049632
Epoch id: 127, Training steps: 750, Loss: 0.373009
Epoch id: 127, Training steps: 1000, Loss: 0.282995
Epoch id: 128, Training steps: 250, Loss: 0.897759
Epoch id: 128, Training steps: 500, Loss: 0.197644
Epoch id: 128, Training steps: 750, Loss: 0.208448
Epoch id: 128, Training steps: 1000, Loss: 0.351261
Epoch id: 129, Training steps: 250, Loss: 0.870646
Epoch id: 129, Training steps: 500, Loss: 0.147471
Epoch id: 129, Training steps: 750, Loss: 0.390562
Epoch id: 129, Training steps: 1000, Loss: 0.038910
Epoch id: 130, Training steps: 250, Loss: 0.254395
Epoch id: 130, Training steps: 500, Loss: 0.659913
Epoch id: 130, Training steps: 750, Loss: 0.252964
Epoch id: 130, Training steps: 1000, Loss: 0.322100
Epoch id: 131, Training steps: 250, Loss: 0.356737
Epoch id: 131, Training steps: 500, Loss: 0.500216
Epoch id: 131, Training steps: 750, Loss: 0.353030
Epoch id: 131, Training steps: 1000, Loss: 0.213951
Epoch id: 132, Training steps: 250, Loss: 0.382908
Epoch id: 132, Training steps: 500, Loss: 0.027967
Epoch id: 132, Training steps: 750, Loss: 1.495148
Epoch id: 132, Training steps: 1000, Loss: 0.046824
Epoch id: 133, Training steps: 250, Loss: 0.035003
Epoch id: 133, Training steps: 500, Loss: 0.195154
Epoch id: 133, Training steps: 750, Loss: 0.076550
Epoch id: 133, Training steps: 1000, Loss: 0.286846
Epoch id: 134, Training steps: 250, Loss: 0.185568
Epoch id: 134, Training steps: 500, Loss: 0.100563
Epoch id: 134, Training steps: 750, Loss: 0.507938
Epoch id: 134, Training steps: 1000, Loss: 0.090788
Epoch id: 135, Training steps: 250, Loss: 0.316804
Epoch id: 135, Training steps: 500, Loss: 0.235166
Epoch id: 135, Training steps: 750, Loss: 0.170403
Epoch id: 135, Training steps: 1000, Loss: 0.951541
Epoch id: 136, Training steps: 250, Loss: 0.019368
Epoch id: 136, Training steps: 500, Loss: 0.218115
Epoch id: 136, Training steps: 750, Loss: 0.325368
Epoch id: 136, Training steps: 1000, Loss: 0.205764
Epoch id: 137, Training steps: 250, Loss: 0.806591
Epoch id: 137, Training steps: 500, Loss: 0.154071
Epoch id: 137, Training steps: 750, Loss: 0.278696
Epoch id: 137, Training steps: 1000, Loss: 0.156150
Epoch id: 138, Training steps: 250, Loss: 0.266269
Epoch id: 138, Training steps: 500, Loss: 0.491761
Epoch id: 138, Training steps: 750, Loss: 0.416377
Epoch id: 138, Training steps: 1000, Loss: 0.106839
Epoch id: 139, Training steps: 250, Loss: 1.156690
Epoch id: 139, Training steps: 500, Loss: 0.484026
Epoch id: 139, Training steps: 750, Loss: 0.203441
Epoch id: 139, Training steps: 1000, Loss: 0.082163
Epoch id: 140, Training steps: 250, Loss: 0.155820
Epoch id: 140, Training steps: 500, Loss: 0.198920
Epoch id: 140, Training steps: 750, Loss: 0.193024
Epoch id: 140, Training steps: 1000, Loss: 0.174854
Event: total_right, total_predict, predict_right: 2452, 3026, 1559
Event: precision, recall, and f1: 0.515, 0.636, 0.569
Role: total_right, total_predict, predict_right: 5272, 5914, 1997
Role: precision, recall, and f1: 0.338, 0.379, 0.357
Epoch id: 141, Training steps: 250, Loss: 0.592433
Epoch id: 141, Training steps: 500, Loss: 0.209747
Epoch id: 141, Training steps: 750, Loss: 0.468122
Epoch id: 141, Training steps: 1000, Loss: 0.275799
Epoch id: 142, Training steps: 250, Loss: 0.357786
Epoch id: 142, Training steps: 500, Loss: 0.058451
Epoch id: 142, Training steps: 750, Loss: 0.042441
Epoch id: 142, Training steps: 1000, Loss: 0.296058
Epoch id: 143, Training steps: 250, Loss: 0.120345
Epoch id: 143, Training steps: 500, Loss: 0.148124
Epoch id: 143, Training steps: 750, Loss: 0.170641
Epoch id: 143, Training steps: 1000, Loss: 0.398040
Epoch id: 144, Training steps: 250, Loss: 0.043457
Epoch id: 144, Training steps: 500, Loss: 0.424544
Epoch id: 144, Training steps: 750, Loss: 0.228071
Epoch id: 144, Training steps: 1000, Loss: 0.081995
Epoch id: 145, Training steps: 250, Loss: 0.064403
Epoch id: 145, Training steps: 500, Loss: 0.124620
Epoch id: 145, Training steps: 750, Loss: 0.223855
Epoch id: 145, Training steps: 1000, Loss: 0.081675
Epoch id: 146, Training steps: 250, Loss: 0.365226
Epoch id: 146, Training steps: 500, Loss: 0.274271
Epoch id: 146, Training steps: 750, Loss: 0.477392
Epoch id: 146, Training steps: 1000, Loss: 0.199450
Epoch id: 147, Training steps: 250, Loss: 0.777064
Epoch id: 147, Training steps: 500, Loss: 0.046302
Epoch id: 147, Training steps: 750, Loss: 0.238976
Epoch id: 147, Training steps: 1000, Loss: 0.107289
Epoch id: 148, Training steps: 250, Loss: 0.058430
Epoch id: 148, Training steps: 500, Loss: 0.177431
Epoch id: 148, Training steps: 750, Loss: 0.025086
Epoch id: 148, Training steps: 1000, Loss: 0.072730
Epoch id: 149, Training steps: 250, Loss: 0.645598
Epoch id: 149, Training steps: 500, Loss: 0.056324
Epoch id: 149, Training steps: 750, Loss: 0.434070
Epoch id: 149, Training steps: 1000, Loss: 0.381707
Epoch id: 150, Training steps: 250, Loss: 0.255343
Epoch id: 150, Training steps: 500, Loss: 0.109359
Epoch id: 150, Training steps: 750, Loss: 0.796920
Epoch id: 150, Training steps: 1000, Loss: 0.086557
Epoch id: 151, Training steps: 250, Loss: 0.380150
Epoch id: 151, Training steps: 500, Loss: 0.095903
Epoch id: 151, Training steps: 750, Loss: 0.213228
Epoch id: 151, Training steps: 1000, Loss: 0.915432
Epoch id: 152, Training steps: 250, Loss: 0.094490
Epoch id: 152, Training steps: 500, Loss: 0.082223
Epoch id: 152, Training steps: 750, Loss: 0.062882
Epoch id: 152, Training steps: 1000, Loss: 0.391126
Epoch id: 153, Training steps: 250, Loss: 0.198222
Epoch id: 153, Training steps: 500, Loss: 0.056715
Epoch id: 153, Training steps: 750, Loss: 0.017864
Epoch id: 153, Training steps: 1000, Loss: 0.074823
Epoch id: 154, Training steps: 250, Loss: 0.193577
Epoch id: 154, Training steps: 500, Loss: 0.321369
Epoch id: 154, Training steps: 750, Loss: 0.059594
Epoch id: 154, Training steps: 1000, Loss: 0.196847
Epoch id: 155, Training steps: 250, Loss: 0.044257
Epoch id: 155, Training steps: 500, Loss: 0.139862
Epoch id: 155, Training steps: 750, Loss: 0.052727
Epoch id: 155, Training steps: 1000, Loss: 0.057791
Epoch id: 156, Training steps: 250, Loss: 0.182527
Epoch id: 156, Training steps: 500, Loss: 0.124127
Epoch id: 156, Training steps: 750, Loss: 0.017904
Epoch id: 156, Training steps: 1000, Loss: 0.055140
Epoch id: 157, Training steps: 250, Loss: 0.079261
Epoch id: 157, Training steps: 500, Loss: 0.019457
Epoch id: 157, Training steps: 750, Loss: 0.090414
Epoch id: 157, Training steps: 1000, Loss: 0.120620
Epoch id: 158, Training steps: 250, Loss: 0.425981
Epoch id: 158, Training steps: 500, Loss: 0.191877
Epoch id: 158, Training steps: 750, Loss: 0.629800
Epoch id: 158, Training steps: 1000, Loss: 0.020581
Epoch id: 159, Training steps: 250, Loss: 0.020806
Epoch id: 159, Training steps: 500, Loss: 0.338546
Epoch id: 159, Training steps: 750, Loss: 0.038815
Epoch id: 159, Training steps: 1000, Loss: 0.260912
Epoch id: 160, Training steps: 250, Loss: 0.042700
Epoch id: 160, Training steps: 500, Loss: 0.107454
Epoch id: 160, Training steps: 750, Loss: 0.034779
Epoch id: 160, Training steps: 1000, Loss: 0.125047
Event: total_right, total_predict, predict_right: 2452, 2811, 1555
Event: precision, recall, and f1: 0.553, 0.634, 0.591
Role: total_right, total_predict, predict_right: 5272, 5385, 2017
Role: precision, recall, and f1: 0.375, 0.383, 0.379
Epoch id: 161, Training steps: 250, Loss: 0.287943
Epoch id: 161, Training steps: 500, Loss: 0.043311
Epoch id: 161, Training steps: 750, Loss: 0.085852
Epoch id: 161, Training steps: 1000, Loss: 0.688264
Epoch id: 162, Training steps: 250, Loss: 0.119603
Epoch id: 162, Training steps: 500, Loss: 0.236347
Epoch id: 162, Training steps: 750, Loss: 0.041959
Epoch id: 162, Training steps: 1000, Loss: 0.029070
Epoch id: 163, Training steps: 250, Loss: 0.039901
Epoch id: 163, Training steps: 500, Loss: 0.169007
Epoch id: 163, Training steps: 750, Loss: 0.019805
Epoch id: 163, Training steps: 1000, Loss: 0.028993
Epoch id: 164, Training steps: 250, Loss: 1.448687
Epoch id: 164, Training steps: 500, Loss: 0.076416
Epoch id: 164, Training steps: 750, Loss: 0.065721
Epoch id: 164, Training steps: 1000, Loss: 0.803441
Epoch id: 165, Training steps: 250, Loss: 0.077652
Epoch id: 165, Training steps: 500, Loss: 0.224380
Epoch id: 165, Training steps: 750, Loss: 0.150288
Epoch id: 165, Training steps: 1000, Loss: 0.137859
Epoch id: 166, Training steps: 250, Loss: 0.044854
Epoch id: 166, Training steps: 500, Loss: 0.021639
Epoch id: 166, Training steps: 750, Loss: 0.075048
Epoch id: 166, Training steps: 1000, Loss: 0.034452
Epoch id: 167, Training steps: 250, Loss: 0.102195
Epoch id: 167, Training steps: 500, Loss: 0.170565
Epoch id: 167, Training steps: 750, Loss: 0.123259
Epoch id: 167, Training steps: 1000, Loss: 0.194127
Epoch id: 168, Training steps: 250, Loss: 0.060821
Epoch id: 168, Training steps: 500, Loss: 0.060591
Epoch id: 168, Training steps: 750, Loss: 0.133623
Epoch id: 168, Training steps: 1000, Loss: 0.501541
Epoch id: 169, Training steps: 250, Loss: 0.019100
Epoch id: 169, Training steps: 500, Loss: 0.162802
Epoch id: 169, Training steps: 750, Loss: 0.088244
Epoch id: 169, Training steps: 1000, Loss: 0.026303
Epoch id: 170, Training steps: 250, Loss: 0.044825
Epoch id: 170, Training steps: 500, Loss: 0.096552
Epoch id: 170, Training steps: 750, Loss: 0.100484
Epoch id: 170, Training steps: 1000, Loss: 0.052456
Epoch id: 171, Training steps: 250, Loss: 0.009922
Epoch id: 171, Training steps: 500, Loss: 1.335366
Epoch id: 171, Training steps: 750, Loss: 0.030320
Epoch id: 171, Training steps: 1000, Loss: 0.261317
Epoch id: 172, Training steps: 250, Loss: 0.031150
Epoch id: 172, Training steps: 500, Loss: 0.049709
Epoch id: 172, Training steps: 750, Loss: 0.058655
Epoch id: 172, Training steps: 1000, Loss: 0.127470
Epoch id: 173, Training steps: 250, Loss: 0.034318
Epoch id: 173, Training steps: 500, Loss: 0.304049
Epoch id: 173, Training steps: 750, Loss: 0.044091
Epoch id: 173, Training steps: 1000, Loss: 0.123217
Epoch id: 174, Training steps: 250, Loss: 0.114909
Epoch id: 174, Training steps: 500, Loss: 0.383817
Epoch id: 174, Training steps: 750, Loss: 0.039767
Epoch id: 174, Training steps: 1000, Loss: 0.010788
Epoch id: 175, Training steps: 250, Loss: 0.012455
Epoch id: 175, Training steps: 500, Loss: 0.016738
Epoch id: 175, Training steps: 750, Loss: 0.079022
Epoch id: 175, Training steps: 1000, Loss: 0.064880
Epoch id: 176, Training steps: 250, Loss: 0.034906
Epoch id: 176, Training steps: 500, Loss: 0.170721
Epoch id: 176, Training steps: 750, Loss: 0.063203
Epoch id: 176, Training steps: 1000, Loss: 0.134422
Epoch id: 177, Training steps: 250, Loss: 0.039864
Epoch id: 177, Training steps: 500, Loss: 0.218811
Epoch id: 177, Training steps: 750, Loss: 0.071676
Epoch id: 177, Training steps: 1000, Loss: 0.187238
Epoch id: 178, Training steps: 250, Loss: 0.012316
Epoch id: 178, Training steps: 500, Loss: 0.210108
Epoch id: 178, Training steps: 750, Loss: 0.036530
Epoch id: 178, Training steps: 1000, Loss: 0.045545
Epoch id: 179, Training steps: 250, Loss: 0.178765
Epoch id: 179, Training steps: 500, Loss: 0.033901
Epoch id: 179, Training steps: 750, Loss: 0.139073
Epoch id: 179, Training steps: 1000, Loss: 0.051622
Epoch id: 180, Training steps: 250, Loss: 0.014590
Epoch id: 180, Training steps: 500, Loss: 0.344108
Epoch id: 180, Training steps: 750, Loss: 0.044408
Epoch id: 180, Training steps: 1000, Loss: 0.131477
Event: total_right, total_predict, predict_right: 2452, 2770, 1529
Event: precision, recall, and f1: 0.552, 0.624, 0.586
Role: total_right, total_predict, predict_right: 5272, 5291, 1995
Role: precision, recall, and f1: 0.377, 0.378, 0.378
Epoch id: 181, Training steps: 250, Loss: 0.018940
Epoch id: 181, Training steps: 500, Loss: 0.091983
Epoch id: 181, Training steps: 750, Loss: 0.313019
Epoch id: 181, Training steps: 1000, Loss: 0.021347
Epoch id: 182, Training steps: 250, Loss: 0.032534
Epoch id: 182, Training steps: 500, Loss: 0.142948
Epoch id: 182, Training steps: 750, Loss: 0.110351
Epoch id: 182, Training steps: 1000, Loss: 0.019145
Epoch id: 183, Training steps: 250, Loss: 0.094276
Epoch id: 183, Training steps: 500, Loss: 0.123720
Epoch id: 183, Training steps: 750, Loss: 0.085597
Epoch id: 183, Training steps: 1000, Loss: 0.057963
Epoch id: 184, Training steps: 250, Loss: 0.108973
Epoch id: 184, Training steps: 500, Loss: 0.042353
Epoch id: 184, Training steps: 750, Loss: 0.161221
Epoch id: 184, Training steps: 1000, Loss: 0.293834
Epoch id: 185, Training steps: 250, Loss: 0.025516
Epoch id: 185, Training steps: 500, Loss: 0.017002
Epoch id: 185, Training steps: 750, Loss: 0.069715
Epoch id: 185, Training steps: 1000, Loss: 0.191157
Epoch id: 186, Training steps: 250, Loss: 0.329115
Epoch id: 186, Training steps: 500, Loss: 0.129281
Epoch id: 186, Training steps: 750, Loss: 0.041004
Epoch id: 186, Training steps: 1000, Loss: 0.066958
Epoch id: 187, Training steps: 250, Loss: 0.041631
Epoch id: 187, Training steps: 500, Loss: 0.367719
Epoch id: 187, Training steps: 750, Loss: 0.075001
Epoch id: 187, Training steps: 1000, Loss: 0.036651
Epoch id: 188, Training steps: 250, Loss: 0.061769
Epoch id: 188, Training steps: 500, Loss: 0.409814
Epoch id: 188, Training steps: 750, Loss: 0.101769
Epoch id: 188, Training steps: 1000, Loss: 0.030470
Epoch id: 189, Training steps: 250, Loss: 0.014047
Epoch id: 189, Training steps: 500, Loss: 0.170733
Epoch id: 189, Training steps: 750, Loss: 0.008937
Epoch id: 189, Training steps: 1000, Loss: 0.245998
Epoch id: 190, Training steps: 250, Loss: 0.113724
Epoch id: 190, Training steps: 500, Loss: 0.054750
Epoch id: 190, Training steps: 750, Loss: 0.012743
Epoch id: 190, Training steps: 1000, Loss: 0.069473
Epoch id: 191, Training steps: 250, Loss: 0.106800
Epoch id: 191, Training steps: 500, Loss: 0.077223
Epoch id: 191, Training steps: 750, Loss: 0.043946
Epoch id: 191, Training steps: 1000, Loss: 0.020105
Epoch id: 192, Training steps: 250, Loss: 0.057831
Epoch id: 192, Training steps: 500, Loss: 0.021321
Epoch id: 192, Training steps: 750, Loss: 0.138413
Epoch id: 192, Training steps: 1000, Loss: 0.030620
Epoch id: 193, Training steps: 250, Loss: 0.050438
Epoch id: 193, Training steps: 500, Loss: 0.063739
Epoch id: 193, Training steps: 750, Loss: 0.042188
Epoch id: 193, Training steps: 1000, Loss: 0.011602
Epoch id: 194, Training steps: 250, Loss: 0.227578
Epoch id: 194, Training steps: 500, Loss: 0.051396
Epoch id: 194, Training steps: 750, Loss: 0.624524
Epoch id: 194, Training steps: 1000, Loss: 0.294308
Epoch id: 195, Training steps: 250, Loss: 0.067369
Epoch id: 195, Training steps: 500, Loss: 0.425819
Epoch id: 195, Training steps: 750, Loss: 0.072250
Epoch id: 195, Training steps: 1000, Loss: 0.162605
Epoch id: 196, Training steps: 250, Loss: 0.169569
Epoch id: 196, Training steps: 500, Loss: 0.078624
Epoch id: 196, Training steps: 750, Loss: 0.051542
Epoch id: 196, Training steps: 1000, Loss: 0.081318
Epoch id: 197, Training steps: 250, Loss: 0.084485
Epoch id: 197, Training steps: 500, Loss: 0.129167
Epoch id: 197, Training steps: 750, Loss: 0.018330
Epoch id: 197, Training steps: 1000, Loss: 0.113246
Epoch id: 198, Training steps: 250, Loss: 0.033719
Epoch id: 198, Training steps: 500, Loss: 0.013879
Epoch id: 198, Training steps: 750, Loss: 0.093304
Epoch id: 198, Training steps: 1000, Loss: 0.146550
Epoch id: 199, Training steps: 250, Loss: 0.013843
Epoch id: 199, Training steps: 500, Loss: 0.026398
Epoch id: 199, Training steps: 750, Loss: 0.095881
Epoch id: 199, Training steps: 1000, Loss: 0.052395
Epoch id: 200, Training steps: 250, Loss: 0.314090
Epoch id: 200, Training steps: 500, Loss: 0.349526
Epoch id: 200, Training steps: 750, Loss: 0.085940
Epoch id: 200, Training steps: 1000, Loss: 0.072113
Event: total_right, total_predict, predict_right: 2452, 2769, 1533
Event: precision, recall, and f1: 0.554, 0.625, 0.587
Role: total_right, total_predict, predict_right: 5272, 5246, 1982
Role: precision, recall, and f1: 0.378, 0.376, 0.377
Start evaluation.
Preprocessing dataset...
Event: total_right, total_predict, predict_right: 1598, 1714, 1426
Event: precision, recall, and f1: 0.832, 0.892, 0.861
Role: total_right, total_predict, predict_right: 3460, 3815, 2204
Role: precision, recall, and f1: 0.578, 0.637, 0.606
weight:  tensor([ 1.,  0., 50., 50., 50., 50., 50., 50., 50., 50., 50., 50., 50., 50.,
        50., 50., 50., 50., 50., 50., 50., 50., 50., 50., 50., 50.],
       device='cuda:0')
4 GPUs are available. Let's use them.
--------------- The 2-th fold as the validation set... ---------------
Epoch id: 1, Training steps: 250, Loss: 704.327576
Epoch id: 1, Training steps: 500, Loss: 787.027588
Epoch id: 1, Training steps: 750, Loss: 613.801453
Epoch id: 1, Training steps: 1000, Loss: 224.782303
Epoch id: 2, Training steps: 250, Loss: 252.483490
Epoch id: 2, Training steps: 500, Loss: 119.774223
Epoch id: 2, Training steps: 750, Loss: 187.433685
Epoch id: 2, Training steps: 1000, Loss: 187.436920
Epoch id: 3, Training steps: 250, Loss: 134.997345
Epoch id: 3, Training steps: 500, Loss: 100.322746
Epoch id: 3, Training steps: 750, Loss: 83.668007
Epoch id: 3, Training steps: 1000, Loss: 104.497368
Epoch id: 4, Training steps: 250, Loss: 141.296829
Epoch id: 4, Training steps: 500, Loss: 108.517525
Epoch id: 4, Training steps: 750, Loss: 107.402420
Epoch id: 4, Training steps: 1000, Loss: 65.995491
Epoch id: 5, Training steps: 250, Loss: 154.362762
Epoch id: 5, Training steps: 500, Loss: 112.847351
Epoch id: 5, Training steps: 750, Loss: 102.740303
Epoch id: 5, Training steps: 1000, Loss: 155.047714
Epoch id: 6, Training steps: 250, Loss: 79.809532
Epoch id: 6, Training steps: 500, Loss: 120.174583
Epoch id: 6, Training steps: 750, Loss: 132.208649
Epoch id: 6, Training steps: 1000, Loss: 149.174362
Epoch id: 7, Training steps: 250, Loss: 114.369347
Epoch id: 7, Training steps: 500, Loss: 60.685520
Epoch id: 7, Training steps: 750, Loss: 75.126793
Epoch id: 7, Training steps: 1000, Loss: 78.979431
Epoch id: 8, Training steps: 250, Loss: 52.232670
Epoch id: 8, Training steps: 500, Loss: 54.170071
Epoch id: 8, Training steps: 750, Loss: 72.051445
Epoch id: 8, Training steps: 1000, Loss: 58.930416
Epoch id: 9, Training steps: 250, Loss: 68.077820
Epoch id: 9, Training steps: 500, Loss: 81.423325
Epoch id: 9, Training steps: 750, Loss: 63.065887
Epoch id: 9, Training steps: 1000, Loss: 67.216835
Epoch id: 10, Training steps: 250, Loss: 52.830410
Epoch id: 10, Training steps: 500, Loss: 28.065905
Epoch id: 10, Training steps: 750, Loss: 51.412987
Epoch id: 10, Training steps: 1000, Loss: 58.932629
Epoch id: 11, Training steps: 250, Loss: 70.041481
Epoch id: 11, Training steps: 500, Loss: 52.705063
Epoch id: 11, Training steps: 750, Loss: 45.732510
Epoch id: 11, Training steps: 1000, Loss: 52.145199
Epoch id: 12, Training steps: 250, Loss: 22.218882
Epoch id: 12, Training steps: 500, Loss: 47.897980
Epoch id: 12, Training steps: 750, Loss: 37.687386
Epoch id: 12, Training steps: 1000, Loss: 74.312859
Epoch id: 13, Training steps: 250, Loss: 41.224953
Epoch id: 13, Training steps: 500, Loss: 42.593857
Epoch id: 13, Training steps: 750, Loss: 62.786938
Epoch id: 13, Training steps: 1000, Loss: 13.355674
Epoch id: 14, Training steps: 250, Loss: 15.524743
