nohup: ignoring input
Start training.
--------------- The 1-th fold as the validation set... ---------------
Cascade_Binary: Preprocessing dataset...
Data length:  11314
Epoch id: 1, Training steps: 250, Loss: 2.989593
Epoch id: 1, Training steps: 500, Loss: 2.756994
Epoch id: 1, Training steps: 750, Loss: 2.551084
Epoch id: 1, Training steps: 1000, Loss: 2.431893
Epoch id: 1, Training steps: 1250, Loss: 2.323040
Epoch id: 2, Training steps: 250, Loss: 3.704777
Epoch id: 2, Training steps: 500, Loss: 2.141972
Epoch id: 2, Training steps: 750, Loss: 2.050078
Epoch id: 2, Training steps: 1000, Loss: 1.944762
Epoch id: 2, Training steps: 1250, Loss: 1.832058
Epoch id: 3, Training steps: 250, Loss: 2.789057
Epoch id: 3, Training steps: 500, Loss: 1.551254
Epoch id: 3, Training steps: 750, Loss: 1.477851
Epoch id: 3, Training steps: 1000, Loss: 1.415743
Epoch id: 3, Training steps: 1250, Loss: 1.366564
Epoch id: 4, Training steps: 250, Loss: 2.188840
Epoch id: 4, Training steps: 500, Loss: 1.271523
Epoch id: 4, Training steps: 750, Loss: 1.247172
Epoch id: 4, Training steps: 1000, Loss: 1.223363
Epoch id: 4, Training steps: 1250, Loss: 1.205877
Epoch id: 5, Training steps: 250, Loss: 1.947852
Epoch id: 5, Training steps: 500, Loss: 1.163724
Epoch id: 5, Training steps: 750, Loss: 1.141854
Epoch id: 5, Training steps: 1000, Loss: 1.120086
Epoch id: 5, Training steps: 1250, Loss: 1.127750
Epoch id: 6, Training steps: 250, Loss: 1.830606
Epoch id: 6, Training steps: 500, Loss: 1.102175
Epoch id: 6, Training steps: 750, Loss: 1.075296
Epoch id: 6, Training steps: 1000, Loss: 1.078309
Epoch id: 6, Training steps: 1250, Loss: 1.072492
Epoch id: 7, Training steps: 250, Loss: 1.747440
Epoch id: 7, Training steps: 500, Loss: 1.044520
Epoch id: 7, Training steps: 750, Loss: 1.040149
Epoch id: 7, Training steps: 1000, Loss: 1.055925
Epoch id: 7, Training steps: 1250, Loss: 1.055767
Epoch id: 8, Training steps: 250, Loss: 1.694026
Epoch id: 8, Training steps: 500, Loss: 1.028979
Epoch id: 8, Training steps: 750, Loss: 1.025851
Epoch id: 8, Training steps: 1000, Loss: 1.017937
Epoch id: 8, Training steps: 1250, Loss: 1.013899
Epoch id: 9, Training steps: 250, Loss: 1.673019
Epoch id: 9, Training steps: 500, Loss: 1.003006
Epoch id: 9, Training steps: 750, Loss: 0.995172
Epoch id: 9, Training steps: 1000, Loss: 0.994951
Epoch id: 9, Training steps: 1250, Loss: 1.000867
Epoch id: 10, Training steps: 250, Loss: 1.656012
Epoch id: 10, Training steps: 500, Loss: 0.987860
Epoch id: 10, Training steps: 750, Loss: 0.976701
Epoch id: 10, Training steps: 1000, Loss: 0.994784
Epoch id: 10, Training steps: 1250, Loss: 0.984334
Epoch id: 11, Training steps: 250, Loss: 1.622376
Epoch id: 11, Training steps: 500, Loss: 0.968385
Epoch id: 11, Training steps: 750, Loss: 0.975190
Epoch id: 11, Training steps: 1000, Loss: 0.969204
Epoch id: 11, Training steps: 1250, Loss: 0.987822
Epoch id: 12, Training steps: 250, Loss: 1.610020
Epoch id: 12, Training steps: 500, Loss: 0.956907
Epoch id: 12, Training steps: 750, Loss: 0.956486
Epoch id: 12, Training steps: 1000, Loss: 0.964061
Epoch id: 12, Training steps: 1250, Loss: 0.958414
Epoch id: 13, Training steps: 250, Loss: 1.580470
Epoch id: 13, Training steps: 500, Loss: 0.960167
Epoch id: 13, Training steps: 750, Loss: 0.950172
Epoch id: 13, Training steps: 1000, Loss: 0.959509
Epoch id: 13, Training steps: 1250, Loss: 0.962531
Epoch id: 14, Training steps: 250, Loss: 1.580143
Epoch id: 14, Training steps: 500, Loss: 0.940722
Epoch id: 14, Training steps: 750, Loss: 0.940697
Epoch id: 14, Training steps: 1000, Loss: 0.949654
Epoch id: 14, Training steps: 1250, Loss: 0.954569
Epoch id: 15, Training steps: 250, Loss: 1.564656
Epoch id: 15, Training steps: 500, Loss: 0.935900
Epoch id: 15, Training steps: 750, Loss: 0.927850
Epoch id: 15, Training steps: 1000, Loss: 0.932939
Epoch id: 15, Training steps: 1250, Loss: 0.947284
Epoch id: 16, Training steps: 250, Loss: 1.555431
Epoch id: 16, Training steps: 500, Loss: 0.935481
Epoch id: 16, Training steps: 750, Loss: 0.935064
Epoch id: 16, Training steps: 1000, Loss: 0.930641
Epoch id: 16, Training steps: 1250, Loss: 0.925624
Epoch id: 17, Training steps: 250, Loss: 1.537285
Epoch id: 17, Training steps: 500, Loss: 0.946109
Epoch id: 17, Training steps: 750, Loss: 0.931366
Epoch id: 17, Training steps: 1000, Loss: 0.935896
Epoch id: 17, Training steps: 1250, Loss: 0.924785
Epoch id: 18, Training steps: 250, Loss: 1.530606
Epoch id: 18, Training steps: 500, Loss: 0.922205
Epoch id: 18, Training steps: 750, Loss: 0.930587
Epoch id: 18, Training steps: 1000, Loss: 0.911562
Epoch id: 18, Training steps: 1250, Loss: 0.916607
Epoch id: 19, Training steps: 250, Loss: 1.505129
Epoch id: 19, Training steps: 500, Loss: 0.914213
Epoch id: 19, Training steps: 750, Loss: 0.911685
Epoch id: 19, Training steps: 1000, Loss: 0.910828
Epoch id: 19, Training steps: 1250, Loss: 0.902688
Epoch id: 20, Training steps: 250, Loss: 1.480783
Epoch id: 20, Training steps: 500, Loss: 0.894426
Epoch id: 20, Training steps: 750, Loss: 0.890868
Epoch id: 20, Training steps: 1000, Loss: 0.890852
Epoch id: 20, Training steps: 1250, Loss: 0.879883
Epoch id: 21, Training steps: 250, Loss: 1.442517
Epoch id: 21, Training steps: 500, Loss: 0.878936
Epoch id: 21, Training steps: 750, Loss: 0.853962
Epoch id: 21, Training steps: 1000, Loss: 0.853319
Epoch id: 21, Training steps: 1250, Loss: 0.875398
Epoch id: 22, Training steps: 250, Loss: 1.412008
Epoch id: 22, Training steps: 500, Loss: 0.839939
Epoch id: 22, Training steps: 750, Loss: 0.848227
Epoch id: 22, Training steps: 1000, Loss: 0.835064
Epoch id: 22, Training steps: 1250, Loss: 0.839007
Epoch id: 23, Training steps: 250, Loss: 1.387609
Epoch id: 23, Training steps: 500, Loss: 0.823140
Epoch id: 23, Training steps: 750, Loss: 0.810481
Epoch id: 23, Training steps: 1000, Loss: 0.830828
Epoch id: 23, Training steps: 1250, Loss: 0.824583
Epoch id: 24, Training steps: 250, Loss: 1.353158
Epoch id: 24, Training steps: 500, Loss: 0.802588
Epoch id: 24, Training steps: 750, Loss: 0.810546
Epoch id: 24, Training steps: 1000, Loss: 0.809824
Epoch id: 24, Training steps: 1250, Loss: 0.804439
Epoch id: 25, Training steps: 250, Loss: 1.323641
Epoch id: 25, Training steps: 500, Loss: 0.783596
Epoch id: 25, Training steps: 750, Loss: 0.796449
Epoch id: 25, Training steps: 1000, Loss: 0.800972
Epoch id: 25, Training steps: 1250, Loss: 0.777050
Epoch id: 26, Training steps: 250, Loss: 1.287488
Epoch id: 26, Training steps: 500, Loss: 0.779294
Epoch id: 26, Training steps: 750, Loss: 0.780988
Epoch id: 26, Training steps: 1000, Loss: 0.764244
Epoch id: 26, Training steps: 1250, Loss: 0.771342
Epoch id: 27, Training steps: 250, Loss: 1.268729
Epoch id: 27, Training steps: 500, Loss: 0.765295
Epoch id: 27, Training steps: 750, Loss: 0.757729
Epoch id: 27, Training steps: 1000, Loss: 0.757692
Epoch id: 27, Training steps: 1250, Loss: 0.754402
Epoch id: 28, Training steps: 250, Loss: 1.249916
Epoch id: 28, Training steps: 500, Loss: 0.751231
Epoch id: 28, Training steps: 750, Loss: 0.754326
Epoch id: 28, Training steps: 1000, Loss: 0.744683
Epoch id: 28, Training steps: 1250, Loss: 0.738374
Epoch id: 29, Training steps: 250, Loss: 1.254127
Epoch id: 29, Training steps: 500, Loss: 0.737421
Epoch id: 29, Training steps: 750, Loss: 0.732272
Epoch id: 29, Training steps: 1000, Loss: 0.735810
Epoch id: 29, Training steps: 1250, Loss: 0.745001
Epoch id: 30, Training steps: 250, Loss: 1.192069
Epoch id: 30, Training steps: 500, Loss: 0.744651
Epoch id: 30, Training steps: 750, Loss: 0.735346
Epoch id: 30, Training steps: 1000, Loss: 0.731614
Epoch id: 30, Training steps: 1250, Loss: 0.721261
Epoch id: 31, Training steps: 250, Loss: 1.196151
Epoch id: 31, Training steps: 500, Loss: 0.730468
Epoch id: 31, Training steps: 750, Loss: 0.719030
Epoch id: 31, Training steps: 1000, Loss: 0.728174
Epoch id: 31, Training steps: 1250, Loss: 0.714059
Epoch id: 32, Training steps: 250, Loss: 1.166934
Epoch id: 32, Training steps: 500, Loss: 0.725366
Epoch id: 32, Training steps: 750, Loss: 0.715637
Epoch id: 32, Training steps: 1000, Loss: 0.717230
Epoch id: 32, Training steps: 1250, Loss: 0.708303
Epoch id: 33, Training steps: 250, Loss: 1.175037
Epoch id: 33, Training steps: 500, Loss: 0.711338
Epoch id: 33, Training steps: 750, Loss: 0.708778
Epoch id: 33, Training steps: 1000, Loss: 0.697708
Epoch id: 33, Training steps: 1250, Loss: 0.696796
Epoch id: 34, Training steps: 250, Loss: 1.177163
Epoch id: 34, Training steps: 500, Loss: 0.700340
Epoch id: 34, Training steps: 750, Loss: 0.708717
Epoch id: 34, Training steps: 1000, Loss: 0.701184
Epoch id: 34, Training steps: 1250, Loss: 0.697647
Epoch id: 35, Training steps: 250, Loss: 1.173478
Epoch id: 35, Training steps: 500, Loss: 0.687671
Epoch id: 35, Training steps: 750, Loss: 0.703599
Epoch id: 35, Training steps: 1000, Loss: 0.696545
Epoch id: 35, Training steps: 1250, Loss: 0.704509
Epoch id: 36, Training steps: 250, Loss: 1.152454
Epoch id: 36, Training steps: 500, Loss: 0.689085
Epoch id: 36, Training steps: 750, Loss: 0.695785
Epoch id: 36, Training steps: 1000, Loss: 0.678000
Epoch id: 36, Training steps: 1250, Loss: 0.688248
Epoch id: 37, Training steps: 250, Loss: 1.156075
Epoch id: 37, Training steps: 500, Loss: 0.703179
Epoch id: 37, Training steps: 750, Loss: 0.692055
Epoch id: 37, Training steps: 1000, Loss: 0.656824
Epoch id: 37, Training steps: 1250, Loss: 0.689311
Epoch id: 38, Training steps: 250, Loss: 1.130847
Epoch id: 38, Training steps: 500, Loss: 0.684848
Epoch id: 38, Training steps: 750, Loss: 0.687606
Epoch id: 38, Training steps: 1000, Loss: 0.673829
Epoch id: 38, Training steps: 1250, Loss: 0.686601
Epoch id: 39, Training steps: 250, Loss: 1.134500
Epoch id: 39, Training steps: 500, Loss: 0.682252
Epoch id: 39, Training steps: 750, Loss: 0.671935
Epoch id: 39, Training steps: 1000, Loss: 0.692538
Epoch id: 39, Training steps: 1250, Loss: 0.685423
Epoch id: 40, Training steps: 250, Loss: 1.133804
Epoch id: 40, Training steps: 500, Loss: 0.667629
Epoch id: 40, Training steps: 750, Loss: 0.668547
Epoch id: 40, Training steps: 1000, Loss: 0.666104
Epoch id: 40, Training steps: 1250, Loss: 0.666687
Epoch id: 41, Training steps: 250, Loss: 1.121260
Epoch id: 41, Training steps: 500, Loss: 0.679720
Epoch id: 41, Training steps: 750, Loss: 0.662094
Epoch id: 41, Training steps: 1000, Loss: 0.655409
Epoch id: 41, Training steps: 1250, Loss: 0.680917
Epoch id: 42, Training steps: 250, Loss: 1.130972
Epoch id: 42, Training steps: 500, Loss: 0.663391
Epoch id: 42, Training steps: 750, Loss: 0.664366
Epoch id: 42, Training steps: 1000, Loss: 0.679637
Epoch id: 42, Training steps: 1250, Loss: 0.666220
Epoch id: 43, Training steps: 250, Loss: 1.120144
Epoch id: 43, Training steps: 500, Loss: 0.663076
Epoch id: 43, Training steps: 750, Loss: 0.670941
Epoch id: 43, Training steps: 1000, Loss: 0.665337
Epoch id: 43, Training steps: 1250, Loss: 0.667494
Epoch id: 44, Training steps: 250, Loss: 1.084471
Epoch id: 44, Training steps: 500, Loss: 0.679541
Epoch id: 44, Training steps: 750, Loss: 0.672107
Epoch id: 44, Training steps: 1000, Loss: 0.663906
Epoch id: 44, Training steps: 1250, Loss: 0.669265
Epoch id: 45, Training steps: 250, Loss: 1.099953
Epoch id: 45, Training steps: 500, Loss: 0.669120
Epoch id: 45, Training steps: 750, Loss: 0.665096
Epoch id: 45, Training steps: 1000, Loss: 0.659766
Epoch id: 45, Training steps: 1250, Loss: 0.669123
Epoch id: 46, Training steps: 250, Loss: 1.095734
Epoch id: 46, Training steps: 500, Loss: 0.670616
Epoch id: 46, Training steps: 750, Loss: 0.654577
Epoch id: 46, Training steps: 1000, Loss: 0.636162
Epoch id: 46, Training steps: 1250, Loss: 0.673651
Epoch id: 47, Training steps: 250, Loss: 1.088269
Epoch id: 47, Training steps: 500, Loss: 0.664021
Epoch id: 47, Training steps: 750, Loss: 0.668397
Epoch id: 47, Training steps: 1000, Loss: 0.663055
Epoch id: 47, Training steps: 1250, Loss: 0.642773
Epoch id: 48, Training steps: 250, Loss: 1.099429
Epoch id: 48, Training steps: 500, Loss: 0.667584
Epoch id: 48, Training steps: 750, Loss: 0.664581
Epoch id: 48, Training steps: 1000, Loss: 0.647817
Epoch id: 48, Training steps: 1250, Loss: 0.656831
Epoch id: 49, Training steps: 250, Loss: 1.067112
Epoch id: 49, Training steps: 500, Loss: 0.643767
Epoch id: 49, Training steps: 750, Loss: 0.644244
Epoch id: 49, Training steps: 1000, Loss: 0.665984
Epoch id: 49, Training steps: 1250, Loss: 0.650201
Epoch id: 50, Training steps: 250, Loss: 1.089339
Epoch id: 50, Training steps: 500, Loss: 0.642764
Epoch id: 50, Training steps: 750, Loss: 0.652210
Epoch id: 50, Training steps: 1000, Loss: 0.660441
Epoch id: 50, Training steps: 1250, Loss: 0.653609
Epoch id: 51, Training steps: 250, Loss: 1.073803
Epoch id: 51, Training steps: 500, Loss: 0.663311
Epoch id: 51, Training steps: 750, Loss: 0.645399
Epoch id: 51, Training steps: 1000, Loss: 0.655769
Epoch id: 51, Training steps: 1250, Loss: 0.651407
Epoch id: 52, Training steps: 250, Loss: 1.069370
Epoch id: 52, Training steps: 500, Loss: 0.658437
Epoch id: 52, Training steps: 750, Loss: 0.636310
Epoch id: 52, Training steps: 1000, Loss: 0.658049
Epoch id: 52, Training steps: 1250, Loss: 0.660266
Epoch id: 53, Training steps: 250, Loss: 1.071262
Epoch id: 53, Training steps: 500, Loss: 0.648995
Epoch id: 53, Training steps: 750, Loss: 0.646615
Epoch id: 53, Training steps: 1000, Loss: 0.662632
Epoch id: 53, Training steps: 1250, Loss: 0.639694
Epoch id: 54, Training steps: 250, Loss: 1.069896
Epoch id: 54, Training steps: 500, Loss: 0.645996
Epoch id: 54, Training steps: 750, Loss: 0.639828
Epoch id: 54, Training steps: 1000, Loss: 0.647765
Epoch id: 54, Training steps: 1250, Loss: 0.661626
Epoch id: 55, Training steps: 250, Loss: 1.055570
Epoch id: 55, Training steps: 500, Loss: 0.638923
Epoch id: 55, Training steps: 750, Loss: 0.650178
Epoch id: 55, Training steps: 1000, Loss: 0.646167
Epoch id: 55, Training steps: 1250, Loss: 0.635709
Epoch id: 56, Training steps: 250, Loss: 1.060709
Epoch id: 56, Training steps: 500, Loss: 0.633524
Epoch id: 56, Training steps: 750, Loss: 0.652452
Epoch id: 56, Training steps: 1000, Loss: 0.650149
Epoch id: 56, Training steps: 1250, Loss: 0.640658
Epoch id: 57, Training steps: 250, Loss: 1.070004
Epoch id: 57, Training steps: 500, Loss: 0.646338
Epoch id: 57, Training steps: 750, Loss: 0.643253
Epoch id: 57, Training steps: 1000, Loss: 0.639323
Epoch id: 57, Training steps: 1250, Loss: 0.633040
Epoch id: 58, Training steps: 250, Loss: 1.052547
Epoch id: 58, Training steps: 500, Loss: 0.644193
Epoch id: 58, Training steps: 750, Loss: 0.645168
Epoch id: 58, Training steps: 1000, Loss: 0.649637
Epoch id: 58, Training steps: 1250, Loss: 0.630614
Epoch id: 59, Training steps: 250, Loss: 1.063476
Epoch id: 59, Training steps: 500, Loss: 0.643094
Epoch id: 59, Training steps: 750, Loss: 0.651365
Epoch id: 59, Training steps: 1000, Loss: 0.629831
Epoch id: 59, Training steps: 1250, Loss: 0.639108
Epoch id: 60, Training steps: 250, Loss: 1.053462
Epoch id: 60, Training steps: 500, Loss: 0.629421
Epoch id: 60, Training steps: 750, Loss: 0.636990
Epoch id: 60, Training steps: 1000, Loss: 0.639966
Epoch id: 60, Training steps: 1250, Loss: 0.633920
Epoch id: 61, Training steps: 250, Loss: 1.050944
Epoch id: 61, Training steps: 500, Loss: 0.629343
Epoch id: 61, Training steps: 750, Loss: 0.627733
Epoch id: 61, Training steps: 1000, Loss: 0.642838
Epoch id: 61, Training steps: 1250, Loss: 0.642690
Epoch id: 62, Training steps: 250, Loss: 1.060601
Epoch id: 62, Training steps: 500, Loss: 0.625962
Epoch id: 62, Training steps: 750, Loss: 0.634072
Epoch id: 62, Training steps: 1000, Loss: 0.647011
Epoch id: 62, Training steps: 1250, Loss: 0.647739
Epoch id: 63, Training steps: 250, Loss: 1.059802
Epoch id: 63, Training steps: 500, Loss: 0.632879
Epoch id: 63, Training steps: 750, Loss: 0.635380
Epoch id: 63, Training steps: 1000, Loss: 0.631845
Epoch id: 63, Training steps: 1250, Loss: 0.636695
Epoch id: 64, Training steps: 250, Loss: 1.049407
Epoch id: 64, Training steps: 500, Loss: 0.637383
Epoch id: 64, Training steps: 750, Loss: 0.634275
Epoch id: 64, Training steps: 1000, Loss: 0.621252
Epoch id: 64, Training steps: 1250, Loss: 0.638499
Epoch id: 65, Training steps: 250, Loss: 1.041818
Epoch id: 65, Training steps: 500, Loss: 0.628183
Epoch id: 65, Training steps: 750, Loss: 0.629036
Epoch id: 65, Training steps: 1000, Loss: 0.635843
Epoch id: 65, Training steps: 1250, Loss: 0.641540
Epoch id: 66, Training steps: 250, Loss: 1.052463
Epoch id: 66, Training steps: 500, Loss: 0.618278
Epoch id: 66, Training steps: 750, Loss: 0.636695
Epoch id: 66, Training steps: 1000, Loss: 0.609477
Epoch id: 66, Training steps: 1250, Loss: 0.637103
Epoch id: 67, Training steps: 250, Loss: 1.060327
Epoch id: 67, Training steps: 500, Loss: 0.614382
Epoch id: 67, Training steps: 750, Loss: 0.636335
Epoch id: 67, Training steps: 1000, Loss: 0.640269
Epoch id: 67, Training steps: 1250, Loss: 0.628988
Epoch id: 68, Training steps: 250, Loss: 1.040171
Epoch id: 68, Training steps: 500, Loss: 0.640134
Epoch id: 68, Training steps: 750, Loss: 0.621361
Epoch id: 68, Training steps: 1000, Loss: 0.638969
Epoch id: 68, Training steps: 1250, Loss: 0.625304
Epoch id: 69, Training steps: 250, Loss: 1.037636
Epoch id: 69, Training steps: 500, Loss: 0.626138
Epoch id: 69, Training steps: 750, Loss: 0.637130
Epoch id: 69, Training steps: 1000, Loss: 0.628420
Epoch id: 69, Training steps: 1250, Loss: 0.643746
Epoch id: 70, Training steps: 250, Loss: 1.029792
Epoch id: 70, Training steps: 500, Loss: 0.644555
Epoch id: 70, Training steps: 750, Loss: 0.628092
Epoch id: 70, Training steps: 1000, Loss: 0.630023
Epoch id: 70, Training steps: 1250, Loss: 0.629009
Epoch id: 71, Training steps: 250, Loss: 1.054595
Epoch id: 71, Training steps: 500, Loss: 0.621474
Epoch id: 71, Training steps: 750, Loss: 0.638245
Epoch id: 71, Training steps: 1000, Loss: 0.633307
Epoch id: 71, Training steps: 1250, Loss: 0.618484
Epoch id: 72, Training steps: 250, Loss: 1.025439
Epoch id: 72, Training steps: 500, Loss: 0.626191
Epoch id: 72, Training steps: 750, Loss: 0.631081
Epoch id: 72, Training steps: 1000, Loss: 0.627533
Epoch id: 72, Training steps: 1250, Loss: 0.623498
Epoch id: 73, Training steps: 250, Loss: 1.051356
Epoch id: 73, Training steps: 500, Loss: 0.630650
Epoch id: 73, Training steps: 750, Loss: 0.620838
Epoch id: 73, Training steps: 1000, Loss: 0.621893
Epoch id: 73, Training steps: 1250, Loss: 0.628097
Epoch id: 74, Training steps: 250, Loss: 1.039928
Epoch id: 74, Training steps: 500, Loss: 0.634009
Epoch id: 74, Training steps: 750, Loss: 0.633260
Epoch id: 74, Training steps: 1000, Loss: 0.620411
Epoch id: 74, Training steps: 1250, Loss: 0.619744
Epoch id: 75, Training steps: 250, Loss: 1.047712
Epoch id: 75, Training steps: 500, Loss: 0.637180
Epoch id: 75, Training steps: 750, Loss: 0.625780
Epoch id: 75, Training steps: 1000, Loss: 0.636829
Epoch id: 75, Training steps: 1250, Loss: 0.619824
Epoch id: 76, Training steps: 250, Loss: 1.038226
Epoch id: 76, Training steps: 500, Loss: 0.616950
Epoch id: 76, Training steps: 750, Loss: 0.617801
Epoch id: 76, Training steps: 1000, Loss: 0.635028
Epoch id: 76, Training steps: 1250, Loss: 0.623780
Epoch id: 77, Training steps: 250, Loss: 1.040488
Epoch id: 77, Training steps: 500, Loss: 0.606973
Epoch id: 77, Training steps: 750, Loss: 0.621473
Epoch id: 77, Training steps: 1000, Loss: 0.617779
Epoch id: 77, Training steps: 1250, Loss: 0.611944
Epoch id: 78, Training steps: 250, Loss: 1.033817
Epoch id: 78, Training steps: 500, Loss: 0.637077
Epoch id: 78, Training steps: 750, Loss: 0.619342
Epoch id: 78, Training steps: 1000, Loss: 0.626635
Epoch id: 78, Training steps: 1250, Loss: 0.617464
Epoch id: 79, Training steps: 250, Loss: 1.047297
Epoch id: 79, Training steps: 500, Loss: 0.633550
Epoch id: 79, Training steps: 750, Loss: 0.625990
Epoch id: 79, Training steps: 1000, Loss: 0.624114
Epoch id: 79, Training steps: 1250, Loss: 0.629199
Epoch id: 80, Training steps: 250, Loss: 1.033406
Epoch id: 80, Training steps: 500, Loss: 0.619191
Epoch id: 80, Training steps: 750, Loss: 0.611461
Epoch id: 80, Training steps: 1000, Loss: 0.610369
Epoch id: 80, Training steps: 1250, Loss: 0.625107
Epoch id: 81, Training steps: 250, Loss: 1.048590
Epoch id: 81, Training steps: 500, Loss: 0.617409
Epoch id: 81, Training steps: 750, Loss: 0.631437
Epoch id: 81, Training steps: 1000, Loss: 0.611107
Epoch id: 81, Training steps: 1250, Loss: 0.620759
Epoch id: 82, Training steps: 250, Loss: 1.018528
Epoch id: 82, Training steps: 500, Loss: 0.610014
Epoch id: 82, Training steps: 750, Loss: 0.616906
Epoch id: 82, Training steps: 1000, Loss: 0.627396
Epoch id: 82, Training steps: 1250, Loss: 0.641041
Epoch id: 83, Training steps: 250, Loss: 1.027181
Epoch id: 83, Training steps: 500, Loss: 0.632877
Epoch id: 83, Training steps: 750, Loss: 0.607572
Epoch id: 83, Training steps: 1000, Loss: 0.613128
Epoch id: 83, Training steps: 1250, Loss: 0.623999
Epoch id: 84, Training steps: 250, Loss: 1.033832
Epoch id: 84, Training steps: 500, Loss: 0.623132
Epoch id: 84, Training steps: 750, Loss: 0.611292
Epoch id: 84, Training steps: 1000, Loss: 0.632677
Epoch id: 84, Training steps: 1250, Loss: 0.626391
Epoch id: 85, Training steps: 250, Loss: 1.027196
Epoch id: 85, Training steps: 500, Loss: 0.623068
Epoch id: 85, Training steps: 750, Loss: 0.614210
Epoch id: 85, Training steps: 1000, Loss: 0.616442
Epoch id: 85, Training steps: 1250, Loss: 0.622608
Epoch id: 86, Training steps: 250, Loss: 1.043699
Epoch id: 86, Training steps: 500, Loss: 0.600537
Epoch id: 86, Training steps: 750, Loss: 0.617689
Epoch id: 86, Training steps: 1000, Loss: 0.612387
Epoch id: 86, Training steps: 1250, Loss: 0.620770
Epoch id: 87, Training steps: 250, Loss: 1.045060
Epoch id: 87, Training steps: 500, Loss: 0.635965
Epoch id: 87, Training steps: 750, Loss: 0.610505
Epoch id: 87, Training steps: 1000, Loss: 0.616098
Epoch id: 87, Training steps: 1250, Loss: 0.613682
Epoch id: 88, Training steps: 250, Loss: 1.009755
Epoch id: 88, Training steps: 500, Loss: 0.620690
Epoch id: 88, Training steps: 750, Loss: 0.620254
Epoch id: 88, Training steps: 1000, Loss: 0.610119
Epoch id: 88, Training steps: 1250, Loss: 0.616801
Epoch id: 89, Training steps: 250, Loss: 1.027313
Epoch id: 89, Training steps: 500, Loss: 0.627975
Epoch id: 89, Training steps: 750, Loss: 0.622722
Epoch id: 89, Training steps: 1000, Loss: 0.630248
Epoch id: 89, Training steps: 1250, Loss: 0.618297
Epoch id: 90, Training steps: 250, Loss: 1.021145
Epoch id: 90, Training steps: 500, Loss: 0.620043
Epoch id: 90, Training steps: 750, Loss: 0.615991
Epoch id: 90, Training steps: 1000, Loss: 0.622158
Epoch id: 90, Training steps: 1250, Loss: 0.621723
Epoch id: 91, Training steps: 250, Loss: 1.028666
Epoch id: 91, Training steps: 500, Loss: 0.611501
Epoch id: 91, Training steps: 750, Loss: 0.633704
Epoch id: 91, Training steps: 1000, Loss: 0.624344
Epoch id: 91, Training steps: 1250, Loss: 0.623644
Epoch id: 92, Training steps: 250, Loss: 1.032262
Epoch id: 92, Training steps: 500, Loss: 0.613651
Epoch id: 92, Training steps: 750, Loss: 0.615514
Epoch id: 92, Training steps: 1000, Loss: 0.630816
Epoch id: 92, Training steps: 1250, Loss: 0.619737
Epoch id: 93, Training steps: 250, Loss: 1.030541
Epoch id: 93, Training steps: 500, Loss: 0.620710
Epoch id: 93, Training steps: 750, Loss: 0.615163
Epoch id: 93, Training steps: 1000, Loss: 0.618260
Epoch id: 93, Training steps: 1250, Loss: 0.614042
Epoch id: 94, Training steps: 250, Loss: 1.011360
Epoch id: 94, Training steps: 500, Loss: 0.616418
Epoch id: 94, Training steps: 750, Loss: 0.616949
Epoch id: 94, Training steps: 1000, Loss: 0.618919
Epoch id: 94, Training steps: 1250, Loss: 0.609227
Epoch id: 95, Training steps: 250, Loss: 1.013987
Epoch id: 95, Training steps: 500, Loss: 0.616653
Epoch id: 95, Training steps: 750, Loss: 0.605911
Epoch id: 95, Training steps: 1000, Loss: 0.622415
Epoch id: 95, Training steps: 1250, Loss: 0.636380
Epoch id: 96, Training steps: 250, Loss: 1.021589
Epoch id: 96, Training steps: 500, Loss: 0.617806
Epoch id: 96, Training steps: 750, Loss: 0.623694
Epoch id: 96, Training steps: 1000, Loss: 0.618036
Epoch id: 96, Training steps: 1250, Loss: 0.626864
Epoch id: 97, Training steps: 250, Loss: 1.017719
Epoch id: 97, Training steps: 500, Loss: 0.605510
Epoch id: 97, Training steps: 750, Loss: 0.612743
Epoch id: 97, Training steps: 1000, Loss: 0.611461
Epoch id: 97, Training steps: 1250, Loss: 0.611002
Epoch id: 98, Training steps: 250, Loss: 1.015800
Epoch id: 98, Training steps: 500, Loss: 0.610336
Epoch id: 98, Training steps: 750, Loss: 0.604229
Epoch id: 98, Training steps: 1000, Loss: 0.603235
Epoch id: 98, Training steps: 1250, Loss: 0.627544
Epoch id: 99, Training steps: 250, Loss: 1.023603
Epoch id: 99, Training steps: 500, Loss: 0.606565
Epoch id: 99, Training steps: 750, Loss: 0.608548
Epoch id: 99, Training steps: 1000, Loss: 0.623695
Epoch id: 99, Training steps: 1250, Loss: 0.623138
Epoch id: 100, Training steps: 250, Loss: 1.042524
Epoch id: 100, Training steps: 500, Loss: 0.611165
Epoch id: 100, Training steps: 750, Loss: 0.603600
Epoch id: 100, Training steps: 1000, Loss: 0.613359
Epoch id: 100, Training steps: 1250, Loss: 0.624016
Event: total_right, total_predict, predict_right: 5002, 66556, 2287
Event: precision, recall, and f1: 0.034, 0.457, 0.064
Role: total_right, total_predict, predict_right: 5354, 1392411, 33
Role: precision, recall, and f1: 0.000, 0.006, 0.000
Saving middle model...
Epoch id: 101, Training steps: 250, Loss: 1.031626
Epoch id: 101, Training steps: 500, Loss: 0.615373
Epoch id: 101, Training steps: 750, Loss: 0.599020
Epoch id: 101, Training steps: 1000, Loss: 0.609146
Epoch id: 101, Training steps: 1250, Loss: 0.630587
Epoch id: 102, Training steps: 250, Loss: 1.027761
Epoch id: 102, Training steps: 500, Loss: 0.614412
Epoch id: 102, Training steps: 750, Loss: 0.626246
Epoch id: 102, Training steps: 1000, Loss: 0.597454
Epoch id: 102, Training steps: 1250, Loss: 0.607591
Epoch id: 103, Training steps: 250, Loss: 1.015658
Epoch id: 103, Training steps: 500, Loss: 0.619921
Epoch id: 103, Training steps: 750, Loss: 0.631929
Epoch id: 103, Training steps: 1000, Loss: 0.606827
Epoch id: 103, Training steps: 1250, Loss: 0.618224
Epoch id: 104, Training steps: 250, Loss: 1.034650
Epoch id: 104, Training steps: 500, Loss: 0.617260
Epoch id: 104, Training steps: 750, Loss: 0.615634
Epoch id: 104, Training steps: 1000, Loss: 0.607961
Epoch id: 104, Training steps: 1250, Loss: 0.620767
Epoch id: 105, Training steps: 250, Loss: 1.012011
Epoch id: 105, Training steps: 500, Loss: 0.608425
Epoch id: 105, Training steps: 750, Loss: 0.611963
Epoch id: 105, Training steps: 1000, Loss: 0.612861
Epoch id: 105, Training steps: 1250, Loss: 0.612857
Epoch id: 106, Training steps: 250, Loss: 1.005110
Epoch id: 106, Training steps: 500, Loss: 0.593334
Epoch id: 106, Training steps: 750, Loss: 0.626793
Epoch id: 106, Training steps: 1000, Loss: 0.619849
Epoch id: 106, Training steps: 1250, Loss: 0.612017
Epoch id: 107, Training steps: 250, Loss: 1.001572
Epoch id: 107, Training steps: 500, Loss: 0.615759
Epoch id: 107, Training steps: 750, Loss: 0.604869
Epoch id: 107, Training steps: 1000, Loss: 0.606474
Epoch id: 107, Training steps: 1250, Loss: 0.613407
Epoch id: 108, Training steps: 250, Loss: 1.040310
Epoch id: 108, Training steps: 500, Loss: 0.600894
Epoch id: 108, Training steps: 750, Loss: 0.600266
Epoch id: 108, Training steps: 1000, Loss: 0.617550
Epoch id: 108, Training steps: 1250, Loss: 0.622092
Epoch id: 109, Training steps: 250, Loss: 1.014580
Epoch id: 109, Training steps: 500, Loss: 0.600721
Epoch id: 109, Training steps: 750, Loss: 0.604985
Epoch id: 109, Training steps: 1000, Loss: 0.604029
Epoch id: 109, Training steps: 1250, Loss: 0.612040
Epoch id: 110, Training steps: 250, Loss: 1.010217
Epoch id: 110, Training steps: 500, Loss: 0.591844
Epoch id: 110, Training steps: 750, Loss: 0.613114
Epoch id: 110, Training steps: 1000, Loss: 0.610335
Epoch id: 110, Training steps: 1250, Loss: 0.627862
Epoch id: 111, Training steps: 250, Loss: 0.996616
Epoch id: 111, Training steps: 500, Loss: 0.597430
Epoch id: 111, Training steps: 750, Loss: 0.620225
Epoch id: 111, Training steps: 1000, Loss: 0.603829
Epoch id: 111, Training steps: 1250, Loss: 0.614752
Epoch id: 112, Training steps: 250, Loss: 1.007194
Epoch id: 112, Training steps: 500, Loss: 0.605476
Epoch id: 112, Training steps: 750, Loss: 0.598932
Epoch id: 112, Training steps: 1000, Loss: 0.607515
Epoch id: 112, Training steps: 1250, Loss: 0.594834
Epoch id: 113, Training steps: 250, Loss: 1.004986
Epoch id: 113, Training steps: 500, Loss: 0.600776
Epoch id: 113, Training steps: 750, Loss: 0.609422
Epoch id: 113, Training steps: 1000, Loss: 0.602097
Epoch id: 113, Training steps: 1250, Loss: 0.614837
Epoch id: 114, Training steps: 250, Loss: 0.999572
Epoch id: 114, Training steps: 500, Loss: 0.605722
Epoch id: 114, Training steps: 750, Loss: 0.602603
Epoch id: 114, Training steps: 1000, Loss: 0.617539
Epoch id: 114, Training steps: 1250, Loss: 0.598683
Epoch id: 115, Training steps: 250, Loss: 0.991670
Epoch id: 115, Training steps: 500, Loss: 0.613854
Epoch id: 115, Training steps: 750, Loss: 0.616909
Epoch id: 115, Training steps: 1000, Loss: 0.603158
Epoch id: 115, Training steps: 1250, Loss: 0.605808
Epoch id: 116, Training steps: 250, Loss: 0.996957
Epoch id: 116, Training steps: 500, Loss: 0.613845
Epoch id: 116, Training steps: 750, Loss: 0.604784
Epoch id: 116, Training steps: 1000, Loss: 0.596740
Epoch id: 116, Training steps: 1250, Loss: 0.584008
Epoch id: 117, Training steps: 250, Loss: 1.014350
Epoch id: 117, Training steps: 500, Loss: 0.600797
Epoch id: 117, Training steps: 750, Loss: 0.590366
Epoch id: 117, Training steps: 1000, Loss: 0.615434
Epoch id: 117, Training steps: 1250, Loss: 0.609146
Epoch id: 118, Training steps: 250, Loss: 1.004476
Epoch id: 118, Training steps: 500, Loss: 0.622179
Epoch id: 118, Training steps: 750, Loss: 0.601787
Epoch id: 118, Training steps: 1000, Loss: 0.597446
Epoch id: 118, Training steps: 1250, Loss: 0.603194
Epoch id: 119, Training steps: 250, Loss: 0.981252
Epoch id: 119, Training steps: 500, Loss: 0.601884
Epoch id: 119, Training steps: 750, Loss: 0.600876
Epoch id: 119, Training steps: 1000, Loss: 0.617189
Epoch id: 119, Training steps: 1250, Loss: 0.605389
Epoch id: 120, Training steps: 250, Loss: 0.989635
Epoch id: 120, Training steps: 500, Loss: 0.598840
Epoch id: 120, Training steps: 750, Loss: 0.593234
Epoch id: 120, Training steps: 1000, Loss: 0.606027
Epoch id: 120, Training steps: 1250, Loss: 0.614074
Epoch id: 121, Training steps: 250, Loss: 1.006275
Epoch id: 121, Training steps: 500, Loss: 0.602385
Epoch id: 121, Training steps: 750, Loss: 0.595167
Epoch id: 121, Training steps: 1000, Loss: 0.606524
Epoch id: 121, Training steps: 1250, Loss: 0.602555
Epoch id: 122, Training steps: 250, Loss: 1.000382
Epoch id: 122, Training steps: 500, Loss: 0.595591
Epoch id: 122, Training steps: 750, Loss: 0.620169
Epoch id: 122, Training steps: 1000, Loss: 0.594792
Epoch id: 122, Training steps: 1250, Loss: 0.608963
Epoch id: 123, Training steps: 250, Loss: 1.013157
Epoch id: 123, Training steps: 500, Loss: 0.596523
Epoch id: 123, Training steps: 750, Loss: 0.596724
Epoch id: 123, Training steps: 1000, Loss: 0.608588
Epoch id: 123, Training steps: 1250, Loss: 0.588299
Epoch id: 124, Training steps: 250, Loss: 0.995353
Epoch id: 124, Training steps: 500, Loss: 0.603216
Epoch id: 124, Training steps: 750, Loss: 0.607152
Epoch id: 124, Training steps: 1000, Loss: 0.608361
Epoch id: 124, Training steps: 1250, Loss: 0.598808
Epoch id: 125, Training steps: 250, Loss: 0.991033
Epoch id: 125, Training steps: 500, Loss: 0.596634
Epoch id: 125, Training steps: 750, Loss: 0.607076
Epoch id: 125, Training steps: 1000, Loss: 0.610229
Epoch id: 125, Training steps: 1250, Loss: 0.618004
Epoch id: 126, Training steps: 250, Loss: 0.989978
Epoch id: 126, Training steps: 500, Loss: 0.588998
Epoch id: 126, Training steps: 750, Loss: 0.607318
Epoch id: 126, Training steps: 1000, Loss: 0.591893
Epoch id: 126, Training steps: 1250, Loss: 0.606283
Epoch id: 127, Training steps: 250, Loss: 1.000330
Epoch id: 127, Training steps: 500, Loss: 0.582982
Epoch id: 127, Training steps: 750, Loss: 0.596416
Epoch id: 127, Training steps: 1000, Loss: 0.606961
Epoch id: 127, Training steps: 1250, Loss: 0.611729
Epoch id: 128, Training steps: 250, Loss: 1.010918
Epoch id: 128, Training steps: 500, Loss: 0.604794
Epoch id: 128, Training steps: 750, Loss: 0.596439
Epoch id: 128, Training steps: 1000, Loss: 0.596440
Epoch id: 128, Training steps: 1250, Loss: 0.592605
Epoch id: 129, Training steps: 250, Loss: 1.005394
Epoch id: 129, Training steps: 500, Loss: 0.592486
Epoch id: 129, Training steps: 750, Loss: 0.608699
Epoch id: 129, Training steps: 1000, Loss: 0.594414
Epoch id: 129, Training steps: 1250, Loss: 0.602879
Epoch id: 130, Training steps: 250, Loss: 0.991143
Epoch id: 130, Training steps: 500, Loss: 0.591671
Epoch id: 130, Training steps: 750, Loss: 0.590051
Epoch id: 130, Training steps: 1000, Loss: 0.596742
Epoch id: 130, Training steps: 1250, Loss: 0.610578
Epoch id: 131, Training steps: 250, Loss: 1.014223
Epoch id: 131, Training steps: 500, Loss: 0.608245
Epoch id: 131, Training steps: 750, Loss: 0.597135
Epoch id: 131, Training steps: 1000, Loss: 0.586786
Epoch id: 131, Training steps: 1250, Loss: 0.603077
Epoch id: 132, Training steps: 250, Loss: 0.970772
Epoch id: 132, Training steps: 500, Loss: 0.597984
Epoch id: 132, Training steps: 750, Loss: 0.605929
Epoch id: 132, Training steps: 1000, Loss: 0.594815
Epoch id: 132, Training steps: 1250, Loss: 0.592659
Epoch id: 133, Training steps: 250, Loss: 0.994993
Epoch id: 133, Training steps: 500, Loss: 0.603746
Epoch id: 133, Training steps: 750, Loss: 0.589320
Epoch id: 133, Training steps: 1000, Loss: 0.603332
Epoch id: 133, Training steps: 1250, Loss: 0.602563
Epoch id: 134, Training steps: 250, Loss: 0.982339
Epoch id: 134, Training steps: 500, Loss: 0.593536
Epoch id: 134, Training steps: 750, Loss: 0.599792
Epoch id: 134, Training steps: 1000, Loss: 0.603668
Epoch id: 134, Training steps: 1250, Loss: 0.611444
Epoch id: 135, Training steps: 250, Loss: 0.990311
Epoch id: 135, Training steps: 500, Loss: 0.594245
Epoch id: 135, Training steps: 750, Loss: 0.598814
Epoch id: 135, Training steps: 1000, Loss: 0.591387
Epoch id: 135, Training steps: 1250, Loss: 0.604633
Epoch id: 136, Training steps: 250, Loss: 0.992165
Epoch id: 136, Training steps: 500, Loss: 0.598291
Epoch id: 136, Training steps: 750, Loss: 0.610453
Epoch id: 136, Training steps: 1000, Loss: 0.583906
Epoch id: 136, Training steps: 1250, Loss: 0.598158
Epoch id: 137, Training steps: 250, Loss: 0.973527
Epoch id: 137, Training steps: 500, Loss: 0.580837
Epoch id: 137, Training steps: 750, Loss: 0.597795
Epoch id: 137, Training steps: 1000, Loss: 0.601717
Epoch id: 137, Training steps: 1250, Loss: 0.618708
Epoch id: 138, Training steps: 250, Loss: 0.976983
Epoch id: 138, Training steps: 500, Loss: 0.609868
Epoch id: 138, Training steps: 750, Loss: 0.594298
Epoch id: 138, Training steps: 1000, Loss: 0.593646
Epoch id: 138, Training steps: 1250, Loss: 0.606383
Epoch id: 139, Training steps: 250, Loss: 0.999518
Epoch id: 139, Training steps: 500, Loss: 0.582282
Epoch id: 139, Training steps: 750, Loss: 0.609558
Epoch id: 139, Training steps: 1000, Loss: 0.587157
Epoch id: 139, Training steps: 1250, Loss: 0.605615
Epoch id: 140, Training steps: 250, Loss: 0.964471
Epoch id: 140, Training steps: 500, Loss: 0.601130
Epoch id: 140, Training steps: 750, Loss: 0.585082
Epoch id: 140, Training steps: 1000, Loss: 0.588229
Epoch id: 140, Training steps: 1250, Loss: 0.593321
Epoch id: 141, Training steps: 250, Loss: 0.983279
Epoch id: 141, Training steps: 500, Loss: 0.598168
Epoch id: 141, Training steps: 750, Loss: 0.587053
Epoch id: 141, Training steps: 1000, Loss: 0.596338
Epoch id: 141, Training steps: 1250, Loss: 0.594670
Epoch id: 142, Training steps: 250, Loss: 0.963549
Epoch id: 142, Training steps: 500, Loss: 0.583277
Epoch id: 142, Training steps: 750, Loss: 0.586968
Epoch id: 142, Training steps: 1000, Loss: 0.595519
Epoch id: 142, Training steps: 1250, Loss: 0.588503
Epoch id: 143, Training steps: 250, Loss: 1.006428
Epoch id: 143, Training steps: 500, Loss: 0.591339
Epoch id: 143, Training steps: 750, Loss: 0.579905
Epoch id: 143, Training steps: 1000, Loss: 0.607755
Epoch id: 143, Training steps: 1250, Loss: 0.594628
Epoch id: 144, Training steps: 250, Loss: 0.977459
Epoch id: 144, Training steps: 500, Loss: 0.589199
Epoch id: 144, Training steps: 750, Loss: 0.594173
Epoch id: 144, Training steps: 1000, Loss: 0.584614
Epoch id: 144, Training steps: 1250, Loss: 0.598817
Epoch id: 145, Training steps: 250, Loss: 1.019548
Epoch id: 145, Training steps: 500, Loss: 0.605407
Epoch id: 145, Training steps: 750, Loss: 0.585735
Epoch id: 145, Training steps: 1000, Loss: 0.585294
Epoch id: 145, Training steps: 1250, Loss: 0.589125
Epoch id: 146, Training steps: 250, Loss: 0.968613
Epoch id: 146, Training steps: 500, Loss: 0.588524
Epoch id: 146, Training steps: 750, Loss: 0.593873
Epoch id: 146, Training steps: 1000, Loss: 0.598127
Epoch id: 146, Training steps: 1250, Loss: 0.589955
Epoch id: 147, Training steps: 250, Loss: 0.981976
Epoch id: 147, Training steps: 500, Loss: 0.578587
Epoch id: 147, Training steps: 750, Loss: 0.587007
Epoch id: 147, Training steps: 1000, Loss: 0.596716
Epoch id: 147, Training steps: 1250, Loss: 0.578847
Epoch id: 148, Training steps: 250, Loss: 0.989343
Epoch id: 148, Training steps: 500, Loss: 0.594500
Epoch id: 148, Training steps: 750, Loss: 0.594068
Epoch id: 148, Training steps: 1000, Loss: 0.589366
Epoch id: 148, Training steps: 1250, Loss: 0.604092
Epoch id: 149, Training steps: 250, Loss: 0.969683
Epoch id: 149, Training steps: 500, Loss: 0.605130
Epoch id: 149, Training steps: 750, Loss: 0.579310
Epoch id: 149, Training steps: 1000, Loss: 0.594538
Epoch id: 149, Training steps: 1250, Loss: 0.574039
Epoch id: 150, Training steps: 250, Loss: 0.982745
Epoch id: 150, Training steps: 500, Loss: 0.594075
Epoch id: 150, Training steps: 750, Loss: 0.598534
Epoch id: 150, Training steps: 1000, Loss: 0.592956
Epoch id: 150, Training steps: 1250, Loss: 0.587427
Epoch id: 151, Training steps: 250, Loss: 0.985447
Epoch id: 151, Training steps: 500, Loss: 0.596697
Epoch id: 151, Training steps: 750, Loss: 0.581812
Epoch id: 151, Training steps: 1000, Loss: 0.601149
Epoch id: 151, Training steps: 1250, Loss: 0.597072
Epoch id: 152, Training steps: 250, Loss: 0.984537
Epoch id: 152, Training steps: 500, Loss: 0.581391
Epoch id: 152, Training steps: 750, Loss: 0.586945
Epoch id: 152, Training steps: 1000, Loss: 0.585525
Epoch id: 152, Training steps: 1250, Loss: 0.597505
Epoch id: 153, Training steps: 250, Loss: 0.971717
Epoch id: 153, Training steps: 500, Loss: 0.598624
Epoch id: 153, Training steps: 750, Loss: 0.597248
Epoch id: 153, Training steps: 1000, Loss: 0.573315
Epoch id: 153, Training steps: 1250, Loss: 0.588966
Epoch id: 154, Training steps: 250, Loss: 0.991796
Epoch id: 154, Training steps: 500, Loss: 0.590212
Epoch id: 154, Training steps: 750, Loss: 0.594859
Epoch id: 154, Training steps: 1000, Loss: 0.593630
Epoch id: 154, Training steps: 1250, Loss: 0.587120
Epoch id: 155, Training steps: 250, Loss: 0.980357
Epoch id: 155, Training steps: 500, Loss: 0.594847
Epoch id: 155, Training steps: 750, Loss: 0.591527
Epoch id: 155, Training steps: 1000, Loss: 0.593892
Epoch id: 155, Training steps: 1250, Loss: 0.584753
Epoch id: 156, Training steps: 250, Loss: 0.981715
Epoch id: 156, Training steps: 500, Loss: 0.581107
Epoch id: 156, Training steps: 750, Loss: 0.582218
Epoch id: 156, Training steps: 1000, Loss: 0.584750
Epoch id: 156, Training steps: 1250, Loss: 0.596269
Epoch id: 157, Training steps: 250, Loss: 0.954837
Epoch id: 157, Training steps: 500, Loss: 0.590532
Epoch id: 157, Training steps: 750, Loss: 0.597263
Epoch id: 157, Training steps: 1000, Loss: 0.587290
Epoch id: 157, Training steps: 1250, Loss: 0.603364
Epoch id: 158, Training steps: 250, Loss: 0.974916
Epoch id: 158, Training steps: 500, Loss: 0.582486
Epoch id: 158, Training steps: 750, Loss: 0.598140
Epoch id: 158, Training steps: 1000, Loss: 0.584925
Epoch id: 158, Training steps: 1250, Loss: 0.590050
Epoch id: 159, Training steps: 250, Loss: 0.970952
Epoch id: 159, Training steps: 500, Loss: 0.589370
Epoch id: 159, Training steps: 750, Loss: 0.588542
Epoch id: 159, Training steps: 1000, Loss: 0.581731
Epoch id: 159, Training steps: 1250, Loss: 0.586438
Epoch id: 160, Training steps: 250, Loss: 0.990921
Epoch id: 160, Training steps: 500, Loss: 0.570622
Epoch id: 160, Training steps: 750, Loss: 0.597161
Epoch id: 160, Training steps: 1000, Loss: 0.578259
Epoch id: 160, Training steps: 1250, Loss: 0.598314
Epoch id: 161, Training steps: 250, Loss: 0.968747
Epoch id: 161, Training steps: 500, Loss: 0.583288
Epoch id: 161, Training steps: 750, Loss: 0.582009
Epoch id: 161, Training steps: 1000, Loss: 0.584316
Epoch id: 161, Training steps: 1250, Loss: 0.580906
Epoch id: 162, Training steps: 250, Loss: 0.980025
Epoch id: 162, Training steps: 500, Loss: 0.585848
Epoch id: 162, Training steps: 750, Loss: 0.584568
Epoch id: 162, Training steps: 1000, Loss: 0.578332
Epoch id: 162, Training steps: 1250, Loss: 0.592513
Epoch id: 163, Training steps: 250, Loss: 0.955932
Epoch id: 163, Training steps: 500, Loss: 0.587616
Epoch id: 163, Training steps: 750, Loss: 0.595284
Epoch id: 163, Training steps: 1000, Loss: 0.586786
Epoch id: 163, Training steps: 1250, Loss: 0.578817
Epoch id: 164, Training steps: 250, Loss: 0.976246
Epoch id: 164, Training steps: 500, Loss: 0.581955
Epoch id: 164, Training steps: 750, Loss: 0.572459
Epoch id: 164, Training steps: 1000, Loss: 0.584638
Epoch id: 164, Training steps: 1250, Loss: 0.585666
Epoch id: 165, Training steps: 250, Loss: 0.991233
Epoch id: 165, Training steps: 500, Loss: 0.595673
Epoch id: 165, Training steps: 750, Loss: 0.599318
Epoch id: 165, Training steps: 1000, Loss: 0.584492
Epoch id: 165, Training steps: 1250, Loss: 0.580064
Epoch id: 166, Training steps: 250, Loss: 0.962361
Epoch id: 166, Training steps: 500, Loss: 0.586747
Epoch id: 166, Training steps: 750, Loss: 0.590992
Epoch id: 166, Training steps: 1000, Loss: 0.579003
Epoch id: 166, Training steps: 1250, Loss: 0.574313
Epoch id: 167, Training steps: 250, Loss: 0.957439
Epoch id: 167, Training steps: 500, Loss: 0.584124
Epoch id: 167, Training steps: 750, Loss: 0.585462
Epoch id: 167, Training steps: 1000, Loss: 0.572473
Epoch id: 167, Training steps: 1250, Loss: 0.603371
Epoch id: 168, Training steps: 250, Loss: 0.974126
Epoch id: 168, Training steps: 500, Loss: 0.585909
Epoch id: 168, Training steps: 750, Loss: 0.583955
Epoch id: 168, Training steps: 1000, Loss: 0.590109
Epoch id: 168, Training steps: 1250, Loss: 0.575528
Epoch id: 169, Training steps: 250, Loss: 0.972017
Epoch id: 169, Training steps: 500, Loss: 0.594900
Epoch id: 169, Training steps: 750, Loss: 0.587535
Epoch id: 169, Training steps: 1000, Loss: 0.587903
Epoch id: 169, Training steps: 1250, Loss: 0.562198
Epoch id: 170, Training steps: 250, Loss: 0.985552
Epoch id: 170, Training steps: 500, Loss: 0.574668
Epoch id: 170, Training steps: 750, Loss: 0.579911
Epoch id: 170, Training steps: 1000, Loss: 0.574974
Epoch id: 170, Training steps: 1250, Loss: 0.600857
Epoch id: 171, Training steps: 250, Loss: 0.963647
Epoch id: 171, Training steps: 500, Loss: 0.579846
Epoch id: 171, Training steps: 750, Loss: 0.603106
Epoch id: 171, Training steps: 1000, Loss: 0.589565
Epoch id: 171, Training steps: 1250, Loss: 0.582365
Epoch id: 172, Training steps: 250, Loss: 0.974489
Epoch id: 172, Training steps: 500, Loss: 0.593107
Epoch id: 172, Training steps: 750, Loss: 0.577869
Epoch id: 172, Training steps: 1000, Loss: 0.579441
Epoch id: 172, Training steps: 1250, Loss: 0.583785
Epoch id: 173, Training steps: 250, Loss: 0.948372
Epoch id: 173, Training steps: 500, Loss: 0.591592
Epoch id: 173, Training steps: 750, Loss: 0.584778
Epoch id: 173, Training steps: 1000, Loss: 0.583106
Epoch id: 173, Training steps: 1250, Loss: 0.574867
Epoch id: 174, Training steps: 250, Loss: 0.967266
Epoch id: 174, Training steps: 500, Loss: 0.588993
Epoch id: 174, Training steps: 750, Loss: 0.591768
Epoch id: 174, Training steps: 1000, Loss: 0.575061
Epoch id: 174, Training steps: 1250, Loss: 0.597360
Epoch id: 175, Training steps: 250, Loss: 0.954231
Epoch id: 175, Training steps: 500, Loss: 0.584522
Epoch id: 175, Training steps: 750, Loss: 0.572800
Epoch id: 175, Training steps: 1000, Loss: 0.576377
Epoch id: 175, Training steps: 1250, Loss: 0.577100
Epoch id: 176, Training steps: 250, Loss: 0.965635
Epoch id: 176, Training steps: 500, Loss: 0.573542
Epoch id: 176, Training steps: 750, Loss: 0.593743
Epoch id: 176, Training steps: 1000, Loss: 0.580854
Epoch id: 176, Training steps: 1250, Loss: 0.587673
Epoch id: 177, Training steps: 250, Loss: 0.980331
Epoch id: 177, Training steps: 500, Loss: 0.586215
Epoch id: 177, Training steps: 750, Loss: 0.580548
Epoch id: 177, Training steps: 1000, Loss: 0.585848
Epoch id: 177, Training steps: 1250, Loss: 0.573707
Epoch id: 178, Training steps: 250, Loss: 0.957824
Epoch id: 178, Training steps: 500, Loss: 0.594806
Epoch id: 178, Training steps: 750, Loss: 0.587267
Epoch id: 178, Training steps: 1000, Loss: 0.585098
Epoch id: 178, Training steps: 1250, Loss: 0.584130
Epoch id: 179, Training steps: 250, Loss: 0.958378
Epoch id: 179, Training steps: 500, Loss: 0.582300
Epoch id: 179, Training steps: 750, Loss: 0.580166
Epoch id: 179, Training steps: 1000, Loss: 0.596653
Epoch id: 179, Training steps: 1250, Loss: 0.576052
Epoch id: 180, Training steps: 250, Loss: 0.966082
Epoch id: 180, Training steps: 500, Loss: 0.575677
Epoch id: 180, Training steps: 750, Loss: 0.586006
Epoch id: 180, Training steps: 1000, Loss: 0.584027
Epoch id: 180, Training steps: 1250, Loss: 0.588070
Epoch id: 181, Training steps: 250, Loss: 0.974424
Epoch id: 181, Training steps: 500, Loss: 0.573298
Epoch id: 181, Training steps: 750, Loss: 0.577760
Epoch id: 181, Training steps: 1000, Loss: 0.583177
Epoch id: 181, Training steps: 1250, Loss: 0.587904
Epoch id: 182, Training steps: 250, Loss: 0.977556
Epoch id: 182, Training steps: 500, Loss: 0.571129
Epoch id: 182, Training steps: 750, Loss: 0.581227
Epoch id: 182, Training steps: 1000, Loss: 0.586207
Epoch id: 182, Training steps: 1250, Loss: 0.593083
Epoch id: 183, Training steps: 250, Loss: 0.959530
Epoch id: 183, Training steps: 500, Loss: 0.601847
Epoch id: 183, Training steps: 750, Loss: 0.573456
Epoch id: 183, Training steps: 1000, Loss: 0.577627
Epoch id: 183, Training steps: 1250, Loss: 0.578338
Epoch id: 184, Training steps: 250, Loss: 0.954013
Epoch id: 184, Training steps: 500, Loss: 0.590729
Epoch id: 184, Training steps: 750, Loss: 0.585074
Epoch id: 184, Training steps: 1000, Loss: 0.587688
Epoch id: 184, Training steps: 1250, Loss: 0.578517
Epoch id: 185, Training steps: 250, Loss: 0.974634
Epoch id: 185, Training steps: 500, Loss: 0.573737
Epoch id: 185, Training steps: 750, Loss: 0.587428
Epoch id: 185, Training steps: 1000, Loss: 0.579617
Epoch id: 185, Training steps: 1250, Loss: 0.581260
Epoch id: 186, Training steps: 250, Loss: 0.986978
Epoch id: 186, Training steps: 500, Loss: 0.584683
Epoch id: 186, Training steps: 750, Loss: 0.569380
Epoch id: 186, Training steps: 1000, Loss: 0.570699
Epoch id: 186, Training steps: 1250, Loss: 0.576519
Epoch id: 187, Training steps: 250, Loss: 0.962157
Epoch id: 187, Training steps: 500, Loss: 0.588152
Epoch id: 187, Training steps: 750, Loss: 0.587282
Epoch id: 187, Training steps: 1000, Loss: 0.562221
Epoch id: 187, Training steps: 1250, Loss: 0.577547
Epoch id: 188, Training steps: 250, Loss: 0.956259
Epoch id: 188, Training steps: 500, Loss: 0.586327
Epoch id: 188, Training steps: 750, Loss: 0.579320
Epoch id: 188, Training steps: 1000, Loss: 0.567864
Epoch id: 188, Training steps: 1250, Loss: 0.577840
Epoch id: 189, Training steps: 250, Loss: 0.956449
Epoch id: 189, Training steps: 500, Loss: 0.592890
Epoch id: 189, Training steps: 750, Loss: 0.581288
Epoch id: 189, Training steps: 1000, Loss: 0.588642
Epoch id: 189, Training steps: 1250, Loss: 0.570449
Epoch id: 190, Training steps: 250, Loss: 0.955223
Epoch id: 190, Training steps: 500, Loss: 0.597570
Epoch id: 190, Training steps: 750, Loss: 0.581346
Epoch id: 190, Training steps: 1000, Loss: 0.575977
Epoch id: 190, Training steps: 1250, Loss: 0.573857
Epoch id: 191, Training steps: 250, Loss: 0.972456
Epoch id: 191, Training steps: 500, Loss: 0.568010
Epoch id: 191, Training steps: 750, Loss: 0.581268
Epoch id: 191, Training steps: 1000, Loss: 0.584178
Epoch id: 191, Training steps: 1250, Loss: 0.572128
Epoch id: 192, Training steps: 250, Loss: 0.973957
Epoch id: 192, Training steps: 500, Loss: 0.565953
Epoch id: 192, Training steps: 750, Loss: 0.580616
Epoch id: 192, Training steps: 1000, Loss: 0.580693
Epoch id: 192, Training steps: 1250, Loss: 0.571979
Epoch id: 193, Training steps: 250, Loss: 0.952654
Epoch id: 193, Training steps: 500, Loss: 0.576735
Epoch id: 193, Training steps: 750, Loss: 0.573950
Epoch id: 193, Training steps: 1000, Loss: 0.579148
Epoch id: 193, Training steps: 1250, Loss: 0.580822
Epoch id: 194, Training steps: 250, Loss: 0.960060
Epoch id: 194, Training steps: 500, Loss: 0.585417
Epoch id: 194, Training steps: 750, Loss: 0.579653
Epoch id: 194, Training steps: 1000, Loss: 0.567520
Epoch id: 194, Training steps: 1250, Loss: 0.564298
Epoch id: 195, Training steps: 250, Loss: 0.964254
Epoch id: 195, Training steps: 500, Loss: 0.575458
Epoch id: 195, Training steps: 750, Loss: 0.570031
Epoch id: 195, Training steps: 1000, Loss: 0.567013
Epoch id: 195, Training steps: 1250, Loss: 0.568468
Epoch id: 196, Training steps: 250, Loss: 0.958871
Epoch id: 196, Training steps: 500, Loss: 0.578247
Epoch id: 196, Training steps: 750, Loss: 0.577222
Epoch id: 196, Training steps: 1000, Loss: 0.576521
Epoch id: 196, Training steps: 1250, Loss: 0.573755
Epoch id: 197, Training steps: 250, Loss: 0.958075
Epoch id: 197, Training steps: 500, Loss: 0.569805
Epoch id: 197, Training steps: 750, Loss: 0.587055
Epoch id: 197, Training steps: 1000, Loss: 0.570163
Epoch id: 197, Training steps: 1250, Loss: 0.576620
Epoch id: 198, Training steps: 250, Loss: 0.965958
Epoch id: 198, Training steps: 500, Loss: 0.581286
Epoch id: 198, Training steps: 750, Loss: 0.572143
Epoch id: 198, Training steps: 1000, Loss: 0.575588
Epoch id: 198, Training steps: 1250, Loss: 0.576314
Epoch id: 199, Training steps: 250, Loss: 0.938909
Epoch id: 199, Training steps: 500, Loss: 0.587302
Epoch id: 199, Training steps: 750, Loss: 0.577793
Epoch id: 199, Training steps: 1000, Loss: 0.570254
Epoch id: 199, Training steps: 1250, Loss: 0.583426
Epoch id: 200, Training steps: 250, Loss: 0.958326
Epoch id: 200, Training steps: 500, Loss: 0.574110
Epoch id: 200, Training steps: 750, Loss: 0.572552
Epoch id: 200, Training steps: 1000, Loss: 0.579391
Epoch id: 200, Training steps: 1250, Loss: 0.576370
Event: total_right, total_predict, predict_right: 5002, 58285, 2190
Event: precision, recall, and f1: 0.038, 0.438, 0.069
Role: total_right, total_predict, predict_right: 5354, 1305276, 64
Role: precision, recall, and f1: 0.000, 0.012, 0.000
Saving middle model...
Epoch id: 201, Training steps: 250, Loss: 0.950556
Epoch id: 201, Training steps: 500, Loss: 0.576437
Epoch id: 201, Training steps: 750, Loss: 0.564985
Epoch id: 201, Training steps: 1000, Loss: 0.581618
Epoch id: 201, Training steps: 1250, Loss: 0.572507
Epoch id: 202, Training steps: 250, Loss: 0.973435
Epoch id: 202, Training steps: 500, Loss: 0.569239
Epoch id: 202, Training steps: 750, Loss: 0.571022
Epoch id: 202, Training steps: 1000, Loss: 0.580350
Epoch id: 202, Training steps: 1250, Loss: 0.585920
Epoch id: 203, Training steps: 250, Loss: 0.957877
Epoch id: 203, Training steps: 500, Loss: 0.582933
Epoch id: 203, Training steps: 750, Loss: 0.580347
Epoch id: 203, Training steps: 1000, Loss: 0.580995
Epoch id: 203, Training steps: 1250, Loss: 0.569517
Epoch id: 204, Training steps: 250, Loss: 0.970986
Epoch id: 204, Training steps: 500, Loss: 0.573109
Epoch id: 204, Training steps: 750, Loss: 0.572198
Epoch id: 204, Training steps: 1000, Loss: 0.561822
Epoch id: 204, Training steps: 1250, Loss: 0.580636
Epoch id: 205, Training steps: 250, Loss: 0.958651
Epoch id: 205, Training steps: 500, Loss: 0.590405
Epoch id: 205, Training steps: 750, Loss: 0.573432
Epoch id: 205, Training steps: 1000, Loss: 0.575510
Epoch id: 205, Training steps: 1250, Loss: 0.571552
Epoch id: 206, Training steps: 250, Loss: 0.968891
Epoch id: 206, Training steps: 500, Loss: 0.570975
Epoch id: 206, Training steps: 750, Loss: 0.574552
Epoch id: 206, Training steps: 1000, Loss: 0.572270
Epoch id: 206, Training steps: 1250, Loss: 0.582878
Epoch id: 207, Training steps: 250, Loss: 0.948942
Epoch id: 207, Training steps: 500, Loss: 0.568581
Epoch id: 207, Training steps: 750, Loss: 0.595044
Epoch id: 207, Training steps: 1000, Loss: 0.574521
Epoch id: 207, Training steps: 1250, Loss: 0.573230
Epoch id: 208, Training steps: 250, Loss: 0.947976
Epoch id: 208, Training steps: 500, Loss: 0.577286
Epoch id: 208, Training steps: 750, Loss: 0.581215
Epoch id: 208, Training steps: 1000, Loss: 0.575005
Epoch id: 208, Training steps: 1250, Loss: 0.591699
Epoch id: 209, Training steps: 250, Loss: 0.952141
Epoch id: 209, Training steps: 500, Loss: 0.573308
Epoch id: 209, Training steps: 750, Loss: 0.558901
Epoch id: 209, Training steps: 1000, Loss: 0.586496
Epoch id: 209, Training steps: 1250, Loss: 0.563513
Epoch id: 210, Training steps: 250, Loss: 0.958216
Epoch id: 210, Training steps: 500, Loss: 0.567856
Epoch id: 210, Training steps: 750, Loss: 0.577903
Epoch id: 210, Training steps: 1000, Loss: 0.566597
Epoch id: 210, Training steps: 1250, Loss: 0.568624
Epoch id: 211, Training steps: 250, Loss: 0.962849
Epoch id: 211, Training steps: 500, Loss: 0.572766
Epoch id: 211, Training steps: 750, Loss: 0.573602
Epoch id: 211, Training steps: 1000, Loss: 0.577335
Epoch id: 211, Training steps: 1250, Loss: 0.564537
Epoch id: 212, Training steps: 250, Loss: 0.951178
Epoch id: 212, Training steps: 500, Loss: 0.578047
Epoch id: 212, Training steps: 750, Loss: 0.566946
Epoch id: 212, Training steps: 1000, Loss: 0.591621
Epoch id: 212, Training steps: 1250, Loss: 0.564425
Epoch id: 213, Training steps: 250, Loss: 0.968228
Epoch id: 213, Training steps: 500, Loss: 0.588904
Epoch id: 213, Training steps: 750, Loss: 0.574038
Epoch id: 213, Training steps: 1000, Loss: 0.574205
Epoch id: 213, Training steps: 1250, Loss: 0.568338
Epoch id: 214, Training steps: 250, Loss: 0.933933
Epoch id: 214, Training steps: 500, Loss: 0.569197
Epoch id: 214, Training steps: 750, Loss: 0.567458
Epoch id: 214, Training steps: 1000, Loss: 0.575801
Epoch id: 214, Training steps: 1250, Loss: 0.575482
Epoch id: 215, Training steps: 250, Loss: 0.961142
Epoch id: 215, Training steps: 500, Loss: 0.569511
Epoch id: 215, Training steps: 750, Loss: 0.564462
Epoch id: 215, Training steps: 1000, Loss: 0.572054
Epoch id: 215, Training steps: 1250, Loss: 0.577376
Epoch id: 216, Training steps: 250, Loss: 0.945137
Epoch id: 216, Training steps: 500, Loss: 0.565582
Epoch id: 216, Training steps: 750, Loss: 0.581306
Epoch id: 216, Training steps: 1000, Loss: 0.578244
Epoch id: 216, Training steps: 1250, Loss: 0.576700
Epoch id: 217, Training steps: 250, Loss: 0.954583
Epoch id: 217, Training steps: 500, Loss: 0.559173
Epoch id: 217, Training steps: 750, Loss: 0.579172
Epoch id: 217, Training steps: 1000, Loss: 0.577908
Epoch id: 217, Training steps: 1250, Loss: 0.564218
Epoch id: 218, Training steps: 250, Loss: 0.938035
Epoch id: 218, Training steps: 500, Loss: 0.576631
Epoch id: 218, Training steps: 750, Loss: 0.574438
Epoch id: 218, Training steps: 1000, Loss: 0.570991
Epoch id: 218, Training steps: 1250, Loss: 0.576605
Epoch id: 219, Training steps: 250, Loss: 0.947326
Epoch id: 219, Training steps: 500, Loss: 0.578202
Epoch id: 219, Training steps: 750, Loss: 0.577414
Epoch id: 219, Training steps: 1000, Loss: 0.576790
Epoch id: 219, Training steps: 1250, Loss: 0.574867
Epoch id: 220, Training steps: 250, Loss: 0.961852
Epoch id: 220, Training steps: 500, Loss: 0.563910
Epoch id: 220, Training steps: 750, Loss: 0.560165
Epoch id: 220, Training steps: 1000, Loss: 0.581056
Epoch id: 220, Training steps: 1250, Loss: 0.572674
Epoch id: 221, Training steps: 250, Loss: 0.955648
Epoch id: 221, Training steps: 500, Loss: 0.577550
Epoch id: 221, Training steps: 750, Loss: 0.587619
Epoch id: 221, Training steps: 1000, Loss: 0.577068
Epoch id: 221, Training steps: 1250, Loss: 0.562545
Epoch id: 222, Training steps: 250, Loss: 0.937550
Epoch id: 222, Training steps: 500, Loss: 0.583061
Epoch id: 222, Training steps: 750, Loss: 0.573978
Epoch id: 222, Training steps: 1000, Loss: 0.572216
Epoch id: 222, Training steps: 1250, Loss: 0.562970
Epoch id: 223, Training steps: 250, Loss: 0.951666
Epoch id: 223, Training steps: 500, Loss: 0.561438
Epoch id: 223, Training steps: 750, Loss: 0.564387
Epoch id: 223, Training steps: 1000, Loss: 0.575501
Epoch id: 223, Training steps: 1250, Loss: 0.587651
Epoch id: 224, Training steps: 250, Loss: 0.944410
Epoch id: 224, Training steps: 500, Loss: 0.568575
Epoch id: 224, Training steps: 750, Loss: 0.577166
Epoch id: 224, Training steps: 1000, Loss: 0.579324
Epoch id: 224, Training steps: 1250, Loss: 0.572656
Epoch id: 225, Training steps: 250, Loss: 0.931353
Epoch id: 225, Training steps: 500, Loss: 0.564577
Epoch id: 225, Training steps: 750, Loss: 0.571723
Epoch id: 225, Training steps: 1000, Loss: 0.576337
Epoch id: 225, Training steps: 1250, Loss: 0.559224
Epoch id: 226, Training steps: 250, Loss: 0.953423
Epoch id: 226, Training steps: 500, Loss: 0.571379
Epoch id: 226, Training steps: 750, Loss: 0.569501
Epoch id: 226, Training steps: 1000, Loss: 0.566867
Epoch id: 226, Training steps: 1250, Loss: 0.573225
Epoch id: 227, Training steps: 250, Loss: 0.925560
Epoch id: 227, Training steps: 500, Loss: 0.559562
Epoch id: 227, Training steps: 750, Loss: 0.579619
Epoch id: 227, Training steps: 1000, Loss: 0.570579
Epoch id: 227, Training steps: 1250, Loss: 0.575400
Epoch id: 228, Training steps: 250, Loss: 0.940410
Epoch id: 228, Training steps: 500, Loss: 0.568353
Epoch id: 228, Training steps: 750, Loss: 0.577732
Epoch id: 228, Training steps: 1000, Loss: 0.572265
Epoch id: 228, Training steps: 1250, Loss: 0.560088
Epoch id: 229, Training steps: 250, Loss: 0.959813
Epoch id: 229, Training steps: 500, Loss: 0.564225
Epoch id: 229, Training steps: 750, Loss: 0.575108
Epoch id: 229, Training steps: 1000, Loss: 0.570066
Epoch id: 229, Training steps: 1250, Loss: 0.562992
Epoch id: 230, Training steps: 250, Loss: 0.952374
Epoch id: 230, Training steps: 500, Loss: 0.577469
Epoch id: 230, Training steps: 750, Loss: 0.576045
Epoch id: 230, Training steps: 1000, Loss: 0.578186
Epoch id: 230, Training steps: 1250, Loss: 0.572033
Epoch id: 231, Training steps: 250, Loss: 0.954447
Epoch id: 231, Training steps: 500, Loss: 0.568298
Epoch id: 231, Training steps: 750, Loss: 0.565429
Epoch id: 231, Training steps: 1000, Loss: 0.572912
Epoch id: 231, Training steps: 1250, Loss: 0.570789
Epoch id: 232, Training steps: 250, Loss: 0.932825
Epoch id: 232, Training steps: 500, Loss: 0.567457
Epoch id: 232, Training steps: 750, Loss: 0.560996
Epoch id: 232, Training steps: 1000, Loss: 0.571684
Epoch id: 232, Training steps: 1250, Loss: 0.567091
Epoch id: 233, Training steps: 250, Loss: 0.940043
Epoch id: 233, Training steps: 500, Loss: 0.578691
Epoch id: 233, Training steps: 750, Loss: 0.571082
Epoch id: 233, Training steps: 1000, Loss: 0.574415
Epoch id: 233, Training steps: 1250, Loss: 0.562703
Epoch id: 234, Training steps: 250, Loss: 0.929250
Epoch id: 234, Training steps: 500, Loss: 0.536023
Epoch id: 234, Training steps: 750, Loss: 0.564230
Epoch id: 234, Training steps: 1000, Loss: 0.568788
Epoch id: 234, Training steps: 1250, Loss: 0.581349
Epoch id: 235, Training steps: 250, Loss: 0.939576
Epoch id: 235, Training steps: 500, Loss: 0.574882
Epoch id: 235, Training steps: 750, Loss: 0.554665
Epoch id: 235, Training steps: 1000, Loss: 0.579584
Epoch id: 235, Training steps: 1250, Loss: 0.580052
Epoch id: 236, Training steps: 250, Loss: 0.922220
Epoch id: 236, Training steps: 500, Loss: 0.568146
Epoch id: 236, Training steps: 750, Loss: 0.564810
Epoch id: 236, Training steps: 1000, Loss: 0.583919
Epoch id: 236, Training steps: 1250, Loss: 0.571370
Epoch id: 237, Training steps: 250, Loss: 0.948365
Epoch id: 237, Training steps: 500, Loss: 0.568700
Epoch id: 237, Training steps: 750, Loss: 0.572763
Epoch id: 237, Training steps: 1000, Loss: 0.560757
Epoch id: 237, Training steps: 1250, Loss: 0.576364
Epoch id: 238, Training steps: 250, Loss: 0.933013
Epoch id: 238, Training steps: 500, Loss: 0.569495
Epoch id: 238, Training steps: 750, Loss: 0.562737
Epoch id: 238, Training steps: 1000, Loss: 0.565159
Epoch id: 238, Training steps: 1250, Loss: 0.571825
Epoch id: 239, Training steps: 250, Loss: 0.944198
Epoch id: 239, Training steps: 500, Loss: 0.567452
Epoch id: 239, Training steps: 750, Loss: 0.558286
Epoch id: 239, Training steps: 1000, Loss: 0.565036
Epoch id: 239, Training steps: 1250, Loss: 0.567156
Epoch id: 240, Training steps: 250, Loss: 0.947778
Epoch id: 240, Training steps: 500, Loss: 0.555104
Epoch id: 240, Training steps: 750, Loss: 0.562375
Epoch id: 240, Training steps: 1000, Loss: 0.574545
Epoch id: 240, Training steps: 1250, Loss: 0.559963
Epoch id: 241, Training steps: 250, Loss: 0.946133
Epoch id: 241, Training steps: 500, Loss: 0.561941
Epoch id: 241, Training steps: 750, Loss: 0.573045
Epoch id: 241, Training steps: 1000, Loss: 0.566135
Epoch id: 241, Training steps: 1250, Loss: 0.563977
Epoch id: 242, Training steps: 250, Loss: 0.929838
Epoch id: 242, Training steps: 500, Loss: 0.549680
Epoch id: 242, Training steps: 750, Loss: 0.570776
Epoch id: 242, Training steps: 1000, Loss: 0.566618
Epoch id: 242, Training steps: 1250, Loss: 0.567562
Epoch id: 243, Training steps: 250, Loss: 0.947919
Epoch id: 243, Training steps: 500, Loss: 0.573657
Epoch id: 243, Training steps: 750, Loss: 0.567418
Epoch id: 243, Training steps: 1000, Loss: 0.566305
Epoch id: 243, Training steps: 1250, Loss: 0.555846
Epoch id: 244, Training steps: 250, Loss: 0.941392
Epoch id: 244, Training steps: 500, Loss: 0.570893
Epoch id: 244, Training steps: 750, Loss: 0.563285
Epoch id: 244, Training steps: 1000, Loss: 0.569900
Epoch id: 244, Training steps: 1250, Loss: 0.565790
Epoch id: 245, Training steps: 250, Loss: 0.930828
Epoch id: 245, Training steps: 500, Loss: 0.585537
Epoch id: 245, Training steps: 750, Loss: 0.561263
Epoch id: 245, Training steps: 1000, Loss: 0.558829
Epoch id: 245, Training steps: 1250, Loss: 0.556828
Epoch id: 246, Training steps: 250, Loss: 0.943200
Epoch id: 246, Training steps: 500, Loss: 0.568194
Epoch id: 246, Training steps: 750, Loss: 0.569810
Epoch id: 246, Training steps: 1000, Loss: 0.552252
Epoch id: 246, Training steps: 1250, Loss: 0.586213
Epoch id: 247, Training steps: 250, Loss: 0.915265
Epoch id: 247, Training steps: 500, Loss: 0.572808
Epoch id: 247, Training steps: 750, Loss: 0.559047
Epoch id: 247, Training steps: 1000, Loss: 0.577007
Epoch id: 247, Training steps: 1250, Loss: 0.558214
Epoch id: 248, Training steps: 250, Loss: 0.949527
Epoch id: 248, Training steps: 500, Loss: 0.564311
Epoch id: 248, Training steps: 750, Loss: 0.565130
Epoch id: 248, Training steps: 1000, Loss: 0.567626
Epoch id: 248, Training steps: 1250, Loss: 0.562074
Epoch id: 249, Training steps: 250, Loss: 0.930133
Epoch id: 249, Training steps: 500, Loss: 0.559658
Epoch id: 249, Training steps: 750, Loss: 0.567009
Epoch id: 249, Training steps: 1000, Loss: 0.561142
Epoch id: 249, Training steps: 1250, Loss: 0.571121
Epoch id: 250, Training steps: 250, Loss: 0.941960
Epoch id: 250, Training steps: 500, Loss: 0.569689
Epoch id: 250, Training steps: 750, Loss: 0.576289
Epoch id: 250, Training steps: 1000, Loss: 0.567990
Epoch id: 250, Training steps: 1250, Loss: 0.560800
Epoch id: 251, Training steps: 250, Loss: 0.953064
Epoch id: 251, Training steps: 500, Loss: 0.568225
Epoch id: 251, Training steps: 750, Loss: 0.569906
Epoch id: 251, Training steps: 1000, Loss: 0.556771
Epoch id: 251, Training steps: 1250, Loss: 0.564216
Epoch id: 252, Training steps: 250, Loss: 0.949222
Epoch id: 252, Training steps: 500, Loss: 0.568341
Epoch id: 252, Training steps: 750, Loss: 0.580830
Epoch id: 252, Training steps: 1000, Loss: 0.549327
Epoch id: 252, Training steps: 1250, Loss: 0.546904
Epoch id: 253, Training steps: 250, Loss: 0.959455
Epoch id: 253, Training steps: 500, Loss: 0.553676
Epoch id: 253, Training steps: 750, Loss: 0.566688
Epoch id: 253, Training steps: 1000, Loss: 0.570935
Epoch id: 253, Training steps: 1250, Loss: 0.567018
Epoch id: 254, Training steps: 250, Loss: 0.949084
Epoch id: 254, Training steps: 500, Loss: 0.566019
Epoch id: 254, Training steps: 750, Loss: 0.568872
Epoch id: 254, Training steps: 1000, Loss: 0.558439
Epoch id: 254, Training steps: 1250, Loss: 0.556323
Epoch id: 255, Training steps: 250, Loss: 0.924918
Epoch id: 255, Training steps: 500, Loss: 0.576592
Epoch id: 255, Training steps: 750, Loss: 0.576824
Epoch id: 255, Training steps: 1000, Loss: 0.568073
Epoch id: 255, Training steps: 1250, Loss: 0.560749
Epoch id: 256, Training steps: 250, Loss: 0.930561
Epoch id: 256, Training steps: 500, Loss: 0.565317
Epoch id: 256, Training steps: 750, Loss: 0.560414
Epoch id: 256, Training steps: 1000, Loss: 0.570793
Epoch id: 256, Training steps: 1250, Loss: 0.565387
Epoch id: 257, Training steps: 250, Loss: 0.927903
Epoch id: 257, Training steps: 500, Loss: 0.559503
Epoch id: 257, Training steps: 750, Loss: 0.566283
Epoch id: 257, Training steps: 1000, Loss: 0.566773
Epoch id: 257, Training steps: 1250, Loss: 0.550518
Epoch id: 258, Training steps: 250, Loss: 0.963848
Epoch id: 258, Training steps: 500, Loss: 0.566579
Epoch id: 258, Training steps: 750, Loss: 0.558847
Epoch id: 258, Training steps: 1000, Loss: 0.571211
Epoch id: 258, Training steps: 1250, Loss: 0.552377
Epoch id: 259, Training steps: 250, Loss: 0.945319
Epoch id: 259, Training steps: 500, Loss: 0.563728
Epoch id: 259, Training steps: 750, Loss: 0.557593
Epoch id: 259, Training steps: 1000, Loss: 0.556659
Epoch id: 259, Training steps: 1250, Loss: 0.560627
Epoch id: 260, Training steps: 250, Loss: 0.934551
Epoch id: 260, Training steps: 500, Loss: 0.572212
Epoch id: 260, Training steps: 750, Loss: 0.561110
Epoch id: 260, Training steps: 1000, Loss: 0.575179
Epoch id: 260, Training steps: 1250, Loss: 0.554054
Epoch id: 261, Training steps: 250, Loss: 0.908795
Epoch id: 261, Training steps: 500, Loss: 0.564171
Epoch id: 261, Training steps: 750, Loss: 0.574779
Epoch id: 261, Training steps: 1000, Loss: 0.567539
Epoch id: 261, Training steps: 1250, Loss: 0.552613
Epoch id: 262, Training steps: 250, Loss: 0.933688
Epoch id: 262, Training steps: 500, Loss: 0.562899
Epoch id: 262, Training steps: 750, Loss: 0.569267
Epoch id: 262, Training steps: 1000, Loss: 0.563215
Epoch id: 262, Training steps: 1250, Loss: 0.563322
Epoch id: 263, Training steps: 250, Loss: 0.935322
Epoch id: 263, Training steps: 500, Loss: 0.564766
Epoch id: 263, Training steps: 750, Loss: 0.553658
Epoch id: 263, Training steps: 1000, Loss: 0.568231
Epoch id: 263, Training steps: 1250, Loss: 0.566432
Epoch id: 264, Training steps: 250, Loss: 0.937596
Epoch id: 264, Training steps: 500, Loss: 0.566869
Epoch id: 264, Training steps: 750, Loss: 0.561262
Epoch id: 264, Training steps: 1000, Loss: 0.567126
Epoch id: 264, Training steps: 1250, Loss: 0.568195
Epoch id: 265, Training steps: 250, Loss: 0.926241
Epoch id: 265, Training steps: 500, Loss: 0.552546
Epoch id: 265, Training steps: 750, Loss: 0.559458
Epoch id: 265, Training steps: 1000, Loss: 0.575318
Epoch id: 265, Training steps: 1250, Loss: 0.566293
Epoch id: 266, Training steps: 250, Loss: 0.942906
Epoch id: 266, Training steps: 500, Loss: 0.557487
Epoch id: 266, Training steps: 750, Loss: 0.566482
Epoch id: 266, Training steps: 1000, Loss: 0.567204
Epoch id: 266, Training steps: 1250, Loss: 0.549534
Epoch id: 267, Training steps: 250, Loss: 0.949504
Epoch id: 267, Training steps: 500, Loss: 0.560425
Epoch id: 267, Training steps: 750, Loss: 0.547511
Epoch id: 267, Training steps: 1000, Loss: 0.568328
Epoch id: 267, Training steps: 1250, Loss: 0.560868
Epoch id: 268, Training steps: 250, Loss: 0.939069
Epoch id: 268, Training steps: 500, Loss: 0.567646
Epoch id: 268, Training steps: 750, Loss: 0.564047
Epoch id: 268, Training steps: 1000, Loss: 0.567867
Epoch id: 268, Training steps: 1250, Loss: 0.556226
Epoch id: 269, Training steps: 250, Loss: 0.923813
Epoch id: 269, Training steps: 500, Loss: 0.549676
Epoch id: 269, Training steps: 750, Loss: 0.562812
Epoch id: 269, Training steps: 1000, Loss: 0.564543
Epoch id: 269, Training steps: 1250, Loss: 0.563222
Epoch id: 270, Training steps: 250, Loss: 0.929865
Epoch id: 270, Training steps: 500, Loss: 0.558684
Epoch id: 270, Training steps: 750, Loss: 0.580985
Epoch id: 270, Training steps: 1000, Loss: 0.561959
Epoch id: 270, Training steps: 1250, Loss: 0.564602
Epoch id: 271, Training steps: 250, Loss: 0.934051
Epoch id: 271, Training steps: 500, Loss: 0.568099
Epoch id: 271, Training steps: 750, Loss: 0.561132
Epoch id: 271, Training steps: 1000, Loss: 0.560753
Epoch id: 271, Training steps: 1250, Loss: 0.550137
Epoch id: 272, Training steps: 250, Loss: 0.939044
Epoch id: 272, Training steps: 500, Loss: 0.558233
Epoch id: 272, Training steps: 750, Loss: 0.561803
Epoch id: 272, Training steps: 1000, Loss: 0.561528
Epoch id: 272, Training steps: 1250, Loss: 0.566436
Epoch id: 273, Training steps: 250, Loss: 0.941142
Epoch id: 273, Training steps: 500, Loss: 0.569349
Epoch id: 273, Training steps: 750, Loss: 0.578325
Epoch id: 273, Training steps: 1000, Loss: 0.560268
Epoch id: 273, Training steps: 1250, Loss: 0.548281
Epoch id: 274, Training steps: 250, Loss: 0.939177
Epoch id: 274, Training steps: 500, Loss: 0.565650
Epoch id: 274, Training steps: 750, Loss: 0.557085
Epoch id: 274, Training steps: 1000, Loss: 0.554152
Epoch id: 274, Training steps: 1250, Loss: 0.571307
Epoch id: 275, Training steps: 250, Loss: 0.937495
Epoch id: 275, Training steps: 500, Loss: 0.564762
Epoch id: 275, Training steps: 750, Loss: 0.570786
Epoch id: 275, Training steps: 1000, Loss: 0.563827
Epoch id: 275, Training steps: 1250, Loss: 0.572319
Epoch id: 276, Training steps: 250, Loss: 0.944529
Epoch id: 276, Training steps: 500, Loss: 0.558135
Epoch id: 276, Training steps: 750, Loss: 0.563507
Epoch id: 276, Training steps: 1000, Loss: 0.555781
Epoch id: 276, Training steps: 1250, Loss: 0.550343
Epoch id: 277, Training steps: 250, Loss: 0.939390
Epoch id: 277, Training steps: 500, Loss: 0.544803
Epoch id: 277, Training steps: 750, Loss: 0.545794
Epoch id: 277, Training steps: 1000, Loss: 0.568370
Epoch id: 277, Training steps: 1250, Loss: 0.575563
Epoch id: 278, Training steps: 250, Loss: 0.938574
Epoch id: 278, Training steps: 500, Loss: 0.564340
Epoch id: 278, Training steps: 750, Loss: 0.544654
Epoch id: 278, Training steps: 1000, Loss: 0.569434
Epoch id: 278, Training steps: 1250, Loss: 0.561731
Epoch id: 279, Training steps: 250, Loss: 0.913752
Epoch id: 279, Training steps: 500, Loss: 0.562183
Epoch id: 279, Training steps: 750, Loss: 0.560591
Epoch id: 279, Training steps: 1000, Loss: 0.570901
Epoch id: 279, Training steps: 1250, Loss: 0.555013
Epoch id: 280, Training steps: 250, Loss: 0.932707
Epoch id: 280, Training steps: 500, Loss: 0.566790
Epoch id: 280, Training steps: 750, Loss: 0.555970
Epoch id: 280, Training steps: 1000, Loss: 0.561312
Epoch id: 280, Training steps: 1250, Loss: 0.562353
Epoch id: 281, Training steps: 250, Loss: 0.936282
Epoch id: 281, Training steps: 500, Loss: 0.569368
Epoch id: 281, Training steps: 750, Loss: 0.551972
Epoch id: 281, Training steps: 1000, Loss: 0.556252
Epoch id: 281, Training steps: 1250, Loss: 0.584455
Epoch id: 282, Training steps: 250, Loss: 0.935349
Epoch id: 282, Training steps: 500, Loss: 0.551031
Epoch id: 282, Training steps: 750, Loss: 0.557565
Epoch id: 282, Training steps: 1000, Loss: 0.567770
Epoch id: 282, Training steps: 1250, Loss: 0.553455
Epoch id: 283, Training steps: 250, Loss: 0.917320
Epoch id: 283, Training steps: 500, Loss: 0.582040
Epoch id: 283, Training steps: 750, Loss: 0.560952
Epoch id: 283, Training steps: 1000, Loss: 0.574261
Epoch id: 283, Training steps: 1250, Loss: 0.558891
Epoch id: 284, Training steps: 250, Loss: 0.926582
Epoch id: 284, Training steps: 500, Loss: 0.557317
Epoch id: 284, Training steps: 750, Loss: 0.577801
Epoch id: 284, Training steps: 1000, Loss: 0.555682
Epoch id: 284, Training steps: 1250, Loss: 0.568296
Epoch id: 285, Training steps: 250, Loss: 0.923305
Epoch id: 285, Training steps: 500, Loss: 0.552197
Epoch id: 285, Training steps: 750, Loss: 0.570748
Epoch id: 285, Training steps: 1000, Loss: 0.548524
Epoch id: 285, Training steps: 1250, Loss: 0.562667
Epoch id: 286, Training steps: 250, Loss: 0.922899
Epoch id: 286, Training steps: 500, Loss: 0.566262
Epoch id: 286, Training steps: 750, Loss: 0.551795
Epoch id: 286, Training steps: 1000, Loss: 0.567041
Epoch id: 286, Training steps: 1250, Loss: 0.560839
Epoch id: 287, Training steps: 250, Loss: 0.935064
Epoch id: 287, Training steps: 500, Loss: 0.560393
Epoch id: 287, Training steps: 750, Loss: 0.553544
Epoch id: 287, Training steps: 1000, Loss: 0.549129
Epoch id: 287, Training steps: 1250, Loss: 0.553204
Epoch id: 288, Training steps: 250, Loss: 0.937450
Epoch id: 288, Training steps: 500, Loss: 0.546973
Epoch id: 288, Training steps: 750, Loss: 0.547514
Epoch id: 288, Training steps: 1000, Loss: 0.568436
Epoch id: 288, Training steps: 1250, Loss: 0.562725
Epoch id: 289, Training steps: 250, Loss: 0.924765
Epoch id: 289, Training steps: 500, Loss: 0.564273
Epoch id: 289, Training steps: 750, Loss: 0.568860
Epoch id: 289, Training steps: 1000, Loss: 0.549503
Epoch id: 289, Training steps: 1250, Loss: 0.560182
Epoch id: 290, Training steps: 250, Loss: 0.916182
Epoch id: 290, Training steps: 500, Loss: 0.566510
Epoch id: 290, Training steps: 750, Loss: 0.557341
Epoch id: 290, Training steps: 1000, Loss: 0.555396
Epoch id: 290, Training steps: 1250, Loss: 0.554372
Epoch id: 291, Training steps: 250, Loss: 0.921649
Epoch id: 291, Training steps: 500, Loss: 0.550035
Epoch id: 291, Training steps: 750, Loss: 0.555643
Epoch id: 291, Training steps: 1000, Loss: 0.560283
Epoch id: 291, Training steps: 1250, Loss: 0.560388
Epoch id: 292, Training steps: 250, Loss: 0.926496
Epoch id: 292, Training steps: 500, Loss: 0.565031
Epoch id: 292, Training steps: 750, Loss: 0.567165
Epoch id: 292, Training steps: 1000, Loss: 0.541973
Epoch id: 292, Training steps: 1250, Loss: 0.564115
Epoch id: 293, Training steps: 250, Loss: 0.908818
Epoch id: 293, Training steps: 500, Loss: 0.555878
Epoch id: 293, Training steps: 750, Loss: 0.569793
Epoch id: 293, Training steps: 1000, Loss: 0.552372
Epoch id: 293, Training steps: 1250, Loss: 0.545255
Epoch id: 294, Training steps: 250, Loss: 0.916524
Epoch id: 294, Training steps: 500, Loss: 0.542660
Epoch id: 294, Training steps: 750, Loss: 0.563746
Epoch id: 294, Training steps: 1000, Loss: 0.571900
Epoch id: 294, Training steps: 1250, Loss: 0.561529
Epoch id: 295, Training steps: 250, Loss: 0.930995
Epoch id: 295, Training steps: 500, Loss: 0.555999
Epoch id: 295, Training steps: 750, Loss: 0.555345
Epoch id: 295, Training steps: 1000, Loss: 0.554883
Epoch id: 295, Training steps: 1250, Loss: 0.563753
Epoch id: 296, Training steps: 250, Loss: 0.936781
Epoch id: 296, Training steps: 500, Loss: 0.554996
Epoch id: 296, Training steps: 750, Loss: 0.558084
Epoch id: 296, Training steps: 1000, Loss: 0.571279
Epoch id: 296, Training steps: 1250, Loss: 0.559843
Epoch id: 297, Training steps: 250, Loss: 0.905861
Epoch id: 297, Training steps: 500, Loss: 0.558627
Epoch id: 297, Training steps: 750, Loss: 0.556562
Epoch id: 297, Training steps: 1000, Loss: 0.560131
Epoch id: 297, Training steps: 1250, Loss: 0.548633
Epoch id: 298, Training steps: 250, Loss: 0.918279
Epoch id: 298, Training steps: 500, Loss: 0.562164
Epoch id: 298, Training steps: 750, Loss: 0.544290
Epoch id: 298, Training steps: 1000, Loss: 0.563437
Epoch id: 298, Training steps: 1250, Loss: 0.557228
Epoch id: 299, Training steps: 250, Loss: 0.930728
Epoch id: 299, Training steps: 500, Loss: 0.559023
Epoch id: 299, Training steps: 750, Loss: 0.555569
Epoch id: 299, Training steps: 1000, Loss: 0.552481
Epoch id: 299, Training steps: 1250, Loss: 0.547976
Epoch id: 300, Training steps: 250, Loss: 0.909034
Epoch id: 300, Training steps: 500, Loss: 0.559274
Epoch id: 300, Training steps: 750, Loss: 0.558422
Epoch id: 300, Training steps: 1000, Loss: 0.556075
Epoch id: 300, Training steps: 1250, Loss: 0.568725
Event: total_right, total_predict, predict_right: 5002, 69369, 2377
Event: precision, recall, and f1: 0.034, 0.475, 0.064
Role: total_right, total_predict, predict_right: 5354, 1602505, 58
Role: precision, recall, and f1: 0.000, 0.011, 0.000
Epoch id: 301, Training steps: 250, Loss: 0.918521
Epoch id: 301, Training steps: 500, Loss: 0.555755
Epoch id: 301, Training steps: 750, Loss: 0.562789
Epoch id: 301, Training steps: 1000, Loss: 0.561954
Epoch id: 301, Training steps: 1250, Loss: 0.556975
Epoch id: 302, Training steps: 250, Loss: 0.943764
Epoch id: 302, Training steps: 500, Loss: 0.551694
Epoch id: 302, Training steps: 750, Loss: 0.544702
Epoch id: 302, Training steps: 1000, Loss: 0.564039
Epoch id: 302, Training steps: 1250, Loss: 0.560151
Epoch id: 303, Training steps: 250, Loss: 0.929936
Epoch id: 303, Training steps: 500, Loss: 0.557105
Epoch id: 303, Training steps: 750, Loss: 0.545959
Epoch id: 303, Training steps: 1000, Loss: 0.561369
Epoch id: 303, Training steps: 1250, Loss: 0.556916
Epoch id: 304, Training steps: 250, Loss: 0.922711
Epoch id: 304, Training steps: 500, Loss: 0.566545
Epoch id: 304, Training steps: 750, Loss: 0.552359
Epoch id: 304, Training steps: 1000, Loss: 0.553922
Epoch id: 304, Training steps: 1250, Loss: 0.567988
Epoch id: 305, Training steps: 250, Loss: 0.923575
Epoch id: 305, Training steps: 500, Loss: 0.565408
Epoch id: 305, Training steps: 750, Loss: 0.556711
Epoch id: 305, Training steps: 1000, Loss: 0.548246
Epoch id: 305, Training steps: 1250, Loss: 0.568163
Epoch id: 306, Training steps: 250, Loss: 0.913290
Epoch id: 306, Training steps: 500, Loss: 0.556161
Epoch id: 306, Training steps: 750, Loss: 0.559267
Epoch id: 306, Training steps: 1000, Loss: 0.550397
Epoch id: 306, Training steps: 1250, Loss: 0.560187
Epoch id: 307, Training steps: 250, Loss: 0.926757
Epoch id: 307, Training steps: 500, Loss: 0.551984
Epoch id: 307, Training steps: 750, Loss: 0.563196
Epoch id: 307, Training steps: 1000, Loss: 0.533397
Epoch id: 307, Training steps: 1250, Loss: 0.549284
Epoch id: 308, Training steps: 250, Loss: 0.930334
Epoch id: 308, Training steps: 500, Loss: 0.553813
Epoch id: 308, Training steps: 750, Loss: 0.563307
Epoch id: 308, Training steps: 1000, Loss: 0.559567
Epoch id: 308, Training steps: 1250, Loss: 0.550671
Epoch id: 309, Training steps: 250, Loss: 0.924518
Epoch id: 309, Training steps: 500, Loss: 0.555565
Epoch id: 309, Training steps: 750, Loss: 0.570543
Epoch id: 309, Training steps: 1000, Loss: 0.561652
Epoch id: 309, Training steps: 1250, Loss: 0.552162
Epoch id: 310, Training steps: 250, Loss: 0.921080
Epoch id: 310, Training steps: 500, Loss: 0.546347
Epoch id: 310, Training steps: 750, Loss: 0.555859
Epoch id: 310, Training steps: 1000, Loss: 0.561399
Epoch id: 310, Training steps: 1250, Loss: 0.562725
Epoch id: 311, Training steps: 250, Loss: 0.933687
Epoch id: 311, Training steps: 500, Loss: 0.562847
Epoch id: 311, Training steps: 750, Loss: 0.556197
Epoch id: 311, Training steps: 1000, Loss: 0.556963
Epoch id: 311, Training steps: 1250, Loss: 0.543880
Epoch id: 312, Training steps: 250, Loss: 0.907790
Epoch id: 312, Training steps: 500, Loss: 0.561086
Epoch id: 312, Training steps: 750, Loss: 0.549905
Epoch id: 312, Training steps: 1000, Loss: 0.549339
Epoch id: 312, Training steps: 1250, Loss: 0.555763
Epoch id: 313, Training steps: 250, Loss: 0.924569
Epoch id: 313, Training steps: 500, Loss: 0.548177
Epoch id: 313, Training steps: 750, Loss: 0.547006
Epoch id: 313, Training steps: 1000, Loss: 0.546774
Epoch id: 313, Training steps: 1250, Loss: 0.569573
Epoch id: 314, Training steps: 250, Loss: 0.915778
Epoch id: 314, Training steps: 500, Loss: 0.553574
Epoch id: 314, Training steps: 750, Loss: 0.559774
Epoch id: 314, Training steps: 1000, Loss: 0.561163
Epoch id: 314, Training steps: 1250, Loss: 0.560475
Epoch id: 315, Training steps: 250, Loss: 0.911382
Epoch id: 315, Training steps: 500, Loss: 0.555275
Epoch id: 315, Training steps: 750, Loss: 0.556291
Epoch id: 315, Training steps: 1000, Loss: 0.557607
Epoch id: 315, Training steps: 1250, Loss: 0.556129
Epoch id: 316, Training steps: 250, Loss: 0.901984
Epoch id: 316, Training steps: 500, Loss: 0.565421
Epoch id: 316, Training steps: 750, Loss: 0.563654
Epoch id: 316, Training steps: 1000, Loss: 0.548862
Epoch id: 316, Training steps: 1250, Loss: 0.566777
Epoch id: 317, Training steps: 250, Loss: 0.917479
Epoch id: 317, Training steps: 500, Loss: 0.558172
Epoch id: 317, Training steps: 750, Loss: 0.558154
Epoch id: 317, Training steps: 1000, Loss: 0.554222
Epoch id: 317, Training steps: 1250, Loss: 0.558150
Epoch id: 318, Training steps: 250, Loss: 0.917515
Epoch id: 318, Training steps: 500, Loss: 0.554693
Epoch id: 318, Training steps: 750, Loss: 0.556952
Epoch id: 318, Training steps: 1000, Loss: 0.549672
Epoch id: 318, Training steps: 1250, Loss: 0.555226
Epoch id: 319, Training steps: 250, Loss: 0.910340
Epoch id: 319, Training steps: 500, Loss: 0.563946
Epoch id: 319, Training steps: 750, Loss: 0.562370
Epoch id: 319, Training steps: 1000, Loss: 0.553093
Epoch id: 319, Training steps: 1250, Loss: 0.552132
Epoch id: 320, Training steps: 250, Loss: 0.921492
Epoch id: 320, Training steps: 500, Loss: 0.557347
Epoch id: 320, Training steps: 750, Loss: 0.542790
Epoch id: 320, Training steps: 1000, Loss: 0.545540
Epoch id: 320, Training steps: 1250, Loss: 0.556174
Epoch id: 321, Training steps: 250, Loss: 0.932318
Epoch id: 321, Training steps: 500, Loss: 0.551298
Epoch id: 321, Training steps: 750, Loss: 0.556600
Epoch id: 321, Training steps: 1000, Loss: 0.552875
Epoch id: 321, Training steps: 1250, Loss: 0.556090
Epoch id: 322, Training steps: 250, Loss: 0.911295
Epoch id: 322, Training steps: 500, Loss: 0.554936
Epoch id: 322, Training steps: 750, Loss: 0.561183
Epoch id: 322, Training steps: 1000, Loss: 0.560536
Epoch id: 322, Training steps: 1250, Loss: 0.548424
Epoch id: 323, Training steps: 250, Loss: 0.921150
Epoch id: 323, Training steps: 500, Loss: 0.561354
Epoch id: 323, Training steps: 750, Loss: 0.538653
Epoch id: 323, Training steps: 1000, Loss: 0.535955
Epoch id: 323, Training steps: 1250, Loss: 0.553681
Epoch id: 324, Training steps: 250, Loss: 0.917132
Epoch id: 324, Training steps: 500, Loss: 0.546824
Epoch id: 324, Training steps: 750, Loss: 0.534778
Epoch id: 324, Training steps: 1000, Loss: 0.558527
Epoch id: 324, Training steps: 1250, Loss: 0.576131
Epoch id: 325, Training steps: 250, Loss: 0.923114
Epoch id: 325, Training steps: 500, Loss: 0.569391
Epoch id: 325, Training steps: 750, Loss: 0.542428
Epoch id: 325, Training steps: 1000, Loss: 0.553224
Epoch id: 325, Training steps: 1250, Loss: 0.554154
Epoch id: 326, Training steps: 250, Loss: 0.905490
Epoch id: 326, Training steps: 500, Loss: 0.550829
Epoch id: 326, Training steps: 750, Loss: 0.564663
Epoch id: 326, Training steps: 1000, Loss: 0.562508
Epoch id: 326, Training steps: 1250, Loss: 0.538791
Epoch id: 327, Training steps: 250, Loss: 0.916583
Epoch id: 327, Training steps: 500, Loss: 0.549665
Epoch id: 327, Training steps: 750, Loss: 0.536654
Epoch id: 327, Training steps: 1000, Loss: 0.552380
Epoch id: 327, Training steps: 1250, Loss: 0.557081
Epoch id: 328, Training steps: 250, Loss: 0.921096
Epoch id: 328, Training steps: 500, Loss: 0.530051
Epoch id: 328, Training steps: 750, Loss: 0.567389
Epoch id: 328, Training steps: 1000, Loss: 0.559031
Epoch id: 328, Training steps: 1250, Loss: 0.547664
Epoch id: 329, Training steps: 250, Loss: 0.902032
Epoch id: 329, Training steps: 500, Loss: 0.548310
Epoch id: 329, Training steps: 750, Loss: 0.562146
Epoch id: 329, Training steps: 1000, Loss: 0.550091
Epoch id: 329, Training steps: 1250, Loss: 0.552697
Epoch id: 330, Training steps: 250, Loss: 0.920706
Epoch id: 330, Training steps: 500, Loss: 0.555389
Epoch id: 330, Training steps: 750, Loss: 0.539314
Epoch id: 330, Training steps: 1000, Loss: 0.558677
Epoch id: 330, Training steps: 1250, Loss: 0.551799
Epoch id: 331, Training steps: 250, Loss: 0.928477
Epoch id: 331, Training steps: 500, Loss: 0.560010
Epoch id: 331, Training steps: 750, Loss: 0.545630
Epoch id: 331, Training steps: 1000, Loss: 0.558733
Epoch id: 331, Training steps: 1250, Loss: 0.551076
Epoch id: 332, Training steps: 250, Loss: 0.896011
Epoch id: 332, Training steps: 500, Loss: 0.557310
Epoch id: 332, Training steps: 750, Loss: 0.544052
Epoch id: 332, Training steps: 1000, Loss: 0.557568
Epoch id: 332, Training steps: 1250, Loss: 0.557812
Epoch id: 333, Training steps: 250, Loss: 0.901708
Epoch id: 333, Training steps: 500, Loss: 0.554698
Epoch id: 333, Training steps: 750, Loss: 0.554323
Epoch id: 333, Training steps: 1000, Loss: 0.548403
Epoch id: 333, Training steps: 1250, Loss: 0.542001
Epoch id: 334, Training steps: 250, Loss: 0.918247
Epoch id: 334, Training steps: 500, Loss: 0.549091
Epoch id: 334, Training steps: 750, Loss: 0.555677
Epoch id: 334, Training steps: 1000, Loss: 0.546482
Epoch id: 334, Training steps: 1250, Loss: 0.568730
Epoch id: 335, Training steps: 250, Loss: 0.911087
Epoch id: 335, Training steps: 500, Loss: 0.540046
Epoch id: 335, Training steps: 750, Loss: 0.548410
Epoch id: 335, Training steps: 1000, Loss: 0.543793
Epoch id: 335, Training steps: 1250, Loss: 0.547311
Epoch id: 336, Training steps: 250, Loss: 0.916179
Epoch id: 336, Training steps: 500, Loss: 0.552700
Epoch id: 336, Training steps: 750, Loss: 0.545606
Epoch id: 336, Training steps: 1000, Loss: 0.542679
Epoch id: 336, Training steps: 1250, Loss: 0.546698
Epoch id: 337, Training steps: 250, Loss: 0.914651
Epoch id: 337, Training steps: 500, Loss: 0.546920
Epoch id: 337, Training steps: 750, Loss: 0.550033
Epoch id: 337, Training steps: 1000, Loss: 0.548820
Epoch id: 337, Training steps: 1250, Loss: 0.547843
Epoch id: 338, Training steps: 250, Loss: 0.906335
Epoch id: 338, Training steps: 500, Loss: 0.552547
Epoch id: 338, Training steps: 750, Loss: 0.561824
Epoch id: 338, Training steps: 1000, Loss: 0.563300
Epoch id: 338, Training steps: 1250, Loss: 0.559906
Epoch id: 339, Training steps: 250, Loss: 0.922981
Epoch id: 339, Training steps: 500, Loss: 0.556739
Epoch id: 339, Training steps: 750, Loss: 0.546089
Epoch id: 339, Training steps: 1000, Loss: 0.556737
Epoch id: 339, Training steps: 1250, Loss: 0.537368
Epoch id: 340, Training steps: 250, Loss: 0.921193
Epoch id: 340, Training steps: 500, Loss: 0.554683
Epoch id: 340, Training steps: 750, Loss: 0.541872
Epoch id: 340, Training steps: 1000, Loss: 0.556053
Epoch id: 340, Training steps: 1250, Loss: 0.545557
Epoch id: 341, Training steps: 250, Loss: 0.903558
Epoch id: 341, Training steps: 500, Loss: 0.561243
Epoch id: 341, Training steps: 750, Loss: 0.544433
Epoch id: 341, Training steps: 1000, Loss: 0.545285
Epoch id: 341, Training steps: 1250, Loss: 0.556240
Epoch id: 342, Training steps: 250, Loss: 0.905133
Epoch id: 342, Training steps: 500, Loss: 0.561239
Epoch id: 342, Training steps: 750, Loss: 0.551793
Epoch id: 342, Training steps: 1000, Loss: 0.543132
Epoch id: 342, Training steps: 1250, Loss: 0.555683
Epoch id: 343, Training steps: 250, Loss: 0.901217
Epoch id: 343, Training steps: 500, Loss: 0.550778
Epoch id: 343, Training steps: 750, Loss: 0.535800
Epoch id: 343, Training steps: 1000, Loss: 0.550057
Epoch id: 343, Training steps: 1250, Loss: 0.547992
Epoch id: 344, Training steps: 250, Loss: 0.910130
Epoch id: 344, Training steps: 500, Loss: 0.543660
Epoch id: 344, Training steps: 750, Loss: 0.541091
Epoch id: 344, Training steps: 1000, Loss: 0.556026
Epoch id: 344, Training steps: 1250, Loss: 0.544384
Epoch id: 345, Training steps: 250, Loss: 0.913542
Epoch id: 345, Training steps: 500, Loss: 0.548209
Epoch id: 345, Training steps: 750, Loss: 0.547353
Epoch id: 345, Training steps: 1000, Loss: 0.543089
Epoch id: 345, Training steps: 1250, Loss: 0.556724
Epoch id: 346, Training steps: 250, Loss: 0.897677
Epoch id: 346, Training steps: 500, Loss: 0.540722
Epoch id: 346, Training steps: 750, Loss: 0.561495
Epoch id: 346, Training steps: 1000, Loss: 0.551734
Epoch id: 346, Training steps: 1250, Loss: 0.551929
Epoch id: 347, Training steps: 250, Loss: 0.912758
Epoch id: 347, Training steps: 500, Loss: 0.548877
Epoch id: 347, Training steps: 750, Loss: 0.555983
Epoch id: 347, Training steps: 1000, Loss: 0.545509
Epoch id: 347, Training steps: 1250, Loss: 0.549633
Epoch id: 348, Training steps: 250, Loss: 0.934955
Epoch id: 348, Training steps: 500, Loss: 0.551805
Epoch id: 348, Training steps: 750, Loss: 0.550939
Epoch id: 348, Training steps: 1000, Loss: 0.545686
Epoch id: 348, Training steps: 1250, Loss: 0.543056
Epoch id: 349, Training steps: 250, Loss: 0.907769
Epoch id: 349, Training steps: 500, Loss: 0.539512
Epoch id: 349, Training steps: 750, Loss: 0.549983
Epoch id: 349, Training steps: 1000, Loss: 0.542175
Epoch id: 349, Training steps: 1250, Loss: 0.542500
Epoch id: 350, Training steps: 250, Loss: 0.918394
Epoch id: 350, Training steps: 500, Loss: 0.548039
Epoch id: 350, Training steps: 750, Loss: 0.543879
Epoch id: 350, Training steps: 1000, Loss: 0.553837
Epoch id: 350, Training steps: 1250, Loss: 0.551342
Epoch id: 351, Training steps: 250, Loss: 0.901353
Epoch id: 351, Training steps: 500, Loss: 0.547266
Epoch id: 351, Training steps: 750, Loss: 0.553081
Epoch id: 351, Training steps: 1000, Loss: 0.528012
Epoch id: 351, Training steps: 1250, Loss: 0.554247
Epoch id: 352, Training steps: 250, Loss: 0.921365
Epoch id: 352, Training steps: 500, Loss: 0.550970
Epoch id: 352, Training steps: 750, Loss: 0.550207
Epoch id: 352, Training steps: 1000, Loss: 0.544589
Epoch id: 352, Training steps: 1250, Loss: 0.528704
Epoch id: 353, Training steps: 250, Loss: 0.903884
Epoch id: 353, Training steps: 500, Loss: 0.535013
Epoch id: 353, Training steps: 750, Loss: 0.550262
Epoch id: 353, Training steps: 1000, Loss: 0.558084
Epoch id: 353, Training steps: 1250, Loss: 0.548131
Epoch id: 354, Training steps: 250, Loss: 0.905623
Epoch id: 354, Training steps: 500, Loss: 0.544265
Epoch id: 354, Training steps: 750, Loss: 0.551842
Epoch id: 354, Training steps: 1000, Loss: 0.541276
Epoch id: 354, Training steps: 1250, Loss: 0.548721
Epoch id: 355, Training steps: 250, Loss: 0.902654
Epoch id: 355, Training steps: 500, Loss: 0.540255
Epoch id: 355, Training steps: 750, Loss: 0.546514
Epoch id: 355, Training steps: 1000, Loss: 0.557447
Epoch id: 355, Training steps: 1250, Loss: 0.549650
Epoch id: 356, Training steps: 250, Loss: 0.923328
Epoch id: 356, Training steps: 500, Loss: 0.547158
Epoch id: 356, Training steps: 750, Loss: 0.536790
Epoch id: 356, Training steps: 1000, Loss: 0.536918
Epoch id: 356, Training steps: 1250, Loss: 0.548482
Epoch id: 357, Training steps: 250, Loss: 0.915275
Epoch id: 357, Training steps: 500, Loss: 0.550150
Epoch id: 357, Training steps: 750, Loss: 0.536618
Epoch id: 357, Training steps: 1000, Loss: 0.535162
Epoch id: 357, Training steps: 1250, Loss: 0.551470
Epoch id: 358, Training steps: 250, Loss: 0.904737
Epoch id: 358, Training steps: 500, Loss: 0.547297
Epoch id: 358, Training steps: 750, Loss: 0.548879
Epoch id: 358, Training steps: 1000, Loss: 0.541072
Epoch id: 358, Training steps: 1250, Loss: 0.549409
Epoch id: 359, Training steps: 250, Loss: 0.908642
Epoch id: 359, Training steps: 500, Loss: 0.539153
Epoch id: 359, Training steps: 750, Loss: 0.537870
Epoch id: 359, Training steps: 1000, Loss: 0.551226
Epoch id: 359, Training steps: 1250, Loss: 0.555616
Epoch id: 360, Training steps: 250, Loss: 0.906782
Epoch id: 360, Training steps: 500, Loss: 0.541551
Epoch id: 360, Training steps: 750, Loss: 0.552737
Epoch id: 360, Training steps: 1000, Loss: 0.531851
Epoch id: 360, Training steps: 1250, Loss: 0.540759
Epoch id: 361, Training steps: 250, Loss: 0.907874
Epoch id: 361, Training steps: 500, Loss: 0.541585
Epoch id: 361, Training steps: 750, Loss: 0.547488
Epoch id: 361, Training steps: 1000, Loss: 0.553689
Epoch id: 361, Training steps: 1250, Loss: 0.540218
Epoch id: 362, Training steps: 250, Loss: 0.911040
Epoch id: 362, Training steps: 500, Loss: 0.543430
Epoch id: 362, Training steps: 750, Loss: 0.554069
Epoch id: 362, Training steps: 1000, Loss: 0.547883
Epoch id: 362, Training steps: 1250, Loss: 0.550622
Epoch id: 363, Training steps: 250, Loss: 0.904303
Epoch id: 363, Training steps: 500, Loss: 0.546894
Epoch id: 363, Training steps: 750, Loss: 0.551080
Epoch id: 363, Training steps: 1000, Loss: 0.549262
Epoch id: 363, Training steps: 1250, Loss: 0.550220
Epoch id: 364, Training steps: 250, Loss: 0.904558
Epoch id: 364, Training steps: 500, Loss: 0.550224
Epoch id: 364, Training steps: 750, Loss: 0.541787
Epoch id: 364, Training steps: 1000, Loss: 0.538430
Epoch id: 364, Training steps: 1250, Loss: 0.545606
Epoch id: 365, Training steps: 250, Loss: 0.896296
Epoch id: 365, Training steps: 500, Loss: 0.540611
Epoch id: 365, Training steps: 750, Loss: 0.532563
Epoch id: 365, Training steps: 1000, Loss: 0.553147
Epoch id: 365, Training steps: 1250, Loss: 0.541722
Epoch id: 366, Training steps: 250, Loss: 0.919137
Epoch id: 366, Training steps: 500, Loss: 0.546150
Epoch id: 366, Training steps: 750, Loss: 0.558902
Epoch id: 366, Training steps: 1000, Loss: 0.535874
Epoch id: 366, Training steps: 1250, Loss: 0.546004
Epoch id: 367, Training steps: 250, Loss: 0.917839
Epoch id: 367, Training steps: 500, Loss: 0.544116
Epoch id: 367, Training steps: 750, Loss: 0.542469
Epoch id: 367, Training steps: 1000, Loss: 0.544501
Epoch id: 367, Training steps: 1250, Loss: 0.562519
Epoch id: 368, Training steps: 250, Loss: 0.898830
Epoch id: 368, Training steps: 500, Loss: 0.545051
Epoch id: 368, Training steps: 750, Loss: 0.546919
Epoch id: 368, Training steps: 1000, Loss: 0.544847
Epoch id: 368, Training steps: 1250, Loss: 0.544463
Epoch id: 369, Training steps: 250, Loss: 0.894951
Epoch id: 369, Training steps: 500, Loss: 0.539579
Epoch id: 369, Training steps: 750, Loss: 0.530664
Epoch id: 369, Training steps: 1000, Loss: 0.552224
Epoch id: 369, Training steps: 1250, Loss: 0.534738
Epoch id: 370, Training steps: 250, Loss: 0.892991
Epoch id: 370, Training steps: 500, Loss: 0.552535
Epoch id: 370, Training steps: 750, Loss: 0.556149
Epoch id: 370, Training steps: 1000, Loss: 0.535596
Epoch id: 370, Training steps: 1250, Loss: 0.538917
Epoch id: 371, Training steps: 250, Loss: 0.904541
Epoch id: 371, Training steps: 500, Loss: 0.542718
Epoch id: 371, Training steps: 750, Loss: 0.541840
Epoch id: 371, Training steps: 1000, Loss: 0.541852
Epoch id: 371, Training steps: 1250, Loss: 0.553951
Epoch id: 372, Training steps: 250, Loss: 0.889873
Epoch id: 372, Training steps: 500, Loss: 0.552583
Epoch id: 372, Training steps: 750, Loss: 0.538788
Epoch id: 372, Training steps: 1000, Loss: 0.547153
Epoch id: 372, Training steps: 1250, Loss: 0.539016
Epoch id: 373, Training steps: 250, Loss: 0.906266
Epoch id: 373, Training steps: 500, Loss: 0.555643
Epoch id: 373, Training steps: 750, Loss: 0.535460
Epoch id: 373, Training steps: 1000, Loss: 0.538070
Epoch id: 373, Training steps: 1250, Loss: 0.541590
Epoch id: 374, Training steps: 250, Loss: 0.903068
Epoch id: 374, Training steps: 500, Loss: 0.551153
Epoch id: 374, Training steps: 750, Loss: 0.555852
Epoch id: 374, Training steps: 1000, Loss: 0.530273
Epoch id: 374, Training steps: 1250, Loss: 0.551045
Epoch id: 375, Training steps: 250, Loss: 0.890806
Epoch id: 375, Training steps: 500, Loss: 0.550681
Epoch id: 375, Training steps: 750, Loss: 0.557548
Epoch id: 375, Training steps: 1000, Loss: 0.545693
Epoch id: 375, Training steps: 1250, Loss: 0.540758
Epoch id: 376, Training steps: 250, Loss: 0.892133
Epoch id: 376, Training steps: 500, Loss: 0.550365
