nohup: ignoring input
Start training.
--------------- The 1-th fold as the validation set... ---------------
Cascade_Binary: Preprocessing dataset...
Data length:  11314
Epoch id: 1, Training steps: 250, Loss: 2.918352
Epoch id: 1, Training steps: 500, Loss: 2.711417
Epoch id: 1, Training steps: 750, Loss: 2.557940
Epoch id: 1, Training steps: 1000, Loss: 2.325276
Epoch id: 1, Training steps: 1250, Loss: 2.009672
Epoch id: 2, Training steps: 250, Loss: 2.922284
Epoch id: 2, Training steps: 500, Loss: 1.647449
Epoch id: 2, Training steps: 750, Loss: 1.604095
Epoch id: 2, Training steps: 1000, Loss: 1.548732
Epoch id: 2, Training steps: 1250, Loss: 1.522900
Epoch id: 3, Training steps: 250, Loss: 2.454557
Epoch id: 3, Training steps: 500, Loss: 1.451467
Epoch id: 3, Training steps: 750, Loss: 1.440670
Epoch id: 3, Training steps: 1000, Loss: 1.426237
Epoch id: 3, Training steps: 1250, Loss: 1.416714
Epoch id: 4, Training steps: 250, Loss: 2.323900
Epoch id: 4, Training steps: 500, Loss: 1.372166
Epoch id: 4, Training steps: 750, Loss: 1.369077
Epoch id: 4, Training steps: 1000, Loss: 1.364683
Epoch id: 4, Training steps: 1250, Loss: 1.361567
Epoch id: 5, Training steps: 250, Loss: 2.223439
Epoch id: 5, Training steps: 500, Loss: 1.343067
Epoch id: 5, Training steps: 750, Loss: 1.336580
Epoch id: 5, Training steps: 1000, Loss: 1.310974
Epoch id: 5, Training steps: 1250, Loss: 1.332430
Epoch id: 6, Training steps: 250, Loss: 2.182980
Epoch id: 6, Training steps: 500, Loss: 1.312675
Epoch id: 6, Training steps: 750, Loss: 1.297578
Epoch id: 6, Training steps: 1000, Loss: 1.297088
Epoch id: 6, Training steps: 1250, Loss: 1.303947
Epoch id: 7, Training steps: 250, Loss: 2.126627
Epoch id: 7, Training steps: 500, Loss: 1.278791
Epoch id: 7, Training steps: 750, Loss: 1.274894
Epoch id: 7, Training steps: 1000, Loss: 1.299122
Epoch id: 7, Training steps: 1250, Loss: 1.284631
Epoch id: 8, Training steps: 250, Loss: 2.099261
Epoch id: 8, Training steps: 500, Loss: 1.275370
Epoch id: 8, Training steps: 750, Loss: 1.275969
Epoch id: 8, Training steps: 1000, Loss: 1.271362
Epoch id: 8, Training steps: 1250, Loss: 1.263119
Epoch id: 9, Training steps: 250, Loss: 2.076728
Epoch id: 9, Training steps: 500, Loss: 1.248700
Epoch id: 9, Training steps: 750, Loss: 1.242076
Epoch id: 9, Training steps: 1000, Loss: 1.224206
Epoch id: 9, Training steps: 1250, Loss: 1.230154
Epoch id: 10, Training steps: 250, Loss: 2.017717
Epoch id: 10, Training steps: 500, Loss: 1.211020
Epoch id: 10, Training steps: 750, Loss: 1.185256
Epoch id: 10, Training steps: 1000, Loss: 1.195845
Epoch id: 10, Training steps: 1250, Loss: 1.184831
Epoch id: 11, Training steps: 250, Loss: 1.932259
Epoch id: 11, Training steps: 500, Loss: 1.135914
Epoch id: 11, Training steps: 750, Loss: 1.140897
Epoch id: 11, Training steps: 1000, Loss: 1.125543
Epoch id: 11, Training steps: 1250, Loss: 1.130913
Epoch id: 12, Training steps: 250, Loss: 1.852096
Epoch id: 12, Training steps: 500, Loss: 1.093348
Epoch id: 12, Training steps: 750, Loss: 1.063932
Epoch id: 12, Training steps: 1000, Loss: 1.073810
Epoch id: 12, Training steps: 1250, Loss: 1.092755
Epoch id: 13, Training steps: 250, Loss: 1.772773
Epoch id: 13, Training steps: 500, Loss: 1.065145
Epoch id: 13, Training steps: 750, Loss: 1.039890
Epoch id: 13, Training steps: 1000, Loss: 1.060542
Epoch id: 13, Training steps: 1250, Loss: 1.083409
Epoch id: 14, Training steps: 250, Loss: 1.711568
Epoch id: 14, Training steps: 500, Loss: 1.021060
Epoch id: 14, Training steps: 750, Loss: 1.020144
Epoch id: 14, Training steps: 1000, Loss: 1.026510
Epoch id: 14, Training steps: 1250, Loss: 1.016136
Epoch id: 15, Training steps: 250, Loss: 1.651119
Epoch id: 15, Training steps: 500, Loss: 1.002545
Epoch id: 15, Training steps: 750, Loss: 0.983857
Epoch id: 15, Training steps: 1000, Loss: 0.983354
Epoch id: 15, Training steps: 1250, Loss: 1.018330
Epoch id: 16, Training steps: 250, Loss: 1.634395
Epoch id: 16, Training steps: 500, Loss: 0.974609
Epoch id: 16, Training steps: 750, Loss: 0.988796
Epoch id: 16, Training steps: 1000, Loss: 0.960460
Epoch id: 16, Training steps: 1250, Loss: 0.971829
Epoch id: 17, Training steps: 250, Loss: 1.605465
Epoch id: 17, Training steps: 500, Loss: 0.978126
Epoch id: 17, Training steps: 750, Loss: 0.980954
Epoch id: 17, Training steps: 1000, Loss: 0.957714
Epoch id: 17, Training steps: 1250, Loss: 0.950653
Epoch id: 18, Training steps: 250, Loss: 1.572078
Epoch id: 18, Training steps: 500, Loss: 0.968205
Epoch id: 18, Training steps: 750, Loss: 0.947543
Epoch id: 18, Training steps: 1000, Loss: 0.943177
Epoch id: 18, Training steps: 1250, Loss: 0.925637
Epoch id: 19, Training steps: 250, Loss: 1.577351
Epoch id: 19, Training steps: 500, Loss: 0.922164
Epoch id: 19, Training steps: 750, Loss: 0.955723
Epoch id: 19, Training steps: 1000, Loss: 0.942876
Epoch id: 19, Training steps: 1250, Loss: 0.930847
Epoch id: 20, Training steps: 250, Loss: 1.566401
Epoch id: 20, Training steps: 500, Loss: 0.926773
Epoch id: 20, Training steps: 750, Loss: 0.951623
Epoch id: 20, Training steps: 1000, Loss: 0.942833
Epoch id: 20, Training steps: 1250, Loss: 0.925608
Event: total_right, total_predict, predict_right: 5002, 135768, 3349
Event: precision, recall, and f1: 0.025, 0.670, 0.048
Role: total_right, total_predict, predict_right: 5354, 3639509, 58
Role: precision, recall, and f1: 0.000, 0.011, 0.000
Saving middle model...
Epoch id: 21, Training steps: 250, Loss: 1.548777
Epoch id: 21, Training steps: 500, Loss: 0.947007
Epoch id: 21, Training steps: 750, Loss: 0.931146
Epoch id: 21, Training steps: 1000, Loss: 0.933204
Epoch id: 21, Training steps: 1250, Loss: 0.936613
Epoch id: 22, Training steps: 250, Loss: 1.502761
Epoch id: 22, Training steps: 500, Loss: 0.895193
Epoch id: 22, Training steps: 750, Loss: 0.910847
Epoch id: 22, Training steps: 1000, Loss: 0.922576
Epoch id: 22, Training steps: 1250, Loss: 0.925290
Epoch id: 23, Training steps: 250, Loss: 1.514547
Epoch id: 23, Training steps: 500, Loss: 0.931860
Epoch id: 23, Training steps: 750, Loss: 0.914967
Epoch id: 23, Training steps: 1000, Loss: 0.908455
Epoch id: 23, Training steps: 1250, Loss: 0.904157
Epoch id: 24, Training steps: 250, Loss: 1.514882
Epoch id: 24, Training steps: 500, Loss: 0.888385
Epoch id: 24, Training steps: 750, Loss: 0.911801
Epoch id: 24, Training steps: 1000, Loss: 0.902048
Epoch id: 24, Training steps: 1250, Loss: 0.894551
Epoch id: 25, Training steps: 250, Loss: 1.482055
Epoch id: 25, Training steps: 500, Loss: 0.900502
Epoch id: 25, Training steps: 750, Loss: 0.900173
Epoch id: 25, Training steps: 1000, Loss: 0.884484
Epoch id: 25, Training steps: 1250, Loss: 0.926012
Epoch id: 26, Training steps: 250, Loss: 1.461926
Epoch id: 26, Training steps: 500, Loss: 0.861474
Epoch id: 26, Training steps: 750, Loss: 0.896317
Epoch id: 26, Training steps: 1000, Loss: 0.892501
Epoch id: 26, Training steps: 1250, Loss: 0.899812
Epoch id: 27, Training steps: 250, Loss: 1.481951
Epoch id: 27, Training steps: 500, Loss: 0.907952
Epoch id: 27, Training steps: 750, Loss: 0.908198
Epoch id: 27, Training steps: 1000, Loss: 0.875357
Epoch id: 27, Training steps: 1250, Loss: 0.878573
Epoch id: 28, Training steps: 250, Loss: 1.439767
Epoch id: 28, Training steps: 500, Loss: 0.862888
Epoch id: 28, Training steps: 750, Loss: 0.880190
Epoch id: 28, Training steps: 1000, Loss: 0.886511
Epoch id: 28, Training steps: 1250, Loss: 0.873948
Epoch id: 29, Training steps: 250, Loss: 1.452112
Epoch id: 29, Training steps: 500, Loss: 0.846527
Epoch id: 29, Training steps: 750, Loss: 0.874198
Epoch id: 29, Training steps: 1000, Loss: 0.884836
Epoch id: 29, Training steps: 1250, Loss: 0.878741
Epoch id: 30, Training steps: 250, Loss: 1.429587
Epoch id: 30, Training steps: 500, Loss: 0.853242
Epoch id: 30, Training steps: 750, Loss: 0.877759
Epoch id: 30, Training steps: 1000, Loss: 0.848718
Epoch id: 30, Training steps: 1250, Loss: 0.868549
Epoch id: 31, Training steps: 250, Loss: 1.442861
Epoch id: 31, Training steps: 500, Loss: 0.847367
Epoch id: 31, Training steps: 750, Loss: 0.859034
Epoch id: 31, Training steps: 1000, Loss: 0.848493
Epoch id: 31, Training steps: 1250, Loss: 0.880159
Epoch id: 32, Training steps: 250, Loss: 1.393876
Epoch id: 32, Training steps: 500, Loss: 0.879864
Epoch id: 32, Training steps: 750, Loss: 0.850225
Epoch id: 32, Training steps: 1000, Loss: 0.884655
Epoch id: 32, Training steps: 1250, Loss: 0.860408
Epoch id: 33, Training steps: 250, Loss: 1.419771
Epoch id: 33, Training steps: 500, Loss: 0.874271
Epoch id: 33, Training steps: 750, Loss: 0.854501
Epoch id: 33, Training steps: 1000, Loss: 0.848156
Epoch id: 33, Training steps: 1250, Loss: 0.867943
Epoch id: 34, Training steps: 250, Loss: 1.407451
Epoch id: 34, Training steps: 500, Loss: 0.842710
Epoch id: 34, Training steps: 750, Loss: 0.842510
Epoch id: 34, Training steps: 1000, Loss: 0.854221
Epoch id: 34, Training steps: 1250, Loss: 0.856814
Epoch id: 35, Training steps: 250, Loss: 1.401468
Epoch id: 35, Training steps: 500, Loss: 0.878880
Epoch id: 35, Training steps: 750, Loss: 0.843265
Epoch id: 35, Training steps: 1000, Loss: 0.826081
Epoch id: 35, Training steps: 1250, Loss: 0.835185
Epoch id: 36, Training steps: 250, Loss: 1.407339
Epoch id: 36, Training steps: 500, Loss: 0.846462
Epoch id: 36, Training steps: 750, Loss: 0.823252
Epoch id: 36, Training steps: 1000, Loss: 0.847016
Epoch id: 36, Training steps: 1250, Loss: 0.858475
Epoch id: 37, Training steps: 250, Loss: 1.389596
Epoch id: 37, Training steps: 500, Loss: 0.835173
Epoch id: 37, Training steps: 750, Loss: 0.831420
Epoch id: 37, Training steps: 1000, Loss: 0.835038
Epoch id: 37, Training steps: 1250, Loss: 0.856640
Epoch id: 38, Training steps: 250, Loss: 1.381154
Epoch id: 38, Training steps: 500, Loss: 0.856306
Epoch id: 38, Training steps: 750, Loss: 0.814302
Epoch id: 38, Training steps: 1000, Loss: 0.839213
Epoch id: 38, Training steps: 1250, Loss: 0.843657
Epoch id: 39, Training steps: 250, Loss: 1.378480
Epoch id: 39, Training steps: 500, Loss: 0.833093
Epoch id: 39, Training steps: 750, Loss: 0.842915
Epoch id: 39, Training steps: 1000, Loss: 0.842839
Epoch id: 39, Training steps: 1250, Loss: 0.819290
Epoch id: 40, Training steps: 250, Loss: 1.374978
Epoch id: 40, Training steps: 500, Loss: 0.821026
Epoch id: 40, Training steps: 750, Loss: 0.843316
Epoch id: 40, Training steps: 1000, Loss: 0.822528
Epoch id: 40, Training steps: 1250, Loss: 0.818590
Event: total_right, total_predict, predict_right: 5002, 145818, 3615
Event: precision, recall, and f1: 0.025, 0.723, 0.048
Role: total_right, total_predict, predict_right: 5354, 4819937, 44
Role: precision, recall, and f1: 0.000, 0.008, 0.000
Epoch id: 41, Training steps: 250, Loss: 1.384903
Epoch id: 41, Training steps: 500, Loss: 0.824527
Epoch id: 41, Training steps: 750, Loss: 0.826711
Epoch id: 41, Training steps: 1000, Loss: 0.818343
Epoch id: 41, Training steps: 1250, Loss: 0.842993
Epoch id: 42, Training steps: 250, Loss: 1.376530
Epoch id: 42, Training steps: 500, Loss: 0.824683
Epoch id: 42, Training steps: 750, Loss: 0.828354
Epoch id: 42, Training steps: 1000, Loss: 0.815794
Epoch id: 42, Training steps: 1250, Loss: 0.809556
Epoch id: 43, Training steps: 250, Loss: 1.389968
Epoch id: 43, Training steps: 500, Loss: 0.815241
Epoch id: 43, Training steps: 750, Loss: 0.824353
Epoch id: 43, Training steps: 1000, Loss: 0.823610
Epoch id: 43, Training steps: 1250, Loss: 0.854595
Epoch id: 44, Training steps: 250, Loss: 1.392647
Epoch id: 44, Training steps: 500, Loss: 0.827303
Epoch id: 44, Training steps: 750, Loss: 0.818971
Epoch id: 44, Training steps: 1000, Loss: 0.811150
Epoch id: 44, Training steps: 1250, Loss: 0.819440
Epoch id: 45, Training steps: 250, Loss: 1.377257
Epoch id: 45, Training steps: 500, Loss: 0.816660
Epoch id: 45, Training steps: 750, Loss: 0.812898
Epoch id: 45, Training steps: 1000, Loss: 0.839599
Epoch id: 45, Training steps: 1250, Loss: 0.817488
Epoch id: 46, Training steps: 250, Loss: 1.375043
Epoch id: 46, Training steps: 500, Loss: 0.792453
Epoch id: 46, Training steps: 750, Loss: 0.795471
Epoch id: 46, Training steps: 1000, Loss: 0.825154
Epoch id: 46, Training steps: 1250, Loss: 0.806108
Epoch id: 47, Training steps: 250, Loss: 1.380035
Epoch id: 47, Training steps: 500, Loss: 0.825342
Epoch id: 47, Training steps: 750, Loss: 0.820028
Epoch id: 47, Training steps: 1000, Loss: 0.830353
Epoch id: 47, Training steps: 1250, Loss: 0.818761
Epoch id: 48, Training steps: 250, Loss: 1.359872
Epoch id: 48, Training steps: 500, Loss: 0.806317
Epoch id: 48, Training steps: 750, Loss: 0.852693
Epoch id: 48, Training steps: 1000, Loss: 0.805519
Epoch id: 48, Training steps: 1250, Loss: 0.818856
Epoch id: 49, Training steps: 250, Loss: 1.357832
Epoch id: 49, Training steps: 500, Loss: 0.821397
Epoch id: 49, Training steps: 750, Loss: 0.796594
Epoch id: 49, Training steps: 1000, Loss: 0.796081
Epoch id: 49, Training steps: 1250, Loss: 0.820060
Epoch id: 50, Training steps: 250, Loss: 1.329884
Epoch id: 50, Training steps: 500, Loss: 0.766872
Epoch id: 50, Training steps: 750, Loss: 0.802076
Epoch id: 50, Training steps: 1000, Loss: 0.840637
Epoch id: 50, Training steps: 1250, Loss: 0.825836
Epoch id: 51, Training steps: 250, Loss: 1.368633
Epoch id: 51, Training steps: 500, Loss: 0.788068
Epoch id: 51, Training steps: 750, Loss: 0.828743
Epoch id: 51, Training steps: 1000, Loss: 0.805939
Epoch id: 51, Training steps: 1250, Loss: 0.807490
Epoch id: 52, Training steps: 250, Loss: 1.317913
Epoch id: 52, Training steps: 500, Loss: 0.809110
Epoch id: 52, Training steps: 750, Loss: 0.819018
Epoch id: 52, Training steps: 1000, Loss: 0.804082
Epoch id: 52, Training steps: 1250, Loss: 0.816121
Epoch id: 53, Training steps: 250, Loss: 1.352789
Epoch id: 53, Training steps: 500, Loss: 0.818948
Epoch id: 53, Training steps: 750, Loss: 0.795250
Epoch id: 53, Training steps: 1000, Loss: 0.779862
Epoch id: 53, Training steps: 1250, Loss: 0.817851
Epoch id: 54, Training steps: 250, Loss: 1.346273
Epoch id: 54, Training steps: 500, Loss: 0.801359
Epoch id: 54, Training steps: 750, Loss: 0.787395
Epoch id: 54, Training steps: 1000, Loss: 0.813043
Epoch id: 54, Training steps: 1250, Loss: 0.809650
Epoch id: 55, Training steps: 250, Loss: 1.331157
Epoch id: 55, Training steps: 500, Loss: 0.833308
Epoch id: 55, Training steps: 750, Loss: 0.810586
Epoch id: 55, Training steps: 1000, Loss: 0.813395
Epoch id: 55, Training steps: 1250, Loss: 0.815274
Epoch id: 56, Training steps: 250, Loss: 1.326832
Epoch id: 56, Training steps: 500, Loss: 0.821414
Epoch id: 56, Training steps: 750, Loss: 0.791524
Epoch id: 56, Training steps: 1000, Loss: 0.804976
Epoch id: 56, Training steps: 1250, Loss: 0.810566
Epoch id: 57, Training steps: 250, Loss: 1.340564
Epoch id: 57, Training steps: 500, Loss: 0.798509
Epoch id: 57, Training steps: 750, Loss: 0.808540
Epoch id: 57, Training steps: 1000, Loss: 0.791977
Epoch id: 57, Training steps: 1250, Loss: 0.779827
Epoch id: 58, Training steps: 250, Loss: 1.374990
Epoch id: 58, Training steps: 500, Loss: 0.800316
Epoch id: 58, Training steps: 750, Loss: 0.784410
Epoch id: 58, Training steps: 1000, Loss: 0.790725
Epoch id: 58, Training steps: 1250, Loss: 0.810880
Epoch id: 59, Training steps: 250, Loss: 1.363549
Epoch id: 59, Training steps: 500, Loss: 0.795272
Epoch id: 59, Training steps: 750, Loss: 0.794297
Epoch id: 59, Training steps: 1000, Loss: 0.794536
Epoch id: 59, Training steps: 1250, Loss: 0.822193
Epoch id: 60, Training steps: 250, Loss: 1.329465
Epoch id: 60, Training steps: 500, Loss: 0.791522
Epoch id: 60, Training steps: 750, Loss: 0.788910
Epoch id: 60, Training steps: 1000, Loss: 0.803092
Epoch id: 60, Training steps: 1250, Loss: 0.788792
Event: total_right, total_predict, predict_right: 5002, 149750, 3521
Event: precision, recall, and f1: 0.024, 0.704, 0.046
Role: total_right, total_predict, predict_right: 5354, 5139573, 30
Role: precision, recall, and f1: 0.000, 0.006, 0.000
Epoch id: 61, Training steps: 250, Loss: 1.315945
Epoch id: 61, Training steps: 500, Loss: 0.806638
Epoch id: 61, Training steps: 750, Loss: 0.792808
Epoch id: 61, Training steps: 1000, Loss: 0.796884
Epoch id: 61, Training steps: 1250, Loss: 0.802279
Epoch id: 62, Training steps: 250, Loss: 1.311721
Epoch id: 62, Training steps: 500, Loss: 0.778378
Epoch id: 62, Training steps: 750, Loss: 0.773752
Epoch id: 62, Training steps: 1000, Loss: 0.798032
Epoch id: 62, Training steps: 1250, Loss: 0.780746
Epoch id: 63, Training steps: 250, Loss: 1.332034
Epoch id: 63, Training steps: 500, Loss: 0.784789
Epoch id: 63, Training steps: 750, Loss: 0.789421
Epoch id: 63, Training steps: 1000, Loss: 0.796776
Epoch id: 63, Training steps: 1250, Loss: 0.812152
Epoch id: 64, Training steps: 250, Loss: 1.328392
Epoch id: 64, Training steps: 500, Loss: 0.793543
Epoch id: 64, Training steps: 750, Loss: 0.797349
Epoch id: 64, Training steps: 1000, Loss: 0.810199
Epoch id: 64, Training steps: 1250, Loss: 0.802182
Epoch id: 65, Training steps: 250, Loss: 1.310736
Epoch id: 65, Training steps: 500, Loss: 0.795364
Epoch id: 65, Training steps: 750, Loss: 0.795053
Epoch id: 65, Training steps: 1000, Loss: 0.783081
Epoch id: 65, Training steps: 1250, Loss: 0.773772
Epoch id: 66, Training steps: 250, Loss: 1.323008
Epoch id: 66, Training steps: 500, Loss: 0.803804
Epoch id: 66, Training steps: 750, Loss: 0.814047
Epoch id: 66, Training steps: 1000, Loss: 0.791551
Epoch id: 66, Training steps: 1250, Loss: 0.793747
Epoch id: 67, Training steps: 250, Loss: 1.312236
Epoch id: 67, Training steps: 500, Loss: 0.786784
Epoch id: 67, Training steps: 750, Loss: 0.795947
Epoch id: 67, Training steps: 1000, Loss: 0.765218
Epoch id: 67, Training steps: 1250, Loss: 0.777828
Epoch id: 68, Training steps: 250, Loss: 1.336082
Epoch id: 68, Training steps: 500, Loss: 0.774682
Epoch id: 68, Training steps: 750, Loss: 0.773170
Epoch id: 68, Training steps: 1000, Loss: 0.790436
Epoch id: 68, Training steps: 1250, Loss: 0.809105
Epoch id: 69, Training steps: 250, Loss: 1.318726
Epoch id: 69, Training steps: 500, Loss: 0.789763
Epoch id: 69, Training steps: 750, Loss: 0.792060
Epoch id: 69, Training steps: 1000, Loss: 0.796228
Epoch id: 69, Training steps: 1250, Loss: 0.782551
Epoch id: 70, Training steps: 250, Loss: 1.325385
Epoch id: 70, Training steps: 500, Loss: 0.773411
Epoch id: 70, Training steps: 750, Loss: 0.795479
Epoch id: 70, Training steps: 1000, Loss: 0.793879
Epoch id: 70, Training steps: 1250, Loss: 0.787464
Epoch id: 71, Training steps: 250, Loss: 1.309108
Epoch id: 71, Training steps: 500, Loss: 0.781563
Epoch id: 71, Training steps: 750, Loss: 0.789453
Epoch id: 71, Training steps: 1000, Loss: 0.791268
Epoch id: 71, Training steps: 1250, Loss: 0.808105
Epoch id: 72, Training steps: 250, Loss: 1.290656
Epoch id: 72, Training steps: 500, Loss: 0.777594
Epoch id: 72, Training steps: 750, Loss: 0.778897
Epoch id: 72, Training steps: 1000, Loss: 0.785300
Epoch id: 72, Training steps: 1250, Loss: 0.784727
Epoch id: 73, Training steps: 250, Loss: 1.322722
Epoch id: 73, Training steps: 500, Loss: 0.795772
Epoch id: 73, Training steps: 750, Loss: 0.786728
Epoch id: 73, Training steps: 1000, Loss: 0.788497
Epoch id: 73, Training steps: 1250, Loss: 0.811084
Epoch id: 74, Training steps: 250, Loss: 1.328908
Epoch id: 74, Training steps: 500, Loss: 0.796231
Epoch id: 74, Training steps: 750, Loss: 0.765527
Epoch id: 74, Training steps: 1000, Loss: 0.803375
Epoch id: 74, Training steps: 1250, Loss: 0.788590
Epoch id: 75, Training steps: 250, Loss: 1.282929
Epoch id: 75, Training steps: 500, Loss: 0.763339
Epoch id: 75, Training steps: 750, Loss: 0.787193
Epoch id: 75, Training steps: 1000, Loss: 0.767929
Epoch id: 75, Training steps: 1250, Loss: 0.790521
Epoch id: 76, Training steps: 250, Loss: 1.291652
Epoch id: 76, Training steps: 500, Loss: 0.778909
Epoch id: 76, Training steps: 750, Loss: 0.781388
Epoch id: 76, Training steps: 1000, Loss: 0.761450
Epoch id: 76, Training steps: 1250, Loss: 0.769333
Epoch id: 77, Training steps: 250, Loss: 1.305705
Epoch id: 77, Training steps: 500, Loss: 0.779378
Epoch id: 77, Training steps: 750, Loss: 0.777037
Epoch id: 77, Training steps: 1000, Loss: 0.788746
Epoch id: 77, Training steps: 1250, Loss: 0.786729
Epoch id: 78, Training steps: 250, Loss: 1.308692
Epoch id: 78, Training steps: 500, Loss: 0.794334
Epoch id: 78, Training steps: 750, Loss: 0.785557
Epoch id: 78, Training steps: 1000, Loss: 0.800815
Epoch id: 78, Training steps: 1250, Loss: 0.774398
Epoch id: 79, Training steps: 250, Loss: 1.283419
Epoch id: 79, Training steps: 500, Loss: 0.781277
Epoch id: 79, Training steps: 750, Loss: 0.780230
Epoch id: 79, Training steps: 1000, Loss: 0.772068
Epoch id: 79, Training steps: 1250, Loss: 0.801961
Epoch id: 80, Training steps: 250, Loss: 1.328918
Epoch id: 80, Training steps: 500, Loss: 0.742948
Epoch id: 80, Training steps: 750, Loss: 0.780353
Epoch id: 80, Training steps: 1000, Loss: 0.790232
Epoch id: 80, Training steps: 1250, Loss: 0.781118
Event: total_right, total_predict, predict_right: 5002, 123081, 3188
Event: precision, recall, and f1: 0.026, 0.637, 0.050
Role: total_right, total_predict, predict_right: 5354, 3874769, 31
Role: precision, recall, and f1: 0.000, 0.006, 0.000
Epoch id: 81, Training steps: 250, Loss: 1.286744
Epoch id: 81, Training steps: 500, Loss: 0.778517
Epoch id: 81, Training steps: 750, Loss: 0.781038
Epoch id: 81, Training steps: 1000, Loss: 0.796032
Epoch id: 81, Training steps: 1250, Loss: 0.773350
Epoch id: 82, Training steps: 250, Loss: 1.316592
Epoch id: 82, Training steps: 500, Loss: 0.770004
Epoch id: 82, Training steps: 750, Loss: 0.766773
Epoch id: 82, Training steps: 1000, Loss: 0.790119
Epoch id: 82, Training steps: 1250, Loss: 0.759978
Epoch id: 83, Training steps: 250, Loss: 1.285152
Epoch id: 83, Training steps: 500, Loss: 0.788971
Epoch id: 83, Training steps: 750, Loss: 0.797294
Epoch id: 83, Training steps: 1000, Loss: 0.771521
Epoch id: 83, Training steps: 1250, Loss: 0.764931
Epoch id: 84, Training steps: 250, Loss: 1.288074
Epoch id: 84, Training steps: 500, Loss: 0.782569
Epoch id: 84, Training steps: 750, Loss: 0.791339
Epoch id: 84, Training steps: 1000, Loss: 0.768938
Epoch id: 84, Training steps: 1250, Loss: 0.787230
Epoch id: 85, Training steps: 250, Loss: 1.266628
Epoch id: 85, Training steps: 500, Loss: 0.786063
Epoch id: 85, Training steps: 750, Loss: 0.771181
Epoch id: 85, Training steps: 1000, Loss: 0.771460
Epoch id: 85, Training steps: 1250, Loss: 0.766035
Epoch id: 86, Training steps: 250, Loss: 1.293794
Epoch id: 86, Training steps: 500, Loss: 0.790496
Epoch id: 86, Training steps: 750, Loss: 0.755210
Epoch id: 86, Training steps: 1000, Loss: 0.776803
Epoch id: 86, Training steps: 1250, Loss: 0.792690
Epoch id: 87, Training steps: 250, Loss: 1.297772
Epoch id: 87, Training steps: 500, Loss: 0.760104
Epoch id: 87, Training steps: 750, Loss: 0.763465
Epoch id: 87, Training steps: 1000, Loss: 0.786663
Epoch id: 87, Training steps: 1250, Loss: 0.772262
Epoch id: 88, Training steps: 250, Loss: 1.318578
Epoch id: 88, Training steps: 500, Loss: 0.774331
Epoch id: 88, Training steps: 750, Loss: 0.760091
Epoch id: 88, Training steps: 1000, Loss: 0.782217
Epoch id: 88, Training steps: 1250, Loss: 0.758169
Epoch id: 89, Training steps: 250, Loss: 1.277189
Epoch id: 89, Training steps: 500, Loss: 0.774097
Epoch id: 89, Training steps: 750, Loss: 0.780179
Epoch id: 89, Training steps: 1000, Loss: 0.784435
Epoch id: 89, Training steps: 1250, Loss: 0.754988
Epoch id: 90, Training steps: 250, Loss: 1.267009
Epoch id: 90, Training steps: 500, Loss: 0.783120
Epoch id: 90, Training steps: 750, Loss: 0.765758
Epoch id: 90, Training steps: 1000, Loss: 0.752125
Epoch id: 90, Training steps: 1250, Loss: 0.770839
Epoch id: 91, Training steps: 250, Loss: 1.309924
Epoch id: 91, Training steps: 500, Loss: 0.783931
Epoch id: 91, Training steps: 750, Loss: 0.788084
Epoch id: 91, Training steps: 1000, Loss: 0.732103
Epoch id: 91, Training steps: 1250, Loss: 0.776107
Epoch id: 92, Training steps: 250, Loss: 1.258109
Epoch id: 92, Training steps: 500, Loss: 0.759649
Epoch id: 92, Training steps: 750, Loss: 0.782111
Epoch id: 92, Training steps: 1000, Loss: 0.772127
Epoch id: 92, Training steps: 1250, Loss: 0.777778
Epoch id: 93, Training steps: 250, Loss: 1.292411
Epoch id: 93, Training steps: 500, Loss: 0.754620
Epoch id: 93, Training steps: 750, Loss: 0.791918
Epoch id: 93, Training steps: 1000, Loss: 0.768319
Epoch id: 93, Training steps: 1250, Loss: 0.788578
Epoch id: 94, Training steps: 250, Loss: 1.267708
Epoch id: 94, Training steps: 500, Loss: 0.762934
Epoch id: 94, Training steps: 750, Loss: 0.765928
Epoch id: 94, Training steps: 1000, Loss: 0.770990
Epoch id: 94, Training steps: 1250, Loss: 0.764978
Epoch id: 95, Training steps: 250, Loss: 1.323196
Epoch id: 95, Training steps: 500, Loss: 0.760128
Epoch id: 95, Training steps: 750, Loss: 0.764898
Epoch id: 95, Training steps: 1000, Loss: 0.765843
Epoch id: 95, Training steps: 1250, Loss: 0.765957
Epoch id: 96, Training steps: 250, Loss: 1.281911
Epoch id: 96, Training steps: 500, Loss: 0.780226
Epoch id: 96, Training steps: 750, Loss: 0.756431
Epoch id: 96, Training steps: 1000, Loss: 0.782756
Epoch id: 96, Training steps: 1250, Loss: 0.793380
Epoch id: 97, Training steps: 250, Loss: 1.282877
Epoch id: 97, Training steps: 500, Loss: 0.766580
Epoch id: 97, Training steps: 750, Loss: 0.765567
Epoch id: 97, Training steps: 1000, Loss: 0.769960
Epoch id: 97, Training steps: 1250, Loss: 0.763626
Epoch id: 98, Training steps: 250, Loss: 1.282379
Epoch id: 98, Training steps: 500, Loss: 0.768230
Epoch id: 98, Training steps: 750, Loss: 0.758271
Epoch id: 98, Training steps: 1000, Loss: 0.770342
Epoch id: 98, Training steps: 1250, Loss: 0.779701
Epoch id: 99, Training steps: 250, Loss: 1.266323
Epoch id: 99, Training steps: 500, Loss: 0.767161
Epoch id: 99, Training steps: 750, Loss: 0.777533
Epoch id: 99, Training steps: 1000, Loss: 0.741391
Epoch id: 99, Training steps: 1250, Loss: 0.755698
Epoch id: 100, Training steps: 250, Loss: 1.245563
Epoch id: 100, Training steps: 500, Loss: 0.759048
Epoch id: 100, Training steps: 750, Loss: 0.769489
Epoch id: 100, Training steps: 1000, Loss: 0.765176
Epoch id: 100, Training steps: 1250, Loss: 0.772286
Event: total_right, total_predict, predict_right: 5002, 123587, 3424
Event: precision, recall, and f1: 0.028, 0.685, 0.053
Role: total_right, total_predict, predict_right: 5354, 4097052, 31
Role: precision, recall, and f1: 0.000, 0.006, 0.000
Epoch id: 101, Training steps: 250, Loss: 1.287341
Epoch id: 101, Training steps: 500, Loss: 0.763333
Epoch id: 101, Training steps: 750, Loss: 0.759243
Epoch id: 101, Training steps: 1000, Loss: 0.773089
Epoch id: 101, Training steps: 1250, Loss: 0.762905
Epoch id: 102, Training steps: 250, Loss: 1.264592
Epoch id: 102, Training steps: 500, Loss: 0.761923
Epoch id: 102, Training steps: 750, Loss: 0.784358
Epoch id: 102, Training steps: 1000, Loss: 0.770243
Epoch id: 102, Training steps: 1250, Loss: 0.767528
Epoch id: 103, Training steps: 250, Loss: 1.296699
Epoch id: 103, Training steps: 500, Loss: 0.770644
Epoch id: 103, Training steps: 750, Loss: 0.754471
Epoch id: 103, Training steps: 1000, Loss: 0.777930
Epoch id: 103, Training steps: 1250, Loss: 0.756580
Epoch id: 104, Training steps: 250, Loss: 1.275028
Epoch id: 104, Training steps: 500, Loss: 0.764768
Epoch id: 104, Training steps: 750, Loss: 0.744679
Epoch id: 104, Training steps: 1000, Loss: 0.780015
Epoch id: 104, Training steps: 1250, Loss: 0.766831
Epoch id: 105, Training steps: 250, Loss: 1.274533
Epoch id: 105, Training steps: 500, Loss: 0.758728
Epoch id: 105, Training steps: 750, Loss: 0.764193
Epoch id: 105, Training steps: 1000, Loss: 0.759296
Epoch id: 105, Training steps: 1250, Loss: 0.767038
Epoch id: 106, Training steps: 250, Loss: 1.281031
Epoch id: 106, Training steps: 500, Loss: 0.762980
Epoch id: 106, Training steps: 750, Loss: 0.782137
Epoch id: 106, Training steps: 1000, Loss: 0.741753
Epoch id: 106, Training steps: 1250, Loss: 0.770385
Epoch id: 107, Training steps: 250, Loss: 1.282159
Epoch id: 107, Training steps: 500, Loss: 0.777513
Epoch id: 107, Training steps: 750, Loss: 0.756085
Epoch id: 107, Training steps: 1000, Loss: 0.761042
Epoch id: 107, Training steps: 1250, Loss: 0.752677
Epoch id: 108, Training steps: 250, Loss: 1.262940
Epoch id: 108, Training steps: 500, Loss: 0.751898
Epoch id: 108, Training steps: 750, Loss: 0.741655
Epoch id: 108, Training steps: 1000, Loss: 0.768216
Epoch id: 108, Training steps: 1250, Loss: 0.767233
Epoch id: 109, Training steps: 250, Loss: 1.269189
Epoch id: 109, Training steps: 500, Loss: 0.755977
Epoch id: 109, Training steps: 750, Loss: 0.779185
Epoch id: 109, Training steps: 1000, Loss: 0.763958
Epoch id: 109, Training steps: 1250, Loss: 0.776367
Epoch id: 110, Training steps: 250, Loss: 1.259901
Epoch id: 110, Training steps: 500, Loss: 0.757166
Epoch id: 110, Training steps: 750, Loss: 0.760172
Epoch id: 110, Training steps: 1000, Loss: 0.767172
Epoch id: 110, Training steps: 1250, Loss: 0.775927
Epoch id: 111, Training steps: 250, Loss: 1.246264
Epoch id: 111, Training steps: 500, Loss: 0.759442
Epoch id: 111, Training steps: 750, Loss: 0.753568
Epoch id: 111, Training steps: 1000, Loss: 0.761736
Epoch id: 111, Training steps: 1250, Loss: 0.764457
Epoch id: 112, Training steps: 250, Loss: 1.240940
Epoch id: 112, Training steps: 500, Loss: 0.739868
Epoch id: 112, Training steps: 750, Loss: 0.760132
Epoch id: 112, Training steps: 1000, Loss: 0.748077
Epoch id: 112, Training steps: 1250, Loss: 0.766490
Epoch id: 113, Training steps: 250, Loss: 1.280826
Epoch id: 113, Training steps: 500, Loss: 0.781464
Epoch id: 113, Training steps: 750, Loss: 0.744165
Epoch id: 113, Training steps: 1000, Loss: 0.744875
Epoch id: 113, Training steps: 1250, Loss: 0.768020
Epoch id: 114, Training steps: 250, Loss: 1.263298
Epoch id: 114, Training steps: 500, Loss: 0.764344
Epoch id: 114, Training steps: 750, Loss: 0.751794
Epoch id: 114, Training steps: 1000, Loss: 0.750197
Epoch id: 114, Training steps: 1250, Loss: 0.763156
Epoch id: 115, Training steps: 250, Loss: 1.279834
Epoch id: 115, Training steps: 500, Loss: 0.750526
Epoch id: 115, Training steps: 750, Loss: 0.773437
Epoch id: 115, Training steps: 1000, Loss: 0.761122
Epoch id: 115, Training steps: 1250, Loss: 0.760091
Epoch id: 116, Training steps: 250, Loss: 1.215293
Epoch id: 116, Training steps: 500, Loss: 0.750580
Epoch id: 116, Training steps: 750, Loss: 0.749412
Epoch id: 116, Training steps: 1000, Loss: 0.766456
Epoch id: 116, Training steps: 1250, Loss: 0.763305
Epoch id: 117, Training steps: 250, Loss: 1.251189
Epoch id: 117, Training steps: 500, Loss: 0.773536
Epoch id: 117, Training steps: 750, Loss: 0.739790
Epoch id: 117, Training steps: 1000, Loss: 0.796135
Epoch id: 117, Training steps: 1250, Loss: 0.754807
Epoch id: 118, Training steps: 250, Loss: 1.255113
Epoch id: 118, Training steps: 500, Loss: 0.748518
Epoch id: 118, Training steps: 750, Loss: 0.748832
Epoch id: 118, Training steps: 1000, Loss: 0.749022
Epoch id: 118, Training steps: 1250, Loss: 0.758313
Epoch id: 119, Training steps: 250, Loss: 1.258591
Epoch id: 119, Training steps: 500, Loss: 0.762432
Epoch id: 119, Training steps: 750, Loss: 0.763217
Epoch id: 119, Training steps: 1000, Loss: 0.755377
Epoch id: 119, Training steps: 1250, Loss: 0.748929
Epoch id: 120, Training steps: 250, Loss: 1.261340
Epoch id: 120, Training steps: 500, Loss: 0.724988
Epoch id: 120, Training steps: 750, Loss: 0.771560
Epoch id: 120, Training steps: 1000, Loss: 0.755896
Epoch id: 120, Training steps: 1250, Loss: 0.762771
Event: total_right, total_predict, predict_right: 5002, 123025, 3386
Event: precision, recall, and f1: 0.028, 0.677, 0.053
Role: total_right, total_predict, predict_right: 5354, 3991717, 26
Role: precision, recall, and f1: 0.000, 0.005, 0.000
Epoch id: 121, Training steps: 250, Loss: 1.239032
Epoch id: 121, Training steps: 500, Loss: 0.764349
Epoch id: 121, Training steps: 750, Loss: 0.754917
Epoch id: 121, Training steps: 1000, Loss: 0.755819
Epoch id: 121, Training steps: 1250, Loss: 0.748563
Epoch id: 122, Training steps: 250, Loss: 1.231461
Epoch id: 122, Training steps: 500, Loss: 0.766695
Epoch id: 122, Training steps: 750, Loss: 0.750484
Epoch id: 122, Training steps: 1000, Loss: 0.760189
Epoch id: 122, Training steps: 1250, Loss: 0.747263
Epoch id: 123, Training steps: 250, Loss: 1.242867
Epoch id: 123, Training steps: 500, Loss: 0.750665
Epoch id: 123, Training steps: 750, Loss: 0.755915
Epoch id: 123, Training steps: 1000, Loss: 0.752460
Epoch id: 123, Training steps: 1250, Loss: 0.776473
Epoch id: 124, Training steps: 250, Loss: 1.264961
Epoch id: 124, Training steps: 500, Loss: 0.749044
Epoch id: 124, Training steps: 750, Loss: 0.749704
Epoch id: 124, Training steps: 1000, Loss: 0.755039
Epoch id: 124, Training steps: 1250, Loss: 0.744145
Epoch id: 125, Training steps: 250, Loss: 1.270837
Epoch id: 125, Training steps: 500, Loss: 0.741431
Epoch id: 125, Training steps: 750, Loss: 0.772799
Epoch id: 125, Training steps: 1000, Loss: 0.767685
Epoch id: 125, Training steps: 1250, Loss: 0.754232
Epoch id: 126, Training steps: 250, Loss: 1.261131
Epoch id: 126, Training steps: 500, Loss: 0.774709
Epoch id: 126, Training steps: 750, Loss: 0.742856
Epoch id: 126, Training steps: 1000, Loss: 0.749934
Epoch id: 126, Training steps: 1250, Loss: 0.759474
Epoch id: 127, Training steps: 250, Loss: 1.247473
Epoch id: 127, Training steps: 500, Loss: 0.758255
Epoch id: 127, Training steps: 750, Loss: 0.768559
Epoch id: 127, Training steps: 1000, Loss: 0.747934
Epoch id: 127, Training steps: 1250, Loss: 0.774958
Epoch id: 128, Training steps: 250, Loss: 1.247029
Epoch id: 128, Training steps: 500, Loss: 0.767292
Epoch id: 128, Training steps: 750, Loss: 0.741739
Epoch id: 128, Training steps: 1000, Loss: 0.747481
Epoch id: 128, Training steps: 1250, Loss: 0.760458
Epoch id: 129, Training steps: 250, Loss: 1.267990
Epoch id: 129, Training steps: 500, Loss: 0.724186
Epoch id: 129, Training steps: 750, Loss: 0.760575
Epoch id: 129, Training steps: 1000, Loss: 0.743125
Epoch id: 129, Training steps: 1250, Loss: 0.750523
Epoch id: 130, Training steps: 250, Loss: 1.240283
Epoch id: 130, Training steps: 500, Loss: 0.737969
Epoch id: 130, Training steps: 750, Loss: 0.753076
Epoch id: 130, Training steps: 1000, Loss: 0.755582
Epoch id: 130, Training steps: 1250, Loss: 0.747664
Epoch id: 131, Training steps: 250, Loss: 1.240891
Epoch id: 131, Training steps: 500, Loss: 0.734645
Epoch id: 131, Training steps: 750, Loss: 0.758467
Epoch id: 131, Training steps: 1000, Loss: 0.749743
Epoch id: 131, Training steps: 1250, Loss: 0.749759
Epoch id: 132, Training steps: 250, Loss: 1.239285
Epoch id: 132, Training steps: 500, Loss: 0.763279
Epoch id: 132, Training steps: 750, Loss: 0.747076
Epoch id: 132, Training steps: 1000, Loss: 0.749515
Epoch id: 132, Training steps: 1250, Loss: 0.742710
Epoch id: 133, Training steps: 250, Loss: 1.250249
Epoch id: 133, Training steps: 500, Loss: 0.749455
Epoch id: 133, Training steps: 750, Loss: 0.751274
Epoch id: 133, Training steps: 1000, Loss: 0.754789
Epoch id: 133, Training steps: 1250, Loss: 0.742929
Epoch id: 134, Training steps: 250, Loss: 1.253931
Epoch id: 134, Training steps: 500, Loss: 0.752275
Epoch id: 134, Training steps: 750, Loss: 0.766621
Epoch id: 134, Training steps: 1000, Loss: 0.745403
Epoch id: 134, Training steps: 1250, Loss: 0.753196
Epoch id: 135, Training steps: 250, Loss: 1.233717
Epoch id: 135, Training steps: 500, Loss: 0.760145
Epoch id: 135, Training steps: 750, Loss: 0.778174
Epoch id: 135, Training steps: 1000, Loss: 0.752323
Epoch id: 135, Training steps: 1250, Loss: 0.747740
Epoch id: 136, Training steps: 250, Loss: 1.252548
Epoch id: 136, Training steps: 500, Loss: 0.751005
Epoch id: 136, Training steps: 750, Loss: 0.763772
Epoch id: 136, Training steps: 1000, Loss: 0.768620
Epoch id: 136, Training steps: 1250, Loss: 0.753068
Epoch id: 137, Training steps: 250, Loss: 1.240592
Epoch id: 137, Training steps: 500, Loss: 0.762353
Epoch id: 137, Training steps: 750, Loss: 0.736014
Epoch id: 137, Training steps: 1000, Loss: 0.753994
Epoch id: 137, Training steps: 1250, Loss: 0.744360
Epoch id: 138, Training steps: 250, Loss: 1.252290
Epoch id: 138, Training steps: 500, Loss: 0.748828
Epoch id: 138, Training steps: 750, Loss: 0.737265
Epoch id: 138, Training steps: 1000, Loss: 0.721286
Epoch id: 138, Training steps: 1250, Loss: 0.767369
Epoch id: 139, Training steps: 250, Loss: 1.231996
Epoch id: 139, Training steps: 500, Loss: 0.759680
Epoch id: 139, Training steps: 750, Loss: 0.753495
Epoch id: 139, Training steps: 1000, Loss: 0.756033
Epoch id: 139, Training steps: 1250, Loss: 0.734719
Epoch id: 140, Training steps: 250, Loss: 1.229117
Epoch id: 140, Training steps: 500, Loss: 0.759825
Epoch id: 140, Training steps: 750, Loss: 0.751918
Epoch id: 140, Training steps: 1000, Loss: 0.726055
Epoch id: 140, Training steps: 1250, Loss: 0.758659
Event: total_right, total_predict, predict_right: 5002, 131455, 3469
Event: precision, recall, and f1: 0.026, 0.694, 0.051
Role: total_right, total_predict, predict_right: 5354, 4413631, 24
Role: precision, recall, and f1: 0.000, 0.004, 0.000
Epoch id: 141, Training steps: 250, Loss: 1.237886
Epoch id: 141, Training steps: 500, Loss: 0.756395
Epoch id: 141, Training steps: 750, Loss: 0.754568
Epoch id: 141, Training steps: 1000, Loss: 0.754048
Epoch id: 141, Training steps: 1250, Loss: 0.736966
Epoch id: 142, Training steps: 250, Loss: 1.262098
Epoch id: 142, Training steps: 500, Loss: 0.760262
Epoch id: 142, Training steps: 750, Loss: 0.747150
Epoch id: 142, Training steps: 1000, Loss: 0.721212
Epoch id: 142, Training steps: 1250, Loss: 0.767509
Epoch id: 143, Training steps: 250, Loss: 1.261801
Epoch id: 143, Training steps: 500, Loss: 0.745280
Epoch id: 143, Training steps: 750, Loss: 0.752065
Epoch id: 143, Training steps: 1000, Loss: 0.764339
Epoch id: 143, Training steps: 1250, Loss: 0.720628
Epoch id: 144, Training steps: 250, Loss: 1.231865
Epoch id: 144, Training steps: 500, Loss: 0.745173
Epoch id: 144, Training steps: 750, Loss: 0.729418
Epoch id: 144, Training steps: 1000, Loss: 0.749488
Epoch id: 144, Training steps: 1250, Loss: 0.744923
Epoch id: 145, Training steps: 250, Loss: 1.247497
Epoch id: 145, Training steps: 500, Loss: 0.756240
Epoch id: 145, Training steps: 750, Loss: 0.748014
Epoch id: 145, Training steps: 1000, Loss: 0.725056
Epoch id: 145, Training steps: 1250, Loss: 0.737949
Epoch id: 146, Training steps: 250, Loss: 1.235649
Epoch id: 146, Training steps: 500, Loss: 0.742369
Epoch id: 146, Training steps: 750, Loss: 0.733941
Epoch id: 146, Training steps: 1000, Loss: 0.760875
Epoch id: 146, Training steps: 1250, Loss: 0.758311
Epoch id: 147, Training steps: 250, Loss: 1.250218
Epoch id: 147, Training steps: 500, Loss: 0.765124
Epoch id: 147, Training steps: 750, Loss: 0.744946
Epoch id: 147, Training steps: 1000, Loss: 0.725451
Epoch id: 147, Training steps: 1250, Loss: 0.731956
Epoch id: 148, Training steps: 250, Loss: 1.230016
Epoch id: 148, Training steps: 500, Loss: 0.765382
Epoch id: 148, Training steps: 750, Loss: 0.726172
Epoch id: 148, Training steps: 1000, Loss: 0.742064
Epoch id: 148, Training steps: 1250, Loss: 0.759635
Epoch id: 149, Training steps: 250, Loss: 1.242598
Epoch id: 149, Training steps: 500, Loss: 0.762959
Epoch id: 149, Training steps: 750, Loss: 0.738139
Epoch id: 149, Training steps: 1000, Loss: 0.744167
Epoch id: 149, Training steps: 1250, Loss: 0.724141
Epoch id: 150, Training steps: 250, Loss: 1.260443
Epoch id: 150, Training steps: 500, Loss: 0.739818
Epoch id: 150, Training steps: 750, Loss: 0.754411
Epoch id: 150, Training steps: 1000, Loss: 0.760637
Epoch id: 150, Training steps: 1250, Loss: 0.749675
Epoch id: 151, Training steps: 250, Loss: 1.245417
Epoch id: 151, Training steps: 500, Loss: 0.728644
Epoch id: 151, Training steps: 750, Loss: 0.741808
Epoch id: 151, Training steps: 1000, Loss: 0.732472
Epoch id: 151, Training steps: 1250, Loss: 0.725191
Epoch id: 152, Training steps: 250, Loss: 1.218967
Epoch id: 152, Training steps: 500, Loss: 0.745313
Epoch id: 152, Training steps: 750, Loss: 0.766189
Epoch id: 152, Training steps: 1000, Loss: 0.743023
Epoch id: 152, Training steps: 1250, Loss: 0.747592
Epoch id: 153, Training steps: 250, Loss: 1.231314
Epoch id: 153, Training steps: 500, Loss: 0.726201
Epoch id: 153, Training steps: 750, Loss: 0.758045
Epoch id: 153, Training steps: 1000, Loss: 0.744655
Epoch id: 153, Training steps: 1250, Loss: 0.738325
Epoch id: 154, Training steps: 250, Loss: 1.212211
Epoch id: 154, Training steps: 500, Loss: 0.750840
Epoch id: 154, Training steps: 750, Loss: 0.743375
Epoch id: 154, Training steps: 1000, Loss: 0.761680
Epoch id: 154, Training steps: 1250, Loss: 0.717360
Epoch id: 155, Training steps: 250, Loss: 1.226572
Epoch id: 155, Training steps: 500, Loss: 0.749000
Epoch id: 155, Training steps: 750, Loss: 0.740786
Epoch id: 155, Training steps: 1000, Loss: 0.739044
Epoch id: 155, Training steps: 1250, Loss: 0.753257
Epoch id: 156, Training steps: 250, Loss: 1.237838
Epoch id: 156, Training steps: 500, Loss: 0.742282
Epoch id: 156, Training steps: 750, Loss: 0.744134
Epoch id: 156, Training steps: 1000, Loss: 0.745719
Epoch id: 156, Training steps: 1250, Loss: 0.752050
Epoch id: 157, Training steps: 250, Loss: 1.228682
Epoch id: 157, Training steps: 500, Loss: 0.740547
Epoch id: 157, Training steps: 750, Loss: 0.739981
Epoch id: 157, Training steps: 1000, Loss: 0.757089
Epoch id: 157, Training steps: 1250, Loss: 0.757581
Epoch id: 158, Training steps: 250, Loss: 1.242690
Epoch id: 158, Training steps: 500, Loss: 0.752075
Epoch id: 158, Training steps: 750, Loss: 0.738261
Epoch id: 158, Training steps: 1000, Loss: 0.754926
Epoch id: 158, Training steps: 1250, Loss: 0.760756
Epoch id: 159, Training steps: 250, Loss: 1.242490
Epoch id: 159, Training steps: 500, Loss: 0.749231
Epoch id: 159, Training steps: 750, Loss: 0.722968
Epoch id: 159, Training steps: 1000, Loss: 0.759226
Epoch id: 159, Training steps: 1250, Loss: 0.753818
Epoch id: 160, Training steps: 250, Loss: 1.214496
Epoch id: 160, Training steps: 500, Loss: 0.746187
Epoch id: 160, Training steps: 750, Loss: 0.751397
Epoch id: 160, Training steps: 1000, Loss: 0.739765
Epoch id: 160, Training steps: 1250, Loss: 0.730504
Event: total_right, total_predict, predict_right: 5002, 115740, 3292
Event: precision, recall, and f1: 0.028, 0.658, 0.055
Role: total_right, total_predict, predict_right: 5354, 3665096, 32
Role: precision, recall, and f1: 0.000, 0.006, 0.000
Epoch id: 161, Training steps: 250, Loss: 1.229442
Epoch id: 161, Training steps: 500, Loss: 0.731440
Epoch id: 161, Training steps: 750, Loss: 0.739186
Epoch id: 161, Training steps: 1000, Loss: 0.726026
Epoch id: 161, Training steps: 1250, Loss: 0.729987
Epoch id: 162, Training steps: 250, Loss: 1.217770
Epoch id: 162, Training steps: 500, Loss: 0.739965
Epoch id: 162, Training steps: 750, Loss: 0.722634
Epoch id: 162, Training steps: 1000, Loss: 0.730532
Epoch id: 162, Training steps: 1250, Loss: 0.749264
Epoch id: 163, Training steps: 250, Loss: 1.243014
Epoch id: 163, Training steps: 500, Loss: 0.765599
Epoch id: 163, Training steps: 750, Loss: 0.738406
Epoch id: 163, Training steps: 1000, Loss: 0.745336
Epoch id: 163, Training steps: 1250, Loss: 0.727688
Epoch id: 164, Training steps: 250, Loss: 1.219701
Epoch id: 164, Training steps: 500, Loss: 0.726592
Epoch id: 164, Training steps: 750, Loss: 0.737608
Epoch id: 164, Training steps: 1000, Loss: 0.735147
Epoch id: 164, Training steps: 1250, Loss: 0.758707
Epoch id: 165, Training steps: 250, Loss: 1.243308
Epoch id: 165, Training steps: 500, Loss: 0.723033
Epoch id: 165, Training steps: 750, Loss: 0.742653
Epoch id: 165, Training steps: 1000, Loss: 0.726600
Epoch id: 165, Training steps: 1250, Loss: 0.741245
Epoch id: 166, Training steps: 250, Loss: 1.226534
Epoch id: 166, Training steps: 500, Loss: 0.745234
Epoch id: 166, Training steps: 750, Loss: 0.736271
Epoch id: 166, Training steps: 1000, Loss: 0.746363
Epoch id: 166, Training steps: 1250, Loss: 0.723158
Epoch id: 167, Training steps: 250, Loss: 1.219880
Epoch id: 167, Training steps: 500, Loss: 0.746316
Epoch id: 167, Training steps: 750, Loss: 0.738208
Epoch id: 167, Training steps: 1000, Loss: 0.742094
Epoch id: 167, Training steps: 1250, Loss: 0.733841
Epoch id: 168, Training steps: 250, Loss: 1.223404
Epoch id: 168, Training steps: 500, Loss: 0.740728
Epoch id: 168, Training steps: 750, Loss: 0.730798
Epoch id: 168, Training steps: 1000, Loss: 0.735344
Epoch id: 168, Training steps: 1250, Loss: 0.730882
Epoch id: 169, Training steps: 250, Loss: 1.210746
Epoch id: 169, Training steps: 500, Loss: 0.739193
Epoch id: 169, Training steps: 750, Loss: 0.759225
Epoch id: 169, Training steps: 1000, Loss: 0.737732
Epoch id: 169, Training steps: 1250, Loss: 0.748048
Epoch id: 170, Training steps: 250, Loss: 1.227300
Epoch id: 170, Training steps: 500, Loss: 0.738418
Epoch id: 170, Training steps: 750, Loss: 0.741496
Epoch id: 170, Training steps: 1000, Loss: 0.737555
Epoch id: 170, Training steps: 1250, Loss: 0.733094
Epoch id: 171, Training steps: 250, Loss: 1.225596
Epoch id: 171, Training steps: 500, Loss: 0.711111
Epoch id: 171, Training steps: 750, Loss: 0.735405
Epoch id: 171, Training steps: 1000, Loss: 0.752699
Epoch id: 171, Training steps: 1250, Loss: 0.746034
Epoch id: 172, Training steps: 250, Loss: 1.223869
Epoch id: 172, Training steps: 500, Loss: 0.738287
Epoch id: 172, Training steps: 750, Loss: 0.748102
Epoch id: 172, Training steps: 1000, Loss: 0.737880
Epoch id: 172, Training steps: 1250, Loss: 0.738322
Epoch id: 173, Training steps: 250, Loss: 1.214076
Epoch id: 173, Training steps: 500, Loss: 0.738034
Epoch id: 173, Training steps: 750, Loss: 0.746489
Epoch id: 173, Training steps: 1000, Loss: 0.733310
Epoch id: 173, Training steps: 1250, Loss: 0.731350
Epoch id: 174, Training steps: 250, Loss: 1.244057
Epoch id: 174, Training steps: 500, Loss: 0.736462
Epoch id: 174, Training steps: 750, Loss: 0.738559
Epoch id: 174, Training steps: 1000, Loss: 0.740715
Epoch id: 174, Training steps: 1250, Loss: 0.713727
Epoch id: 175, Training steps: 250, Loss: 1.187301
Epoch id: 175, Training steps: 500, Loss: 0.730140
Epoch id: 175, Training steps: 750, Loss: 0.738402
Epoch id: 175, Training steps: 1000, Loss: 0.748443
Epoch id: 175, Training steps: 1250, Loss: 0.754851
Epoch id: 176, Training steps: 250, Loss: 1.228503
Epoch id: 176, Training steps: 500, Loss: 0.710075
Epoch id: 176, Training steps: 750, Loss: 0.749484
Epoch id: 176, Training steps: 1000, Loss: 0.740278
Epoch id: 176, Training steps: 1250, Loss: 0.718981
Epoch id: 177, Training steps: 250, Loss: 1.212197
Epoch id: 177, Training steps: 500, Loss: 0.724260
Epoch id: 177, Training steps: 750, Loss: 0.715375
Epoch id: 177, Training steps: 1000, Loss: 0.749961
Epoch id: 177, Training steps: 1250, Loss: 0.734181
Epoch id: 178, Training steps: 250, Loss: 1.230162
Epoch id: 178, Training steps: 500, Loss: 0.741147
Epoch id: 178, Training steps: 750, Loss: 0.713669
Epoch id: 178, Training steps: 1000, Loss: 0.743506
Epoch id: 178, Training steps: 1250, Loss: 0.744168
Epoch id: 179, Training steps: 250, Loss: 1.228077
Epoch id: 179, Training steps: 500, Loss: 0.729849
Epoch id: 179, Training steps: 750, Loss: 0.716565
Epoch id: 179, Training steps: 1000, Loss: 0.755984
Epoch id: 179, Training steps: 1250, Loss: 0.741591
Epoch id: 180, Training steps: 250, Loss: 1.236265
Epoch id: 180, Training steps: 500, Loss: 0.728888
Epoch id: 180, Training steps: 750, Loss: 0.734338
Epoch id: 180, Training steps: 1000, Loss: 0.737580
Epoch id: 180, Training steps: 1250, Loss: 0.734387
Event: total_right, total_predict, predict_right: 5002, 114439, 3277
Event: precision, recall, and f1: 0.029, 0.655, 0.055
Role: total_right, total_predict, predict_right: 5354, 3675388, 46
Role: precision, recall, and f1: 0.000, 0.009, 0.000
Epoch id: 181, Training steps: 250, Loss: 1.206265
Epoch id: 181, Training steps: 500, Loss: 0.724775
Epoch id: 181, Training steps: 750, Loss: 0.770493
Epoch id: 181, Training steps: 1000, Loss: 0.741328
Epoch id: 181, Training steps: 1250, Loss: 0.720024
Epoch id: 182, Training steps: 250, Loss: 1.212795
Epoch id: 182, Training steps: 500, Loss: 0.733588
Epoch id: 182, Training steps: 750, Loss: 0.730985
Epoch id: 182, Training steps: 1000, Loss: 0.726113
Epoch id: 182, Training steps: 1250, Loss: 0.736518
Epoch id: 183, Training steps: 250, Loss: 1.230443
Epoch id: 183, Training steps: 500, Loss: 0.730589
Epoch id: 183, Training steps: 750, Loss: 0.742528
Epoch id: 183, Training steps: 1000, Loss: 0.752587
Epoch id: 183, Training steps: 1250, Loss: 0.717201
Epoch id: 184, Training steps: 250, Loss: 1.211620
Epoch id: 184, Training steps: 500, Loss: 0.716666
Epoch id: 184, Training steps: 750, Loss: 0.733836
Epoch id: 184, Training steps: 1000, Loss: 0.744559
Epoch id: 184, Training steps: 1250, Loss: 0.744702
Epoch id: 185, Training steps: 250, Loss: 1.207025
Epoch id: 185, Training steps: 500, Loss: 0.735627
Epoch id: 185, Training steps: 750, Loss: 0.725032
Epoch id: 185, Training steps: 1000, Loss: 0.737624
Epoch id: 185, Training steps: 1250, Loss: 0.742740
Epoch id: 186, Training steps: 250, Loss: 1.219021
Epoch id: 186, Training steps: 500, Loss: 0.735110
Epoch id: 186, Training steps: 750, Loss: 0.742215
Epoch id: 186, Training steps: 1000, Loss: 0.726795
Epoch id: 186, Training steps: 1250, Loss: 0.720207
Epoch id: 187, Training steps: 250, Loss: 1.221397
Epoch id: 187, Training steps: 500, Loss: 0.717129
Epoch id: 187, Training steps: 750, Loss: 0.749234
Epoch id: 187, Training steps: 1000, Loss: 0.731428
Epoch id: 187, Training steps: 1250, Loss: 0.724727
Epoch id: 188, Training steps: 250, Loss: 1.194847
Epoch id: 188, Training steps: 500, Loss: 0.755842
Epoch id: 188, Training steps: 750, Loss: 0.751963
Epoch id: 188, Training steps: 1000, Loss: 0.749043
Epoch id: 188, Training steps: 1250, Loss: 0.726704
Epoch id: 189, Training steps: 250, Loss: 1.205561
Epoch id: 189, Training steps: 500, Loss: 0.732285
Epoch id: 189, Training steps: 750, Loss: 0.727711
Epoch id: 189, Training steps: 1000, Loss: 0.737841
Epoch id: 189, Training steps: 1250, Loss: 0.734586
Epoch id: 190, Training steps: 250, Loss: 1.210356
Epoch id: 190, Training steps: 500, Loss: 0.723765
Epoch id: 190, Training steps: 750, Loss: 0.736602
Epoch id: 190, Training steps: 1000, Loss: 0.744951
Epoch id: 190, Training steps: 1250, Loss: 0.722143
Epoch id: 191, Training steps: 250, Loss: 1.195371
Epoch id: 191, Training steps: 500, Loss: 0.730502
Epoch id: 191, Training steps: 750, Loss: 0.736091
Epoch id: 191, Training steps: 1000, Loss: 0.745174
Epoch id: 191, Training steps: 1250, Loss: 0.720060
Epoch id: 192, Training steps: 250, Loss: 1.215768
Epoch id: 192, Training steps: 500, Loss: 0.726127
Epoch id: 192, Training steps: 750, Loss: 0.727367
Epoch id: 192, Training steps: 1000, Loss: 0.724814
Epoch id: 192, Training steps: 1250, Loss: 0.737594
Epoch id: 193, Training steps: 250, Loss: 1.235992
Epoch id: 193, Training steps: 500, Loss: 0.728499
Epoch id: 193, Training steps: 750, Loss: 0.738595
Epoch id: 193, Training steps: 1000, Loss: 0.731770
Epoch id: 193, Training steps: 1250, Loss: 0.736894
Epoch id: 194, Training steps: 250, Loss: 1.241924
Epoch id: 194, Training steps: 500, Loss: 0.725972
Epoch id: 194, Training steps: 750, Loss: 0.742734
Epoch id: 194, Training steps: 1000, Loss: 0.730089
Epoch id: 194, Training steps: 1250, Loss: 0.724768
Epoch id: 195, Training steps: 250, Loss: 1.204206
Epoch id: 195, Training steps: 500, Loss: 0.718818
Epoch id: 195, Training steps: 750, Loss: 0.732776
Epoch id: 195, Training steps: 1000, Loss: 0.725332
Epoch id: 195, Training steps: 1250, Loss: 0.734212
Epoch id: 196, Training steps: 250, Loss: 1.218577
Epoch id: 196, Training steps: 500, Loss: 0.744820
Epoch id: 196, Training steps: 750, Loss: 0.725748
Epoch id: 196, Training steps: 1000, Loss: 0.744710
Epoch id: 196, Training steps: 1250, Loss: 0.733171
Epoch id: 197, Training steps: 250, Loss: 1.215292
Epoch id: 197, Training steps: 500, Loss: 0.730992
Epoch id: 197, Training steps: 750, Loss: 0.720468
Epoch id: 197, Training steps: 1000, Loss: 0.724495
Epoch id: 197, Training steps: 1250, Loss: 0.739676
Epoch id: 198, Training steps: 250, Loss: 1.213649
Epoch id: 198, Training steps: 500, Loss: 0.717419
Epoch id: 198, Training steps: 750, Loss: 0.726570
Epoch id: 198, Training steps: 1000, Loss: 0.743474
Epoch id: 198, Training steps: 1250, Loss: 0.717011
Epoch id: 199, Training steps: 250, Loss: 1.202040
Epoch id: 199, Training steps: 500, Loss: 0.737508
Epoch id: 199, Training steps: 750, Loss: 0.719279
Epoch id: 199, Training steps: 1000, Loss: 0.732251
Epoch id: 199, Training steps: 1250, Loss: 0.740940
Epoch id: 200, Training steps: 250, Loss: 1.212480
Epoch id: 200, Training steps: 500, Loss: 0.731220
Epoch id: 200, Training steps: 750, Loss: 0.729384
Epoch id: 200, Training steps: 1000, Loss: 0.729596
Epoch id: 200, Training steps: 1250, Loss: 0.751506
Event: total_right, total_predict, predict_right: 5002, 117717, 3304
Event: precision, recall, and f1: 0.028, 0.661, 0.054
Role: total_right, total_predict, predict_right: 5354, 3803614, 41
Role: precision, recall, and f1: 0.000, 0.008, 0.000
Saving last model...
Start evaluation.
Cascade_Binary: Preprocessing dataset...
Event: total_right, total_predict, predict_right: 3249, 58928, 930
Event: precision, recall, and f1: 0.016, 0.286, 0.030
Role: total_right, total_predict, predict_right: 3539, 2037961, 16
Role: precision, recall, and f1: 0.000, 0.005, 0.000
--------------- The 2-th fold as the validation set... ---------------
Epoch id: 1, Training steps: 250, Loss: 2.869674
Epoch id: 1, Training steps: 500, Loss: 2.738582
Epoch id: 1, Training steps: 750, Loss: 2.560391
Epoch id: 1, Training steps: 1000, Loss: 2.291390
Epoch id: 1, Training steps: 1250, Loss: 2.013784
Epoch id: 2, Training steps: 250, Loss: 2.883423
Epoch id: 2, Training steps: 500, Loss: 1.647177
Epoch id: 2, Training steps: 750, Loss: 1.592262
Epoch id: 2, Training steps: 1000, Loss: 1.555230
Epoch id: 2, Training steps: 1250, Loss: 1.529936
Epoch id: 3, Training steps: 250, Loss: 2.416787
Epoch id: 3, Training steps: 500, Loss: 1.468050
Epoch id: 3, Training steps: 750, Loss: 1.453773
Epoch id: 3, Training steps: 1000, Loss: 1.438590
Epoch id: 3, Training steps: 1250, Loss: 1.426629
Epoch id: 4, Training steps: 250, Loss: 2.298602
Epoch id: 4, Training steps: 500, Loss: 1.410642
Epoch id: 4, Training steps: 750, Loss: 1.386961
Epoch id: 4, Training steps: 1000, Loss: 1.388172
Epoch id: 4, Training steps: 1250, Loss: 1.367498
Epoch id: 5, Training steps: 250, Loss: 2.207197
Epoch id: 5, Training steps: 500, Loss: 1.356610
Epoch id: 5, Training steps: 750, Loss: 1.340913
Epoch id: 5, Training steps: 1000, Loss: 1.324756
Epoch id: 5, Training steps: 1250, Loss: 1.327215
Epoch id: 6, Training steps: 250, Loss: 2.158173
Epoch id: 6, Training steps: 500, Loss: 1.312334
Epoch id: 6, Training steps: 750, Loss: 1.309453
Epoch id: 6, Training steps: 1000, Loss: 1.315542
Epoch id: 6, Training steps: 1250, Loss: 1.312593
Epoch id: 7, Training steps: 250, Loss: 2.111521
Epoch id: 7, Training steps: 500, Loss: 1.290828
Epoch id: 7, Training steps: 750, Loss: 1.290533
Epoch id: 7, Training steps: 1000, Loss: 1.288509
Epoch id: 7, Training steps: 1250, Loss: 1.289432
Epoch id: 8, Training steps: 250, Loss: 2.074054
Epoch id: 8, Training steps: 500, Loss: 1.283084
Epoch id: 8, Training steps: 750, Loss: 1.279481
Epoch id: 8, Training steps: 1000, Loss: 1.264289
Epoch id: 8, Training steps: 1250, Loss: 1.271202
Epoch id: 9, Training steps: 250, Loss: 2.044239
Epoch id: 9, Training steps: 500, Loss: 1.260391
Epoch id: 9, Training steps: 750, Loss: 1.257413
Epoch id: 9, Training steps: 1000, Loss: 1.250517
Epoch id: 9, Training steps: 1250, Loss: 1.248482
Epoch id: 10, Training steps: 250, Loss: 1.972333
Epoch id: 10, Training steps: 500, Loss: 1.208424
Epoch id: 10, Training steps: 750, Loss: 1.208507
Epoch id: 10, Training steps: 1000, Loss: 1.196165
Epoch id: 10, Training steps: 1250, Loss: 1.167488
Epoch id: 11, Training steps: 250, Loss: 1.875630
Epoch id: 11, Training steps: 500, Loss: 1.141568
Epoch id: 11, Training steps: 750, Loss: 1.136154
Epoch id: 11, Training steps: 1000, Loss: 1.124094
Epoch id: 11, Training steps: 1250, Loss: 1.125228
Epoch id: 12, Training steps: 250, Loss: 1.786999
Epoch id: 12, Training steps: 500, Loss: 1.072934
Epoch id: 12, Training steps: 750, Loss: 1.061787
Epoch id: 12, Training steps: 1000, Loss: 1.059999
Epoch id: 12, Training steps: 1250, Loss: 1.073007
Epoch id: 13, Training steps: 250, Loss: 1.695572
Epoch id: 13, Training steps: 500, Loss: 1.023034
Epoch id: 13, Training steps: 750, Loss: 1.036512
Epoch id: 13, Training steps: 1000, Loss: 1.024959
Epoch id: 13, Training steps: 1250, Loss: 1.030518
Epoch id: 14, Training steps: 250, Loss: 1.631432
Epoch id: 14, Training steps: 500, Loss: 1.017327
Epoch id: 14, Training steps: 750, Loss: 0.990552
Epoch id: 14, Training steps: 1000, Loss: 0.986876
Epoch id: 14, Training steps: 1250, Loss: 1.027529
Epoch id: 15, Training steps: 250, Loss: 1.577764
Epoch id: 15, Training steps: 500, Loss: 0.947671
Epoch id: 15, Training steps: 750, Loss: 0.998421
Epoch id: 15, Training steps: 1000, Loss: 0.994753
Epoch id: 15, Training steps: 1250, Loss: 0.976294
Epoch id: 16, Training steps: 250, Loss: 1.556268
Epoch id: 16, Training steps: 500, Loss: 0.936966
Epoch id: 16, Training steps: 750, Loss: 0.938704
Epoch id: 16, Training steps: 1000, Loss: 0.947092
Epoch id: 16, Training steps: 1250, Loss: 0.971663
Epoch id: 17, Training steps: 250, Loss: 1.539860
Epoch id: 17, Training steps: 500, Loss: 0.959764
Epoch id: 17, Training steps: 750, Loss: 0.954544
Epoch id: 17, Training steps: 1000, Loss: 0.973891
Epoch id: 17, Training steps: 1250, Loss: 0.979586
Epoch id: 18, Training steps: 250, Loss: 1.528196
Epoch id: 18, Training steps: 500, Loss: 0.915989
Epoch id: 18, Training steps: 750, Loss: 0.948882
Epoch id: 18, Training steps: 1000, Loss: 0.950779
Epoch id: 18, Training steps: 1250, Loss: 0.935796
Epoch id: 19, Training steps: 250, Loss: 1.526114
Epoch id: 19, Training steps: 500, Loss: 0.946391
Epoch id: 19, Training steps: 750, Loss: 0.938340
Epoch id: 19, Training steps: 1000, Loss: 0.931199
Epoch id: 19, Training steps: 1250, Loss: 0.910288
Epoch id: 20, Training steps: 250, Loss: 1.535260
Epoch id: 20, Training steps: 500, Loss: 0.914453
Epoch id: 20, Training steps: 750, Loss: 0.929162
Epoch id: 20, Training steps: 1000, Loss: 0.919625
Epoch id: 20, Training steps: 1250, Loss: 0.919581
Event: total_right, total_predict, predict_right: 4614, 120061, 2380
Event: precision, recall, and f1: 0.020, 0.516, 0.038
Role: total_right, total_predict, predict_right: 4883, 2538003, 41
Role: precision, recall, and f1: 0.000, 0.008, 0.000
Saving middle model...
Epoch id: 21, Training steps: 250, Loss: 1.472832
Epoch id: 21, Training steps: 500, Loss: 0.923465
Epoch id: 21, Training steps: 750, Loss: 0.909209
Epoch id: 21, Training steps: 1000, Loss: 0.918087
Epoch id: 21, Training steps: 1250, Loss: 0.913912
Epoch id: 22, Training steps: 250, Loss: 1.459986
Epoch id: 22, Training steps: 500, Loss: 0.915616
Epoch id: 22, Training steps: 750, Loss: 0.913669
Epoch id: 22, Training steps: 1000, Loss: 0.923052
Epoch id: 22, Training steps: 1250, Loss: 0.896053
Epoch id: 23, Training steps: 250, Loss: 1.473974
Epoch id: 23, Training steps: 500, Loss: 0.916492
Epoch id: 23, Training steps: 750, Loss: 0.895749
Epoch id: 23, Training steps: 1000, Loss: 0.884249
Epoch id: 23, Training steps: 1250, Loss: 0.895077
Epoch id: 24, Training steps: 250, Loss: 1.421566
Epoch id: 24, Training steps: 500, Loss: 0.892376
Epoch id: 24, Training steps: 750, Loss: 0.892199
Epoch id: 24, Training steps: 1000, Loss: 0.910025
Epoch id: 24, Training steps: 1250, Loss: 0.918296
Epoch id: 25, Training steps: 250, Loss: 1.446958
Epoch id: 25, Training steps: 500, Loss: 0.876949
Epoch id: 25, Training steps: 750, Loss: 0.881677
Epoch id: 25, Training steps: 1000, Loss: 0.872394
Epoch id: 25, Training steps: 1250, Loss: 0.876463
Epoch id: 26, Training steps: 250, Loss: 1.397229
Epoch id: 26, Training steps: 500, Loss: 0.849859
Epoch id: 26, Training steps: 750, Loss: 0.874165
Epoch id: 26, Training steps: 1000, Loss: 0.872649
Epoch id: 26, Training steps: 1250, Loss: 0.868121
Epoch id: 27, Training steps: 250, Loss: 1.424255
Epoch id: 27, Training steps: 500, Loss: 0.875529
Epoch id: 27, Training steps: 750, Loss: 0.874020
Epoch id: 27, Training steps: 1000, Loss: 0.872726
Epoch id: 27, Training steps: 1250, Loss: 0.866118
Epoch id: 28, Training steps: 250, Loss: 1.435997
Epoch id: 28, Training steps: 500, Loss: 0.865899
Epoch id: 28, Training steps: 750, Loss: 0.853798
Epoch id: 28, Training steps: 1000, Loss: 0.876808
Epoch id: 28, Training steps: 1250, Loss: 0.853902
Epoch id: 29, Training steps: 250, Loss: 1.428068
Epoch id: 29, Training steps: 500, Loss: 0.855812
Epoch id: 29, Training steps: 750, Loss: 0.858997
Epoch id: 29, Training steps: 1000, Loss: 0.849427
Epoch id: 29, Training steps: 1250, Loss: 0.864762
Epoch id: 30, Training steps: 250, Loss: 1.392069
Epoch id: 30, Training steps: 500, Loss: 0.855119
Epoch id: 30, Training steps: 750, Loss: 0.839133
Epoch id: 30, Training steps: 1000, Loss: 0.880479
Epoch id: 30, Training steps: 1250, Loss: 0.825685
Epoch id: 31, Training steps: 250, Loss: 1.386763
Epoch id: 31, Training steps: 500, Loss: 0.888599
Epoch id: 31, Training steps: 750, Loss: 0.867117
Epoch id: 31, Training steps: 1000, Loss: 0.837868
Epoch id: 31, Training steps: 1250, Loss: 0.836684
Epoch id: 32, Training steps: 250, Loss: 1.363500
Epoch id: 32, Training steps: 500, Loss: 0.867294
Epoch id: 32, Training steps: 750, Loss: 0.853404
Epoch id: 32, Training steps: 1000, Loss: 0.870363
Epoch id: 32, Training steps: 1250, Loss: 0.834253
Epoch id: 33, Training steps: 250, Loss: 1.390041
Epoch id: 33, Training steps: 500, Loss: 0.846696
Epoch id: 33, Training steps: 750, Loss: 0.822555
Epoch id: 33, Training steps: 1000, Loss: 0.842721
Epoch id: 33, Training steps: 1250, Loss: 0.856716
Epoch id: 34, Training steps: 250, Loss: 1.351818
Epoch id: 34, Training steps: 500, Loss: 0.866988
Epoch id: 34, Training steps: 750, Loss: 0.830265
Epoch id: 34, Training steps: 1000, Loss: 0.822610
Epoch id: 34, Training steps: 1250, Loss: 0.875886
Epoch id: 35, Training steps: 250, Loss: 1.354291
Epoch id: 35, Training steps: 500, Loss: 0.838666
Epoch id: 35, Training steps: 750, Loss: 0.824261
Epoch id: 35, Training steps: 1000, Loss: 0.818559
Epoch id: 35, Training steps: 1250, Loss: 0.838738
Epoch id: 36, Training steps: 250, Loss: 1.365127
Epoch id: 36, Training steps: 500, Loss: 0.814668
Epoch id: 36, Training steps: 750, Loss: 0.849490
Epoch id: 36, Training steps: 1000, Loss: 0.822425
Epoch id: 36, Training steps: 1250, Loss: 0.835104
Epoch id: 37, Training steps: 250, Loss: 1.381632
Epoch id: 37, Training steps: 500, Loss: 0.849104
Epoch id: 37, Training steps: 750, Loss: 0.825901
Epoch id: 37, Training steps: 1000, Loss: 0.836073
Epoch id: 37, Training steps: 1250, Loss: 0.831440
Epoch id: 38, Training steps: 250, Loss: 1.319525
Epoch id: 38, Training steps: 500, Loss: 0.824278
Epoch id: 38, Training steps: 750, Loss: 0.826699
Epoch id: 38, Training steps: 1000, Loss: 0.814045
Epoch id: 38, Training steps: 1250, Loss: 0.840326
Epoch id: 39, Training steps: 250, Loss: 1.369441
Epoch id: 39, Training steps: 500, Loss: 0.832894
Epoch id: 39, Training steps: 750, Loss: 0.799958
Epoch id: 39, Training steps: 1000, Loss: 0.833936
Epoch id: 39, Training steps: 1250, Loss: 0.818872
Epoch id: 40, Training steps: 250, Loss: 1.353845
Epoch id: 40, Training steps: 500, Loss: 0.786216
Epoch id: 40, Training steps: 750, Loss: 0.818980
Epoch id: 40, Training steps: 1000, Loss: 0.830608
Epoch id: 40, Training steps: 1250, Loss: 0.820393
Event: total_right, total_predict, predict_right: 4614, 119332, 2512
Event: precision, recall, and f1: 0.021, 0.544, 0.041
Role: total_right, total_predict, predict_right: 4883, 3193172, 44
Role: precision, recall, and f1: 0.000, 0.009, 0.000
Epoch id: 41, Training steps: 250, Loss: 1.372670
Epoch id: 41, Training steps: 500, Loss: 0.803470
Epoch id: 41, Training steps: 750, Loss: 0.814133
Epoch id: 41, Training steps: 1000, Loss: 0.804071
Epoch id: 41, Training steps: 1250, Loss: 0.826146
Epoch id: 42, Training steps: 250, Loss: 1.308109
Epoch id: 42, Training steps: 500, Loss: 0.826635
Epoch id: 42, Training steps: 750, Loss: 0.806706
Epoch id: 42, Training steps: 1000, Loss: 0.810223
Epoch id: 42, Training steps: 1250, Loss: 0.838740
Epoch id: 43, Training steps: 250, Loss: 1.303659
Epoch id: 43, Training steps: 500, Loss: 0.839468
Epoch id: 43, Training steps: 750, Loss: 0.827820
Epoch id: 43, Training steps: 1000, Loss: 0.811237
Epoch id: 43, Training steps: 1250, Loss: 0.804658
Epoch id: 44, Training steps: 250, Loss: 1.320378
Epoch id: 44, Training steps: 500, Loss: 0.800347
Epoch id: 44, Training steps: 750, Loss: 0.813210
Epoch id: 44, Training steps: 1000, Loss: 0.812526
Epoch id: 44, Training steps: 1250, Loss: 0.810614
Epoch id: 45, Training steps: 250, Loss: 1.349660
Epoch id: 45, Training steps: 500, Loss: 0.809554
Epoch id: 45, Training steps: 750, Loss: 0.809325
Epoch id: 45, Training steps: 1000, Loss: 0.814338
Epoch id: 45, Training steps: 1250, Loss: 0.791229
Epoch id: 46, Training steps: 250, Loss: 1.304821
Epoch id: 46, Training steps: 500, Loss: 0.811369
Epoch id: 46, Training steps: 750, Loss: 0.804810
Epoch id: 46, Training steps: 1000, Loss: 0.827741
Epoch id: 46, Training steps: 1250, Loss: 0.814172
Epoch id: 47, Training steps: 250, Loss: 1.300409
Epoch id: 47, Training steps: 500, Loss: 0.796704
Epoch id: 47, Training steps: 750, Loss: 0.797876
Epoch id: 47, Training steps: 1000, Loss: 0.779720
Epoch id: 47, Training steps: 1250, Loss: 0.832436
Epoch id: 48, Training steps: 250, Loss: 1.336496
Epoch id: 48, Training steps: 500, Loss: 0.784753
Epoch id: 48, Training steps: 750, Loss: 0.819012
Epoch id: 48, Training steps: 1000, Loss: 0.805255
Epoch id: 48, Training steps: 1250, Loss: 0.801337
