nohup: ignoring input
Start training.
--------------- The 1-th fold as the validation set... ---------------
Hierarchical: Preprocessing dataset...
Data length:  21719
Epoch id: 1, Training steps: 250, Loss: 4.248116
Epoch id: 1, Training steps: 500, Loss: 5.074365
Epoch id: 1, Training steps: 750, Loss: 4.159257
Epoch id: 1, Training steps: 1000, Loss: 4.473849
Epoch id: 1, Training steps: 1250, Loss: 3.764451
Epoch id: 1, Training steps: 1500, Loss: 3.334543
Epoch id: 1, Training steps: 1750, Loss: 1.881837
Epoch id: 1, Training steps: 2000, Loss: 2.204082
Epoch id: 1, Training steps: 2250, Loss: 2.878729
Epoch id: 1, Training steps: 2500, Loss: 4.090242
Epoch id: 2, Training steps: 250, Loss: 2.231935
Epoch id: 2, Training steps: 500, Loss: 1.930655
Epoch id: 2, Training steps: 750, Loss: 3.934920
Epoch id: 2, Training steps: 1000, Loss: 2.521793
Epoch id: 2, Training steps: 1250, Loss: 1.762559
Epoch id: 2, Training steps: 1500, Loss: 2.797438
Epoch id: 2, Training steps: 1750, Loss: 2.853327
Epoch id: 2, Training steps: 2000, Loss: 2.825513
Epoch id: 2, Training steps: 2250, Loss: 2.191844
Epoch id: 2, Training steps: 2500, Loss: 1.891325
Epoch id: 3, Training steps: 250, Loss: 2.685987
Epoch id: 3, Training steps: 500, Loss: 2.416595
Epoch id: 3, Training steps: 750, Loss: 1.636655
Epoch id: 3, Training steps: 1000, Loss: 2.405486
Epoch id: 3, Training steps: 1250, Loss: 3.233022
Epoch id: 3, Training steps: 1500, Loss: 2.231909
Epoch id: 3, Training steps: 1750, Loss: 2.018970
Epoch id: 3, Training steps: 2000, Loss: 1.598232
Epoch id: 3, Training steps: 2250, Loss: 2.029936
Epoch id: 3, Training steps: 2500, Loss: 2.114501
Epoch id: 4, Training steps: 250, Loss: 3.009330
Epoch id: 4, Training steps: 500, Loss: 4.059286
Epoch id: 4, Training steps: 750, Loss: 1.992344
Epoch id: 4, Training steps: 1000, Loss: 3.021315
Epoch id: 4, Training steps: 1250, Loss: 2.122668
Epoch id: 4, Training steps: 1500, Loss: 2.929672
Epoch id: 4, Training steps: 1750, Loss: 2.070678
Epoch id: 4, Training steps: 2000, Loss: 2.914991
Epoch id: 4, Training steps: 2250, Loss: 1.475153
Epoch id: 4, Training steps: 2500, Loss: 1.360352
Epoch id: 5, Training steps: 250, Loss: 1.562611
Epoch id: 5, Training steps: 500, Loss: 2.749531
Epoch id: 5, Training steps: 750, Loss: 1.288121
Epoch id: 5, Training steps: 1000, Loss: 4.100810
Epoch id: 5, Training steps: 1250, Loss: 2.185270
Epoch id: 5, Training steps: 1500, Loss: 3.300358
Epoch id: 5, Training steps: 1750, Loss: 1.400222
Epoch id: 5, Training steps: 2000, Loss: 2.779018
Epoch id: 5, Training steps: 2250, Loss: 5.694751
Epoch id: 5, Training steps: 2500, Loss: 2.650397
Event: total_right, total_predict, predict_right: 2452, 2175, 898
Event: precision, recall, and f1: 0.413, 0.366, 0.388
Role: total_right, total_predict, predict_right: 5354, 8374, 1218
Role: precision, recall, and f1: 0.145, 0.227, 0.177
Saving middle model...
Epoch id: 6, Training steps: 250, Loss: 2.160501
Epoch id: 6, Training steps: 500, Loss: 1.936115
Epoch id: 6, Training steps: 750, Loss: 2.150401
Epoch id: 6, Training steps: 1000, Loss: 1.856776
Epoch id: 6, Training steps: 1250, Loss: 1.955178
Epoch id: 6, Training steps: 1500, Loss: 1.361540
Epoch id: 6, Training steps: 1750, Loss: 2.115595
Epoch id: 6, Training steps: 2000, Loss: 1.766448
Epoch id: 6, Training steps: 2250, Loss: 1.485593
Epoch id: 6, Training steps: 2500, Loss: 1.509031
Epoch id: 7, Training steps: 250, Loss: 1.579253
Epoch id: 7, Training steps: 500, Loss: 1.726797
Epoch id: 7, Training steps: 750, Loss: 1.704107
Epoch id: 7, Training steps: 1000, Loss: 1.877374
Epoch id: 7, Training steps: 1250, Loss: 1.955244
Epoch id: 7, Training steps: 1500, Loss: 2.384163
Epoch id: 7, Training steps: 1750, Loss: 2.211362
Epoch id: 7, Training steps: 2000, Loss: 1.844409
Epoch id: 7, Training steps: 2250, Loss: 1.833996
Epoch id: 7, Training steps: 2500, Loss: 1.333845
Epoch id: 8, Training steps: 250, Loss: 3.264742
Epoch id: 8, Training steps: 500, Loss: 1.963880
Epoch id: 8, Training steps: 750, Loss: 2.453752
Epoch id: 8, Training steps: 1000, Loss: 1.950486
Epoch id: 8, Training steps: 1250, Loss: 2.178885
Epoch id: 8, Training steps: 1500, Loss: 2.389894
Epoch id: 8, Training steps: 1750, Loss: 1.911393
Epoch id: 8, Training steps: 2000, Loss: 3.991388
Epoch id: 8, Training steps: 2250, Loss: 1.868468
Epoch id: 8, Training steps: 2500, Loss: 2.894284
Epoch id: 9, Training steps: 250, Loss: 1.464735
Epoch id: 9, Training steps: 500, Loss: 2.101112
Epoch id: 9, Training steps: 750, Loss: 1.231004
Epoch id: 9, Training steps: 1000, Loss: 1.959819
Epoch id: 9, Training steps: 1250, Loss: 1.645679
Epoch id: 9, Training steps: 1500, Loss: 2.142421
Epoch id: 9, Training steps: 1750, Loss: 2.370301
Epoch id: 9, Training steps: 2000, Loss: 2.835040
Epoch id: 9, Training steps: 2250, Loss: 1.379703
Epoch id: 9, Training steps: 2500, Loss: 2.448261
Epoch id: 10, Training steps: 250, Loss: 1.658965
Epoch id: 10, Training steps: 500, Loss: 2.329637
Epoch id: 10, Training steps: 750, Loss: 1.422433
Epoch id: 10, Training steps: 1000, Loss: 2.459743
Epoch id: 10, Training steps: 1250, Loss: 2.758976
Epoch id: 10, Training steps: 1500, Loss: 1.917048
Epoch id: 10, Training steps: 1750, Loss: 2.542340
Epoch id: 10, Training steps: 2000, Loss: 1.652675
Epoch id: 10, Training steps: 2250, Loss: 1.589012
Epoch id: 10, Training steps: 2500, Loss: 2.669071
Event: total_right, total_predict, predict_right: 2452, 2811, 1105
Event: precision, recall, and f1: 0.393, 0.451, 0.420
Role: total_right, total_predict, predict_right: 5354, 9425, 1718
Role: precision, recall, and f1: 0.182, 0.321, 0.232
Saving middle model...
Epoch id: 11, Training steps: 250, Loss: 1.971836
Epoch id: 11, Training steps: 500, Loss: 1.686274
Epoch id: 11, Training steps: 750, Loss: 2.652378
Epoch id: 11, Training steps: 1000, Loss: 4.405137
Epoch id: 11, Training steps: 1250, Loss: 2.054261
Epoch id: 11, Training steps: 1500, Loss: 2.045871
Epoch id: 11, Training steps: 1750, Loss: 2.164558
Epoch id: 11, Training steps: 2000, Loss: 2.606864
Epoch id: 11, Training steps: 2250, Loss: 4.251186
Epoch id: 11, Training steps: 2500, Loss: 3.157456
Epoch id: 12, Training steps: 250, Loss: 2.175843
Epoch id: 12, Training steps: 500, Loss: 2.609902
Epoch id: 12, Training steps: 750, Loss: 2.392269
Epoch id: 12, Training steps: 1000, Loss: 1.661002
Epoch id: 12, Training steps: 1250, Loss: 1.915274
Epoch id: 12, Training steps: 1500, Loss: 1.592930
Epoch id: 12, Training steps: 1750, Loss: 1.924901
Epoch id: 12, Training steps: 2000, Loss: 2.474193
Epoch id: 12, Training steps: 2250, Loss: 1.885762
Epoch id: 12, Training steps: 2500, Loss: 1.852673
Epoch id: 13, Training steps: 250, Loss: 1.775415
Epoch id: 13, Training steps: 500, Loss: 1.798674
Epoch id: 13, Training steps: 750, Loss: 2.360366
Epoch id: 13, Training steps: 1000, Loss: 2.143814
Epoch id: 13, Training steps: 1250, Loss: 1.516564
Epoch id: 13, Training steps: 1500, Loss: 1.530016
Epoch id: 13, Training steps: 1750, Loss: 1.857091
Epoch id: 13, Training steps: 2000, Loss: 2.381324
Epoch id: 13, Training steps: 2250, Loss: 1.752558
Epoch id: 13, Training steps: 2500, Loss: 1.573460
Epoch id: 14, Training steps: 250, Loss: 2.136725
Epoch id: 14, Training steps: 500, Loss: 2.042762
Epoch id: 14, Training steps: 750, Loss: 2.527285
Epoch id: 14, Training steps: 1000, Loss: 2.247841
Epoch id: 14, Training steps: 1250, Loss: 2.019212
Epoch id: 14, Training steps: 1500, Loss: 1.944715
Epoch id: 14, Training steps: 1750, Loss: 1.876959
Epoch id: 14, Training steps: 2000, Loss: 2.256026
Epoch id: 14, Training steps: 2250, Loss: 1.850430
Epoch id: 14, Training steps: 2500, Loss: 2.522460
Epoch id: 15, Training steps: 250, Loss: 1.984487
Epoch id: 15, Training steps: 500, Loss: 1.483156
Epoch id: 15, Training steps: 750, Loss: 2.119598
Epoch id: 15, Training steps: 1000, Loss: 2.154464
Epoch id: 15, Training steps: 1250, Loss: 1.783897
Epoch id: 15, Training steps: 1500, Loss: 2.523638
Epoch id: 15, Training steps: 1750, Loss: 2.162388
Epoch id: 15, Training steps: 2000, Loss: 2.444564
Epoch id: 15, Training steps: 2250, Loss: 3.222272
Epoch id: 15, Training steps: 2500, Loss: 1.838042
Event: total_right, total_predict, predict_right: 2452, 3453, 1426
Event: precision, recall, and f1: 0.413, 0.582, 0.483
Role: total_right, total_predict, predict_right: 5354, 8891, 2106
Role: precision, recall, and f1: 0.237, 0.393, 0.296
Saving middle model...
Epoch id: 16, Training steps: 250, Loss: 1.839153
Epoch id: 16, Training steps: 500, Loss: 2.756990
Epoch id: 16, Training steps: 750, Loss: 1.493869
Epoch id: 16, Training steps: 1000, Loss: 2.792761
Epoch id: 16, Training steps: 1250, Loss: 3.038606
Epoch id: 16, Training steps: 1500, Loss: 1.781540
Epoch id: 16, Training steps: 1750, Loss: 2.014333
Epoch id: 16, Training steps: 2000, Loss: 2.652264
Epoch id: 16, Training steps: 2250, Loss: 2.923013
Epoch id: 16, Training steps: 2500, Loss: 2.416425
Epoch id: 17, Training steps: 250, Loss: 3.523854
Epoch id: 17, Training steps: 500, Loss: 2.351774
Epoch id: 17, Training steps: 750, Loss: 1.742651
Epoch id: 17, Training steps: 1000, Loss: 1.828595
Epoch id: 17, Training steps: 1250, Loss: 1.563644
Epoch id: 17, Training steps: 1500, Loss: 2.313848
Epoch id: 17, Training steps: 1750, Loss: 1.666424
Epoch id: 17, Training steps: 2000, Loss: 1.689919
Epoch id: 17, Training steps: 2250, Loss: 1.556006
Epoch id: 17, Training steps: 2500, Loss: 1.766845
Epoch id: 18, Training steps: 250, Loss: 1.447723
Epoch id: 18, Training steps: 500, Loss: 2.383764
Epoch id: 18, Training steps: 750, Loss: 1.404698
Epoch id: 18, Training steps: 1000, Loss: 1.345937
Epoch id: 18, Training steps: 1250, Loss: 2.487683
Epoch id: 18, Training steps: 1500, Loss: 1.369767
Epoch id: 18, Training steps: 1750, Loss: 1.918872
Epoch id: 18, Training steps: 2000, Loss: 1.779441
Epoch id: 18, Training steps: 2250, Loss: 3.169654
Epoch id: 18, Training steps: 2500, Loss: 2.621172
Epoch id: 19, Training steps: 250, Loss: 2.063658
Epoch id: 19, Training steps: 500, Loss: 2.949391
Epoch id: 19, Training steps: 750, Loss: 1.368836
Epoch id: 19, Training steps: 1000, Loss: 2.211859
Epoch id: 19, Training steps: 1250, Loss: 1.389728
Epoch id: 19, Training steps: 1500, Loss: 2.329390
Epoch id: 19, Training steps: 1750, Loss: 1.779430
Epoch id: 19, Training steps: 2000, Loss: 1.689064
Epoch id: 19, Training steps: 2250, Loss: 1.957667
Epoch id: 19, Training steps: 2500, Loss: 2.085210
Epoch id: 20, Training steps: 250, Loss: 2.339932
Epoch id: 20, Training steps: 500, Loss: 1.656260
Epoch id: 20, Training steps: 750, Loss: 1.709254
Epoch id: 20, Training steps: 1000, Loss: 1.379632
Epoch id: 20, Training steps: 1250, Loss: 1.584740
Epoch id: 20, Training steps: 1500, Loss: 2.029917
Epoch id: 20, Training steps: 1750, Loss: 2.489964
Epoch id: 20, Training steps: 2000, Loss: 2.912502
Epoch id: 20, Training steps: 2250, Loss: 1.170361
Epoch id: 20, Training steps: 2500, Loss: 2.462351
Event: total_right, total_predict, predict_right: 2452, 3508, 1492
Event: precision, recall, and f1: 0.425, 0.608, 0.501
Role: total_right, total_predict, predict_right: 5354, 9172, 2207
Role: precision, recall, and f1: 0.241, 0.412, 0.304
Saving middle model...
Epoch id: 21, Training steps: 250, Loss: 2.708631
Epoch id: 21, Training steps: 500, Loss: 2.419422
Epoch id: 21, Training steps: 750, Loss: 1.759313
Epoch id: 21, Training steps: 1000, Loss: 1.666561
Epoch id: 21, Training steps: 1250, Loss: 1.622067
Epoch id: 21, Training steps: 1500, Loss: 1.354689
Epoch id: 21, Training steps: 1750, Loss: 1.825222
Epoch id: 21, Training steps: 2000, Loss: 2.074744
Epoch id: 21, Training steps: 2250, Loss: 2.184987
Epoch id: 21, Training steps: 2500, Loss: 1.904906
Epoch id: 22, Training steps: 250, Loss: 1.725327
Epoch id: 22, Training steps: 500, Loss: 2.375058
Epoch id: 22, Training steps: 750, Loss: 1.328853
Epoch id: 22, Training steps: 1000, Loss: 2.489375
Epoch id: 22, Training steps: 1250, Loss: 1.294059
Epoch id: 22, Training steps: 1500, Loss: 1.913065
Epoch id: 22, Training steps: 1750, Loss: 2.324747
Epoch id: 22, Training steps: 2000, Loss: 1.494909
Epoch id: 22, Training steps: 2250, Loss: 2.111725
Epoch id: 22, Training steps: 2500, Loss: 1.719651
Epoch id: 23, Training steps: 250, Loss: 1.986724
Epoch id: 23, Training steps: 500, Loss: 2.828911
Epoch id: 23, Training steps: 750, Loss: 1.942538
Epoch id: 23, Training steps: 1000, Loss: 2.335469
Epoch id: 23, Training steps: 1250, Loss: 1.684641
Epoch id: 23, Training steps: 1500, Loss: 1.233002
Epoch id: 23, Training steps: 1750, Loss: 2.075130
Epoch id: 23, Training steps: 2000, Loss: 1.746235
Epoch id: 23, Training steps: 2250, Loss: 3.509116
Epoch id: 23, Training steps: 2500, Loss: 2.270977
Epoch id: 24, Training steps: 250, Loss: 2.160802
Epoch id: 24, Training steps: 500, Loss: 2.061533
Epoch id: 24, Training steps: 750, Loss: 2.375838
Epoch id: 24, Training steps: 1000, Loss: 1.230129
Epoch id: 24, Training steps: 1250, Loss: 3.409848
Epoch id: 24, Training steps: 1500, Loss: 1.999938
Epoch id: 24, Training steps: 1750, Loss: 1.746438
Epoch id: 24, Training steps: 2000, Loss: 2.358708
Epoch id: 24, Training steps: 2250, Loss: 2.164299
Epoch id: 24, Training steps: 2500, Loss: 1.634167
Epoch id: 25, Training steps: 250, Loss: 1.657974
Epoch id: 25, Training steps: 500, Loss: 2.112867
Epoch id: 25, Training steps: 750, Loss: 1.866740
Epoch id: 25, Training steps: 1000, Loss: 1.998562
Epoch id: 25, Training steps: 1250, Loss: 2.745584
Epoch id: 25, Training steps: 1500, Loss: 2.349346
Epoch id: 25, Training steps: 1750, Loss: 2.767119
Epoch id: 25, Training steps: 2000, Loss: 2.391281
Epoch id: 25, Training steps: 2250, Loss: 3.417036
Epoch id: 25, Training steps: 2500, Loss: 1.919688
Event: total_right, total_predict, predict_right: 2452, 3832, 1658
Event: precision, recall, and f1: 0.433, 0.676, 0.528
Role: total_right, total_predict, predict_right: 5354, 9257, 2359
Role: precision, recall, and f1: 0.255, 0.441, 0.323
Saving middle model...
Epoch id: 26, Training steps: 250, Loss: 4.749510
Epoch id: 26, Training steps: 500, Loss: 1.466185
Epoch id: 26, Training steps: 750, Loss: 1.826840
Epoch id: 26, Training steps: 1000, Loss: 2.734236
Epoch id: 26, Training steps: 1250, Loss: 2.486736
Epoch id: 26, Training steps: 1500, Loss: 2.185622
Epoch id: 26, Training steps: 1750, Loss: 1.847873
Epoch id: 26, Training steps: 2000, Loss: 2.485027
Epoch id: 26, Training steps: 2250, Loss: 2.986607
Epoch id: 26, Training steps: 2500, Loss: 2.902928
Epoch id: 27, Training steps: 250, Loss: 3.071299
Epoch id: 27, Training steps: 500, Loss: 3.530683
Epoch id: 27, Training steps: 750, Loss: 1.641964
Epoch id: 27, Training steps: 1000, Loss: 2.383590
Epoch id: 27, Training steps: 1250, Loss: 2.486761
Epoch id: 27, Training steps: 1500, Loss: 1.601377
Epoch id: 27, Training steps: 1750, Loss: 3.083252
Epoch id: 27, Training steps: 2000, Loss: 1.953868
Epoch id: 27, Training steps: 2250, Loss: 1.850615
Epoch id: 27, Training steps: 2500, Loss: 2.129981
Epoch id: 28, Training steps: 250, Loss: 2.419333
Epoch id: 28, Training steps: 500, Loss: 1.279311
Epoch id: 28, Training steps: 750, Loss: 2.395126
Epoch id: 28, Training steps: 1000, Loss: 2.036625
Epoch id: 28, Training steps: 1250, Loss: 2.050297
Epoch id: 28, Training steps: 1500, Loss: 1.941040
Epoch id: 28, Training steps: 1750, Loss: 1.863825
Epoch id: 28, Training steps: 2000, Loss: 2.446048
Epoch id: 28, Training steps: 2250, Loss: 1.214792
Epoch id: 28, Training steps: 2500, Loss: 1.789463
Epoch id: 29, Training steps: 250, Loss: 1.377372
Epoch id: 29, Training steps: 500, Loss: 2.233368
Epoch id: 29, Training steps: 750, Loss: 2.289286
Epoch id: 29, Training steps: 1000, Loss: 1.618906
Epoch id: 29, Training steps: 1250, Loss: 2.065775
Epoch id: 29, Training steps: 1500, Loss: 2.469216
Epoch id: 29, Training steps: 1750, Loss: 1.986926
Epoch id: 29, Training steps: 2000, Loss: 1.558893
Epoch id: 29, Training steps: 2250, Loss: 2.180074
Epoch id: 29, Training steps: 2500, Loss: 2.888944
Epoch id: 30, Training steps: 250, Loss: 1.406145
Epoch id: 30, Training steps: 500, Loss: 1.436767
Epoch id: 30, Training steps: 750, Loss: 2.303781
Epoch id: 30, Training steps: 1000, Loss: 1.287305
Epoch id: 30, Training steps: 1250, Loss: 1.401913
Epoch id: 30, Training steps: 1500, Loss: 1.541824
Epoch id: 30, Training steps: 1750, Loss: 1.824893
Epoch id: 30, Training steps: 2000, Loss: 2.024056
Epoch id: 30, Training steps: 2250, Loss: 2.747108
Epoch id: 30, Training steps: 2500, Loss: 1.639150
Event: total_right, total_predict, predict_right: 2452, 3975, 1728
Event: precision, recall, and f1: 0.435, 0.705, 0.538
Role: total_right, total_predict, predict_right: 5354, 8856, 2467
Role: precision, recall, and f1: 0.279, 0.461, 0.347
Saving middle model...
Epoch id: 31, Training steps: 250, Loss: 1.780519
Epoch id: 31, Training steps: 500, Loss: 2.365635
Epoch id: 31, Training steps: 750, Loss: 1.548669
Epoch id: 31, Training steps: 1000, Loss: 1.323774
Epoch id: 31, Training steps: 1250, Loss: 1.959511
Epoch id: 31, Training steps: 1500, Loss: 2.058180
Epoch id: 31, Training steps: 1750, Loss: 2.054745
Epoch id: 31, Training steps: 2000, Loss: 2.005617
Epoch id: 31, Training steps: 2250, Loss: 1.862437
Epoch id: 31, Training steps: 2500, Loss: 1.700612
Epoch id: 32, Training steps: 250, Loss: 2.264587
Epoch id: 32, Training steps: 500, Loss: 2.590631
Epoch id: 32, Training steps: 750, Loss: 1.908176
Epoch id: 32, Training steps: 1000, Loss: 1.904349
Epoch id: 32, Training steps: 1250, Loss: 1.716058
Epoch id: 32, Training steps: 1500, Loss: 2.835999
Epoch id: 32, Training steps: 1750, Loss: 1.849217
Epoch id: 32, Training steps: 2000, Loss: 1.699353
Epoch id: 32, Training steps: 2250, Loss: 1.287269
Epoch id: 32, Training steps: 2500, Loss: 1.703742
Epoch id: 33, Training steps: 250, Loss: 2.136235
Epoch id: 33, Training steps: 500, Loss: 1.821573
Epoch id: 33, Training steps: 750, Loss: 1.641178
Epoch id: 33, Training steps: 1000, Loss: 3.552838
Epoch id: 33, Training steps: 1250, Loss: 1.592198
Epoch id: 33, Training steps: 1500, Loss: 1.779468
Epoch id: 33, Training steps: 1750, Loss: 2.290695
Epoch id: 33, Training steps: 2000, Loss: 1.725694
Epoch id: 33, Training steps: 2250, Loss: 1.973816
Epoch id: 33, Training steps: 2500, Loss: 1.513926
Epoch id: 34, Training steps: 250, Loss: 1.711342
Epoch id: 34, Training steps: 500, Loss: 3.447260
Epoch id: 34, Training steps: 750, Loss: 2.278351
Epoch id: 34, Training steps: 1000, Loss: 2.810179
Epoch id: 34, Training steps: 1250, Loss: 1.761955
Epoch id: 34, Training steps: 1500, Loss: 1.189099
Epoch id: 34, Training steps: 1750, Loss: 1.824093
Epoch id: 34, Training steps: 2000, Loss: 1.530451
Epoch id: 34, Training steps: 2250, Loss: 1.564122
Epoch id: 34, Training steps: 2500, Loss: 1.867808
Epoch id: 35, Training steps: 250, Loss: 3.049322
Epoch id: 35, Training steps: 500, Loss: 2.021894
Epoch id: 35, Training steps: 750, Loss: 2.665715
Epoch id: 35, Training steps: 1000, Loss: 2.590657
Epoch id: 35, Training steps: 1250, Loss: 2.279840
Epoch id: 35, Training steps: 1500, Loss: 3.760573
Epoch id: 35, Training steps: 1750, Loss: 1.472689
Epoch id: 35, Training steps: 2000, Loss: 2.216618
Epoch id: 35, Training steps: 2250, Loss: 2.532218
Epoch id: 35, Training steps: 2500, Loss: 4.209464
Event: total_right, total_predict, predict_right: 2452, 3692, 1603
Event: precision, recall, and f1: 0.434, 0.654, 0.522
Role: total_right, total_predict, predict_right: 5354, 7653, 2312
Role: precision, recall, and f1: 0.302, 0.432, 0.356
Saving middle model...
Epoch id: 36, Training steps: 250, Loss: 1.298663
Epoch id: 36, Training steps: 500, Loss: 2.299355
Epoch id: 36, Training steps: 750, Loss: 1.302951
Epoch id: 36, Training steps: 1000, Loss: 1.880250
Epoch id: 36, Training steps: 1250, Loss: 1.168043
Epoch id: 36, Training steps: 1500, Loss: 1.573096
Epoch id: 36, Training steps: 1750, Loss: 2.855489
Epoch id: 36, Training steps: 2000, Loss: 2.639934
Epoch id: 36, Training steps: 2250, Loss: 1.229175
Epoch id: 36, Training steps: 2500, Loss: 2.314754
Epoch id: 37, Training steps: 250, Loss: 1.232065
Epoch id: 37, Training steps: 500, Loss: 2.558938
Epoch id: 37, Training steps: 750, Loss: 1.734072
Epoch id: 37, Training steps: 1000, Loss: 2.632390
Epoch id: 37, Training steps: 1250, Loss: 3.882564
Epoch id: 37, Training steps: 1500, Loss: 2.587998
Epoch id: 37, Training steps: 1750, Loss: 2.707414
Epoch id: 37, Training steps: 2000, Loss: 1.973099
Epoch id: 37, Training steps: 2250, Loss: 2.077537
Epoch id: 37, Training steps: 2500, Loss: 1.832370
Epoch id: 38, Training steps: 250, Loss: 2.359972
Epoch id: 38, Training steps: 500, Loss: 1.657189
Epoch id: 38, Training steps: 750, Loss: 1.716814
Epoch id: 38, Training steps: 1000, Loss: 1.777159
Epoch id: 38, Training steps: 1250, Loss: 2.294538
Epoch id: 38, Training steps: 1500, Loss: 2.146187
Epoch id: 38, Training steps: 1750, Loss: 1.966860
Epoch id: 38, Training steps: 2000, Loss: 1.801569
Epoch id: 38, Training steps: 2250, Loss: 2.092565
Epoch id: 38, Training steps: 2500, Loss: 1.826669
Epoch id: 39, Training steps: 250, Loss: 2.294292
Epoch id: 39, Training steps: 500, Loss: 2.125604
Epoch id: 39, Training steps: 750, Loss: 1.857097
Epoch id: 39, Training steps: 1000, Loss: 2.130132
Epoch id: 39, Training steps: 1250, Loss: 2.760539
Epoch id: 39, Training steps: 1500, Loss: 1.719379
Epoch id: 39, Training steps: 1750, Loss: 2.253000
Epoch id: 39, Training steps: 2000, Loss: 1.521936
Epoch id: 39, Training steps: 2250, Loss: 1.465083
Epoch id: 39, Training steps: 2500, Loss: 3.050511
Epoch id: 40, Training steps: 250, Loss: 2.112767
Epoch id: 40, Training steps: 500, Loss: 2.027581
Epoch id: 40, Training steps: 750, Loss: 2.144052
Epoch id: 40, Training steps: 1000, Loss: 1.998224
Epoch id: 40, Training steps: 1250, Loss: 1.545594
Epoch id: 40, Training steps: 1500, Loss: 2.304187
Epoch id: 40, Training steps: 1750, Loss: 2.759300
Epoch id: 40, Training steps: 2000, Loss: 1.401655
Epoch id: 40, Training steps: 2250, Loss: 1.826883
Epoch id: 40, Training steps: 2500, Loss: 1.780665
Event: total_right, total_predict, predict_right: 2452, 3584, 1675
Event: precision, recall, and f1: 0.467, 0.683, 0.555
Role: total_right, total_predict, predict_right: 5354, 7468, 2397
Role: precision, recall, and f1: 0.321, 0.448, 0.374
Saving middle model...
Epoch id: 41, Training steps: 250, Loss: 1.459081
Epoch id: 41, Training steps: 500, Loss: 2.308064
Epoch id: 41, Training steps: 750, Loss: 2.321135
Epoch id: 41, Training steps: 1000, Loss: 1.419173
Epoch id: 41, Training steps: 1250, Loss: 1.763140
Epoch id: 41, Training steps: 1500, Loss: 2.231991
Epoch id: 41, Training steps: 1750, Loss: 1.915945
Epoch id: 41, Training steps: 2000, Loss: 2.661744
Epoch id: 41, Training steps: 2250, Loss: 1.926565
Epoch id: 41, Training steps: 2500, Loss: 1.243480
Epoch id: 42, Training steps: 250, Loss: 1.534859
Epoch id: 42, Training steps: 500, Loss: 1.694046
Epoch id: 42, Training steps: 750, Loss: 1.986379
Epoch id: 42, Training steps: 1000, Loss: 1.659307
Epoch id: 42, Training steps: 1250, Loss: 1.762154
Epoch id: 42, Training steps: 1500, Loss: 3.210395
Epoch id: 42, Training steps: 1750, Loss: 1.255118
Epoch id: 42, Training steps: 2000, Loss: 1.573476
Epoch id: 42, Training steps: 2250, Loss: 2.293466
Epoch id: 42, Training steps: 2500, Loss: 2.382415
Epoch id: 43, Training steps: 250, Loss: 1.917998
Epoch id: 43, Training steps: 500, Loss: 2.535691
Epoch id: 43, Training steps: 750, Loss: 1.784104
Epoch id: 43, Training steps: 1000, Loss: 1.616382
Epoch id: 43, Training steps: 1250, Loss: 3.098694
Epoch id: 43, Training steps: 1500, Loss: 2.080781
Epoch id: 43, Training steps: 1750, Loss: 1.781513
Epoch id: 43, Training steps: 2000, Loss: 2.268105
Epoch id: 43, Training steps: 2250, Loss: 1.323719
Epoch id: 43, Training steps: 2500, Loss: 1.583796
Epoch id: 44, Training steps: 250, Loss: 2.457419
Epoch id: 44, Training steps: 500, Loss: 3.941597
Epoch id: 44, Training steps: 750, Loss: 2.359952
Epoch id: 44, Training steps: 1000, Loss: 1.630914
Epoch id: 44, Training steps: 1250, Loss: 1.359251
Epoch id: 44, Training steps: 1500, Loss: 1.522526
Epoch id: 44, Training steps: 1750, Loss: 2.429744
Epoch id: 44, Training steps: 2000, Loss: 2.327587
Epoch id: 44, Training steps: 2250, Loss: 1.749519
Epoch id: 44, Training steps: 2500, Loss: 1.744619
Epoch id: 45, Training steps: 250, Loss: 2.392231
Epoch id: 45, Training steps: 500, Loss: 1.594308
Epoch id: 45, Training steps: 750, Loss: 2.292225
Epoch id: 45, Training steps: 1000, Loss: 2.491864
Epoch id: 45, Training steps: 1250, Loss: 2.520572
Epoch id: 45, Training steps: 1500, Loss: 2.050330
Epoch id: 45, Training steps: 1750, Loss: 3.392663
Epoch id: 45, Training steps: 2000, Loss: 2.197936
Epoch id: 45, Training steps: 2250, Loss: 2.577080
Epoch id: 45, Training steps: 2500, Loss: 2.504730
Event: total_right, total_predict, predict_right: 2452, 3714, 1777
Event: precision, recall, and f1: 0.478, 0.725, 0.576
Role: total_right, total_predict, predict_right: 5354, 7765, 2482
Role: precision, recall, and f1: 0.320, 0.464, 0.378
Saving middle model...
Epoch id: 46, Training steps: 250, Loss: 2.701880
Epoch id: 46, Training steps: 500, Loss: 1.964942
Epoch id: 46, Training steps: 750, Loss: 2.947930
Epoch id: 46, Training steps: 1000, Loss: 1.352479
Epoch id: 46, Training steps: 1250, Loss: 1.881903
Epoch id: 46, Training steps: 1500, Loss: 1.980543
Epoch id: 46, Training steps: 1750, Loss: 1.934750
Epoch id: 46, Training steps: 2000, Loss: 1.830122
Epoch id: 46, Training steps: 2250, Loss: 1.201920
Epoch id: 46, Training steps: 2500, Loss: 1.034931
Epoch id: 47, Training steps: 250, Loss: 2.469668
Epoch id: 47, Training steps: 500, Loss: 1.395739
Epoch id: 47, Training steps: 750, Loss: 1.650447
Epoch id: 47, Training steps: 1000, Loss: 2.835040
Epoch id: 47, Training steps: 1250, Loss: 1.510623
Epoch id: 47, Training steps: 1500, Loss: 1.448661
Epoch id: 47, Training steps: 1750, Loss: 1.375614
Epoch id: 47, Training steps: 2000, Loss: 2.264109
Epoch id: 47, Training steps: 2250, Loss: 1.627684
Epoch id: 47, Training steps: 2500, Loss: 3.137758
Epoch id: 48, Training steps: 250, Loss: 1.804603
Epoch id: 48, Training steps: 500, Loss: 1.864058
Epoch id: 48, Training steps: 750, Loss: 1.922320
Epoch id: 48, Training steps: 1000, Loss: 1.567181
Epoch id: 48, Training steps: 1250, Loss: 2.609286
Epoch id: 48, Training steps: 1500, Loss: 1.637724
Epoch id: 48, Training steps: 1750, Loss: 1.778302
Epoch id: 48, Training steps: 2000, Loss: 1.714950
Epoch id: 48, Training steps: 2250, Loss: 2.719624
Epoch id: 48, Training steps: 2500, Loss: 2.301893
Epoch id: 49, Training steps: 250, Loss: 1.822480
Epoch id: 49, Training steps: 500, Loss: 2.051847
Epoch id: 49, Training steps: 750, Loss: 2.139373
Epoch id: 49, Training steps: 1000, Loss: 1.296776
Epoch id: 49, Training steps: 1250, Loss: 1.838816
Epoch id: 49, Training steps: 1500, Loss: 1.621671
Epoch id: 49, Training steps: 1750, Loss: 1.415002
Epoch id: 49, Training steps: 2000, Loss: 1.973312
Epoch id: 49, Training steps: 2250, Loss: 2.079687
Epoch id: 49, Training steps: 2500, Loss: 1.827149
Epoch id: 50, Training steps: 250, Loss: 1.866849
Epoch id: 50, Training steps: 500, Loss: 1.923115
Epoch id: 50, Training steps: 750, Loss: 2.013157
Epoch id: 50, Training steps: 1000, Loss: 1.801535
Epoch id: 50, Training steps: 1250, Loss: 1.349230
Epoch id: 50, Training steps: 1500, Loss: 2.446402
Epoch id: 50, Training steps: 1750, Loss: 1.393509
Epoch id: 50, Training steps: 2000, Loss: 2.012965
Epoch id: 50, Training steps: 2250, Loss: 2.364692
Epoch id: 50, Training steps: 2500, Loss: 2.227114
Event: total_right, total_predict, predict_right: 2452, 3769, 1839
Event: precision, recall, and f1: 0.488, 0.750, 0.591
Role: total_right, total_predict, predict_right: 5354, 7702, 2580
Role: precision, recall, and f1: 0.335, 0.482, 0.395
Saving middle model...
Epoch id: 51, Training steps: 250, Loss: 1.542884
Epoch id: 51, Training steps: 500, Loss: 2.499654
Epoch id: 51, Training steps: 750, Loss: 1.490696
Epoch id: 51, Training steps: 1000, Loss: 1.238879
Epoch id: 51, Training steps: 1250, Loss: 1.313483
Epoch id: 51, Training steps: 1500, Loss: 2.552197
Epoch id: 51, Training steps: 1750, Loss: 2.268018
Epoch id: 51, Training steps: 2000, Loss: 3.246249
Epoch id: 51, Training steps: 2250, Loss: 2.453933
Epoch id: 51, Training steps: 2500, Loss: 2.812381
Epoch id: 52, Training steps: 250, Loss: 1.488692
Epoch id: 52, Training steps: 500, Loss: 1.565344
Epoch id: 52, Training steps: 750, Loss: 1.790603
Epoch id: 52, Training steps: 1000, Loss: 1.650073
Epoch id: 52, Training steps: 1250, Loss: 2.476455
Epoch id: 52, Training steps: 1500, Loss: 1.598291
Epoch id: 52, Training steps: 1750, Loss: 1.696760
Epoch id: 52, Training steps: 2000, Loss: 2.080835
Epoch id: 52, Training steps: 2250, Loss: 1.577125
Epoch id: 52, Training steps: 2500, Loss: 2.002165
Epoch id: 53, Training steps: 250, Loss: 1.405175
Epoch id: 53, Training steps: 500, Loss: 1.544261
Epoch id: 53, Training steps: 750, Loss: 1.685732
Epoch id: 53, Training steps: 1000, Loss: 2.080278
Epoch id: 53, Training steps: 1250, Loss: 2.488964
Epoch id: 53, Training steps: 1500, Loss: 2.716227
Epoch id: 53, Training steps: 1750, Loss: 2.687605
Epoch id: 53, Training steps: 2000, Loss: 2.330304
Epoch id: 53, Training steps: 2250, Loss: 1.463945
Epoch id: 53, Training steps: 2500, Loss: 2.549011
Epoch id: 54, Training steps: 250, Loss: 1.968609
Epoch id: 54, Training steps: 500, Loss: 3.183615
Epoch id: 54, Training steps: 750, Loss: 2.478876
Epoch id: 54, Training steps: 1000, Loss: 2.652895
Epoch id: 54, Training steps: 1250, Loss: 2.098956
Epoch id: 54, Training steps: 1500, Loss: 2.240773
Epoch id: 54, Training steps: 1750, Loss: 2.016567
Epoch id: 54, Training steps: 2000, Loss: 2.694288
Epoch id: 54, Training steps: 2250, Loss: 2.431229
Epoch id: 54, Training steps: 2500, Loss: 1.987841
Epoch id: 55, Training steps: 250, Loss: 2.107708
Epoch id: 55, Training steps: 500, Loss: 1.361246
Epoch id: 55, Training steps: 750, Loss: 1.884664
Epoch id: 55, Training steps: 1000, Loss: 2.750601
Epoch id: 55, Training steps: 1250, Loss: 2.116787
Epoch id: 55, Training steps: 1500, Loss: 2.653346
Epoch id: 55, Training steps: 1750, Loss: 1.497128
Epoch id: 55, Training steps: 2000, Loss: 2.143308
Epoch id: 55, Training steps: 2250, Loss: 1.263428
Epoch id: 55, Training steps: 2500, Loss: 2.817077
Event: total_right, total_predict, predict_right: 2452, 3618, 1772
Event: precision, recall, and f1: 0.490, 0.723, 0.584
Role: total_right, total_predict, predict_right: 5354, 7315, 2498
Role: precision, recall, and f1: 0.341, 0.467, 0.394
Epoch id: 56, Training steps: 250, Loss: 1.189838
Epoch id: 56, Training steps: 500, Loss: 1.601458
Epoch id: 56, Training steps: 750, Loss: 2.760437
Epoch id: 56, Training steps: 1000, Loss: 1.916992
Epoch id: 56, Training steps: 1250, Loss: 1.311517
Epoch id: 56, Training steps: 1500, Loss: 1.957401
Epoch id: 56, Training steps: 1750, Loss: 1.587584
Epoch id: 56, Training steps: 2000, Loss: 1.931219
Epoch id: 56, Training steps: 2250, Loss: 2.436293
Epoch id: 56, Training steps: 2500, Loss: 1.685586
Epoch id: 57, Training steps: 250, Loss: 3.378609
Epoch id: 57, Training steps: 500, Loss: 2.627929
Epoch id: 57, Training steps: 750, Loss: 3.877715
Epoch id: 57, Training steps: 1000, Loss: 1.415240
Epoch id: 57, Training steps: 1250, Loss: 1.404873
Epoch id: 57, Training steps: 1500, Loss: 2.454659
Epoch id: 57, Training steps: 1750, Loss: 2.224026
Epoch id: 57, Training steps: 2000, Loss: 2.544872
Epoch id: 57, Training steps: 2250, Loss: 1.925260
Epoch id: 57, Training steps: 2500, Loss: 2.038646
Epoch id: 58, Training steps: 250, Loss: 3.509412
Epoch id: 58, Training steps: 500, Loss: 1.556867
Epoch id: 58, Training steps: 750, Loss: 2.276959
Epoch id: 58, Training steps: 1000, Loss: 2.930306
Epoch id: 58, Training steps: 1250, Loss: 2.386204
Epoch id: 58, Training steps: 1500, Loss: 1.769651
Epoch id: 58, Training steps: 1750, Loss: 2.441835
Epoch id: 58, Training steps: 2000, Loss: 2.142918
Epoch id: 58, Training steps: 2250, Loss: 2.431300
Epoch id: 58, Training steps: 2500, Loss: 2.970216
Epoch id: 59, Training steps: 250, Loss: 2.178803
Epoch id: 59, Training steps: 500, Loss: 2.143422
Epoch id: 59, Training steps: 750, Loss: 1.971544
Epoch id: 59, Training steps: 1000, Loss: 1.378932
Epoch id: 59, Training steps: 1250, Loss: 2.092822
Epoch id: 59, Training steps: 1500, Loss: 1.975594
Epoch id: 59, Training steps: 1750, Loss: 1.900655
Epoch id: 59, Training steps: 2000, Loss: 2.252397
Epoch id: 59, Training steps: 2250, Loss: 1.352768
Epoch id: 59, Training steps: 2500, Loss: 2.065117
Epoch id: 60, Training steps: 250, Loss: 1.977185
Epoch id: 60, Training steps: 500, Loss: 1.737624
Epoch id: 60, Training steps: 750, Loss: 1.476157
Epoch id: 60, Training steps: 1000, Loss: 2.471506
Epoch id: 60, Training steps: 1250, Loss: 1.272273
Epoch id: 60, Training steps: 1500, Loss: 1.978485
Epoch id: 60, Training steps: 1750, Loss: 2.445034
Epoch id: 60, Training steps: 2000, Loss: 1.805406
Epoch id: 60, Training steps: 2250, Loss: 2.565699
Epoch id: 60, Training steps: 2500, Loss: 2.745216
Event: total_right, total_predict, predict_right: 2452, 3517, 1797
Event: precision, recall, and f1: 0.511, 0.733, 0.602
Role: total_right, total_predict, predict_right: 5354, 7448, 2529
Role: precision, recall, and f1: 0.340, 0.472, 0.395
Epoch id: 61, Training steps: 250, Loss: 1.393686
Epoch id: 61, Training steps: 500, Loss: 2.099862
Epoch id: 61, Training steps: 750, Loss: 2.562655
Epoch id: 61, Training steps: 1000, Loss: 1.976333
Epoch id: 61, Training steps: 1250, Loss: 1.541150
Epoch id: 61, Training steps: 1500, Loss: 2.210051
Epoch id: 61, Training steps: 1750, Loss: 2.353552
Epoch id: 61, Training steps: 2000, Loss: 1.848956
Epoch id: 61, Training steps: 2250, Loss: 1.714545
Epoch id: 61, Training steps: 2500, Loss: 2.051952
Epoch id: 62, Training steps: 250, Loss: 2.438258
Epoch id: 62, Training steps: 500, Loss: 2.047251
Epoch id: 62, Training steps: 750, Loss: 1.927903
Epoch id: 62, Training steps: 1000, Loss: 1.943311
Epoch id: 62, Training steps: 1250, Loss: 2.357559
Epoch id: 62, Training steps: 1500, Loss: 2.426403
Epoch id: 62, Training steps: 1750, Loss: 2.070227
Epoch id: 62, Training steps: 2000, Loss: 2.576832
Epoch id: 62, Training steps: 2250, Loss: 1.875184
Epoch id: 62, Training steps: 2500, Loss: 1.980428
Epoch id: 63, Training steps: 250, Loss: 2.302001
Epoch id: 63, Training steps: 500, Loss: 1.552974
Epoch id: 63, Training steps: 750, Loss: 1.301575
Epoch id: 63, Training steps: 1000, Loss: 2.077937
Epoch id: 63, Training steps: 1250, Loss: 1.618346
Epoch id: 63, Training steps: 1500, Loss: 2.162382
Epoch id: 63, Training steps: 1750, Loss: 1.637638
Epoch id: 63, Training steps: 2000, Loss: 2.100110
Epoch id: 63, Training steps: 2250, Loss: 2.602676
Epoch id: 63, Training steps: 2500, Loss: 1.793632
Epoch id: 64, Training steps: 250, Loss: 1.590863
Epoch id: 64, Training steps: 500, Loss: 1.736735
Epoch id: 64, Training steps: 750, Loss: 1.555783
Epoch id: 64, Training steps: 1000, Loss: 1.251895
Epoch id: 64, Training steps: 1250, Loss: 1.253540
Epoch id: 64, Training steps: 1500, Loss: 1.534073
Epoch id: 64, Training steps: 1750, Loss: 2.924293
Epoch id: 64, Training steps: 2000, Loss: 1.633241
Epoch id: 64, Training steps: 2250, Loss: 2.556399
Epoch id: 64, Training steps: 2500, Loss: 2.252239
Epoch id: 65, Training steps: 250, Loss: 1.866832
Epoch id: 65, Training steps: 500, Loss: 1.346408
Epoch id: 65, Training steps: 750, Loss: 1.176821
Epoch id: 65, Training steps: 1000, Loss: 1.953753
Epoch id: 65, Training steps: 1250, Loss: 1.576982
Epoch id: 65, Training steps: 1500, Loss: 2.774686
Epoch id: 65, Training steps: 1750, Loss: 1.798441
Epoch id: 65, Training steps: 2000, Loss: 1.783735
Epoch id: 65, Training steps: 2250, Loss: 2.373748
Epoch id: 65, Training steps: 2500, Loss: 3.113397
Event: total_right, total_predict, predict_right: 2452, 3270, 1702
Event: precision, recall, and f1: 0.520, 0.694, 0.595
Role: total_right, total_predict, predict_right: 5354, 6762, 2458
Role: precision, recall, and f1: 0.364, 0.459, 0.406
Saving middle model...
Epoch id: 66, Training steps: 250, Loss: 2.225381
Epoch id: 66, Training steps: 500, Loss: 1.392780
Epoch id: 66, Training steps: 750, Loss: 2.294473
Epoch id: 66, Training steps: 1000, Loss: 1.963056
Epoch id: 66, Training steps: 1250, Loss: 1.505696
Epoch id: 66, Training steps: 1500, Loss: 1.436775
Epoch id: 66, Training steps: 1750, Loss: 2.359353
Epoch id: 66, Training steps: 2000, Loss: 2.053923
Epoch id: 66, Training steps: 2250, Loss: 2.064766
Epoch id: 66, Training steps: 2500, Loss: 3.207929
Epoch id: 67, Training steps: 250, Loss: 2.044287
Epoch id: 67, Training steps: 500, Loss: 2.624180
Epoch id: 67, Training steps: 750, Loss: 1.829861
Epoch id: 67, Training steps: 1000, Loss: 2.093601
Epoch id: 67, Training steps: 1250, Loss: 1.753451
Epoch id: 67, Training steps: 1500, Loss: 1.776797
Epoch id: 67, Training steps: 1750, Loss: 2.005402
Epoch id: 67, Training steps: 2000, Loss: 1.412431
Epoch id: 67, Training steps: 2250, Loss: 2.038599
Epoch id: 67, Training steps: 2500, Loss: 2.172576
Epoch id: 68, Training steps: 250, Loss: 1.988151
Epoch id: 68, Training steps: 500, Loss: 1.869823
Epoch id: 68, Training steps: 750, Loss: 1.351024
Epoch id: 68, Training steps: 1000, Loss: 2.198412
Epoch id: 68, Training steps: 1250, Loss: 2.835346
Epoch id: 68, Training steps: 1500, Loss: 1.711992
Epoch id: 68, Training steps: 1750, Loss: 3.423068
Epoch id: 68, Training steps: 2000, Loss: 2.116685
Epoch id: 68, Training steps: 2250, Loss: 1.827364
Epoch id: 68, Training steps: 2500, Loss: 1.844321
Epoch id: 69, Training steps: 250, Loss: 1.977982
Epoch id: 69, Training steps: 500, Loss: 2.008863
Epoch id: 69, Training steps: 750, Loss: 2.196457
Epoch id: 69, Training steps: 1000, Loss: 1.881149
Epoch id: 69, Training steps: 1250, Loss: 2.537983
Epoch id: 69, Training steps: 1500, Loss: 2.587442
Epoch id: 69, Training steps: 1750, Loss: 2.905128
Epoch id: 69, Training steps: 2000, Loss: 1.272766
Epoch id: 69, Training steps: 2250, Loss: 2.478456
Epoch id: 69, Training steps: 2500, Loss: 2.870787
Epoch id: 70, Training steps: 250, Loss: 1.569813
Epoch id: 70, Training steps: 500, Loss: 1.837140
Epoch id: 70, Training steps: 750, Loss: 1.800614
Epoch id: 70, Training steps: 1000, Loss: 1.480990
Epoch id: 70, Training steps: 1250, Loss: 2.800692
Epoch id: 70, Training steps: 1500, Loss: 1.828000
Epoch id: 70, Training steps: 1750, Loss: 1.947768
Epoch id: 70, Training steps: 2000, Loss: 1.603830
Epoch id: 70, Training steps: 2250, Loss: 2.460308
Epoch id: 70, Training steps: 2500, Loss: 2.570101
Event: total_right, total_predict, predict_right: 2452, 3236, 1727
Event: precision, recall, and f1: 0.534, 0.704, 0.607
Role: total_right, total_predict, predict_right: 5354, 6736, 2496
Role: precision, recall, and f1: 0.371, 0.466, 0.413
Saving middle model...
Epoch id: 71, Training steps: 250, Loss: 1.552732
Epoch id: 71, Training steps: 500, Loss: 2.318213
Epoch id: 71, Training steps: 750, Loss: 1.551623
Epoch id: 71, Training steps: 1000, Loss: 1.557535
Epoch id: 71, Training steps: 1250, Loss: 1.254233
Epoch id: 71, Training steps: 1500, Loss: 1.818224
Epoch id: 71, Training steps: 1750, Loss: 1.643117
Epoch id: 71, Training steps: 2000, Loss: 1.897918
Epoch id: 71, Training steps: 2250, Loss: 1.896281
Epoch id: 71, Training steps: 2500, Loss: 2.235011
Epoch id: 72, Training steps: 250, Loss: 1.968085
Epoch id: 72, Training steps: 500, Loss: 2.084909
Epoch id: 72, Training steps: 750, Loss: 2.107775
Epoch id: 72, Training steps: 1000, Loss: 2.562837
Epoch id: 72, Training steps: 1250, Loss: 1.670027
Epoch id: 72, Training steps: 1500, Loss: 1.768328
Epoch id: 72, Training steps: 1750, Loss: 2.158547
Epoch id: 72, Training steps: 2000, Loss: 1.419638
Epoch id: 72, Training steps: 2250, Loss: 1.590125
Epoch id: 72, Training steps: 2500, Loss: 2.306749
Epoch id: 73, Training steps: 250, Loss: 1.870647
Epoch id: 73, Training steps: 500, Loss: 2.584037
Epoch id: 73, Training steps: 750, Loss: 3.737975
Epoch id: 73, Training steps: 1000, Loss: 2.606581
Epoch id: 73, Training steps: 1250, Loss: 2.435200
Epoch id: 73, Training steps: 1500, Loss: 1.902838
Epoch id: 73, Training steps: 1750, Loss: 2.162993
Epoch id: 73, Training steps: 2000, Loss: 2.858371
Epoch id: 73, Training steps: 2250, Loss: 2.082375
Epoch id: 73, Training steps: 2500, Loss: 1.373103
Epoch id: 74, Training steps: 250, Loss: 1.596504
Epoch id: 74, Training steps: 500, Loss: 2.835289
Epoch id: 74, Training steps: 750, Loss: 2.122514
Epoch id: 74, Training steps: 1000, Loss: 1.638819
Epoch id: 74, Training steps: 1250, Loss: 1.798549
Epoch id: 74, Training steps: 1500, Loss: 2.238592
Epoch id: 74, Training steps: 1750, Loss: 1.501232
Epoch id: 74, Training steps: 2000, Loss: 1.359940
Epoch id: 74, Training steps: 2250, Loss: 1.411612
Epoch id: 74, Training steps: 2500, Loss: 1.629759
Epoch id: 75, Training steps: 250, Loss: 1.963491
Epoch id: 75, Training steps: 500, Loss: 1.358336
Epoch id: 75, Training steps: 750, Loss: 2.052289
Epoch id: 75, Training steps: 1000, Loss: 1.480025
Epoch id: 75, Training steps: 1250, Loss: 1.926360
Epoch id: 75, Training steps: 1500, Loss: 3.079827
Epoch id: 75, Training steps: 1750, Loss: 1.515765
Epoch id: 75, Training steps: 2000, Loss: 2.602464
Epoch id: 75, Training steps: 2250, Loss: 1.840352
Epoch id: 75, Training steps: 2500, Loss: 1.904131
Event: total_right, total_predict, predict_right: 2452, 3475, 1766
Event: precision, recall, and f1: 0.508, 0.720, 0.596
Role: total_right, total_predict, predict_right: 5354, 6974, 2533
Role: precision, recall, and f1: 0.363, 0.473, 0.411
Epoch id: 76, Training steps: 250, Loss: 1.697797
Epoch id: 76, Training steps: 500, Loss: 2.184411
Epoch id: 76, Training steps: 750, Loss: 2.589602
Epoch id: 76, Training steps: 1000, Loss: 1.964355
Epoch id: 76, Training steps: 1250, Loss: 1.279745
Epoch id: 76, Training steps: 1500, Loss: 2.835836
Epoch id: 76, Training steps: 1750, Loss: 1.893202
Epoch id: 76, Training steps: 2000, Loss: 1.239609
Epoch id: 76, Training steps: 2250, Loss: 1.821767
Epoch id: 76, Training steps: 2500, Loss: 1.601849
Epoch id: 77, Training steps: 250, Loss: 1.687504
Epoch id: 77, Training steps: 500, Loss: 3.620221
Epoch id: 77, Training steps: 750, Loss: 1.582522
Epoch id: 77, Training steps: 1000, Loss: 2.064574
Epoch id: 77, Training steps: 1250, Loss: 1.906682
Epoch id: 77, Training steps: 1500, Loss: 1.857983
Epoch id: 77, Training steps: 1750, Loss: 2.341861
Epoch id: 77, Training steps: 2000, Loss: 1.121282
Epoch id: 77, Training steps: 2250, Loss: 3.638793
Epoch id: 77, Training steps: 2500, Loss: 2.377985
Epoch id: 78, Training steps: 250, Loss: 3.107145
Epoch id: 78, Training steps: 500, Loss: 1.840959
Epoch id: 78, Training steps: 750, Loss: 1.152986
Epoch id: 78, Training steps: 1000, Loss: 2.220495
Epoch id: 78, Training steps: 1250, Loss: 2.641444
Epoch id: 78, Training steps: 1500, Loss: 1.215063
Epoch id: 78, Training steps: 1750, Loss: 1.709920
Epoch id: 78, Training steps: 2000, Loss: 2.426852
Epoch id: 78, Training steps: 2250, Loss: 1.289110
Epoch id: 78, Training steps: 2500, Loss: 1.558897
Epoch id: 79, Training steps: 250, Loss: 2.861058
Epoch id: 79, Training steps: 500, Loss: 1.457682
Epoch id: 79, Training steps: 750, Loss: 2.675175
Epoch id: 79, Training steps: 1000, Loss: 2.171936
Epoch id: 79, Training steps: 1250, Loss: 1.908148
Epoch id: 79, Training steps: 1500, Loss: 2.205266
Epoch id: 79, Training steps: 1750, Loss: 2.266396
Epoch id: 79, Training steps: 2000, Loss: 1.724267
Epoch id: 79, Training steps: 2250, Loss: 2.099510
Epoch id: 79, Training steps: 2500, Loss: 1.902488
Epoch id: 80, Training steps: 250, Loss: 1.839893
Epoch id: 80, Training steps: 500, Loss: 1.758627
Epoch id: 80, Training steps: 750, Loss: 1.401059
Epoch id: 80, Training steps: 1000, Loss: 1.665747
Epoch id: 80, Training steps: 1250, Loss: 3.159104
Epoch id: 80, Training steps: 1500, Loss: 3.403324
Epoch id: 80, Training steps: 1750, Loss: 1.754506
Epoch id: 80, Training steps: 2000, Loss: 1.959087
Epoch id: 80, Training steps: 2250, Loss: 1.916902
Epoch id: 80, Training steps: 2500, Loss: 1.705114
Event: total_right, total_predict, predict_right: 2452, 3376, 1797
Event: precision, recall, and f1: 0.532, 0.733, 0.617
Role: total_right, total_predict, predict_right: 5354, 6855, 2555
Role: precision, recall, and f1: 0.373, 0.477, 0.419
Saving middle model...
Epoch id: 81, Training steps: 250, Loss: 1.306558
Epoch id: 81, Training steps: 500, Loss: 2.335866
Epoch id: 81, Training steps: 750, Loss: 1.585026
Epoch id: 81, Training steps: 1000, Loss: 2.296516
Epoch id: 81, Training steps: 1250, Loss: 3.124080
Epoch id: 81, Training steps: 1500, Loss: 1.389688
Epoch id: 81, Training steps: 1750, Loss: 1.577310
Epoch id: 81, Training steps: 2000, Loss: 3.135469
Epoch id: 81, Training steps: 2250, Loss: 1.391933
Epoch id: 81, Training steps: 2500, Loss: 3.034760
Epoch id: 82, Training steps: 250, Loss: 2.072685
Epoch id: 82, Training steps: 500, Loss: 1.375127
Epoch id: 82, Training steps: 750, Loss: 2.733228
Epoch id: 82, Training steps: 1000, Loss: 1.962281
Epoch id: 82, Training steps: 1250, Loss: 1.639422
Epoch id: 82, Training steps: 1500, Loss: 2.644637
Epoch id: 82, Training steps: 1750, Loss: 1.826012
Epoch id: 82, Training steps: 2000, Loss: 2.368607
Epoch id: 82, Training steps: 2250, Loss: 2.071037
Epoch id: 82, Training steps: 2500, Loss: 2.003398
Epoch id: 83, Training steps: 250, Loss: 3.102197
Epoch id: 83, Training steps: 500, Loss: 2.169492
Epoch id: 83, Training steps: 750, Loss: 2.265312
Epoch id: 83, Training steps: 1000, Loss: 2.211312
Epoch id: 83, Training steps: 1250, Loss: 1.837234
Epoch id: 83, Training steps: 1500, Loss: 1.708500
Epoch id: 83, Training steps: 1750, Loss: 1.532799
Epoch id: 83, Training steps: 2000, Loss: 2.515342
Epoch id: 83, Training steps: 2250, Loss: 2.237317
Epoch id: 83, Training steps: 2500, Loss: 2.186912
Epoch id: 84, Training steps: 250, Loss: 2.524311
Epoch id: 84, Training steps: 500, Loss: 1.938513
Epoch id: 84, Training steps: 750, Loss: 1.350744
Epoch id: 84, Training steps: 1000, Loss: 1.864647
Epoch id: 84, Training steps: 1250, Loss: 2.028850
Epoch id: 84, Training steps: 1500, Loss: 2.612444
Epoch id: 84, Training steps: 1750, Loss: 1.440063
Epoch id: 84, Training steps: 2000, Loss: 1.340177
Epoch id: 84, Training steps: 2250, Loss: 2.096808
Epoch id: 84, Training steps: 2500, Loss: 1.448907
Epoch id: 85, Training steps: 250, Loss: 1.404848
Epoch id: 85, Training steps: 500, Loss: 1.669170
Epoch id: 85, Training steps: 750, Loss: 3.269873
Epoch id: 85, Training steps: 1000, Loss: 1.901436
Epoch id: 85, Training steps: 1250, Loss: 1.404890
Epoch id: 85, Training steps: 1500, Loss: 3.360247
Epoch id: 85, Training steps: 1750, Loss: 1.938875
Epoch id: 85, Training steps: 2000, Loss: 1.345050
Epoch id: 85, Training steps: 2250, Loss: 1.564403
Epoch id: 85, Training steps: 2500, Loss: 2.055346
Event: total_right, total_predict, predict_right: 2452, 3291, 1830
Event: precision, recall, and f1: 0.556, 0.746, 0.637
Role: total_right, total_predict, predict_right: 5354, 6846, 2611
Role: precision, recall, and f1: 0.381, 0.488, 0.428
Saving middle model...
Epoch id: 86, Training steps: 250, Loss: 1.598758
Epoch id: 86, Training steps: 500, Loss: 2.086271
Epoch id: 86, Training steps: 750, Loss: 2.568555
Epoch id: 86, Training steps: 1000, Loss: 2.311345
Epoch id: 86, Training steps: 1250, Loss: 2.696417
Epoch id: 86, Training steps: 1500, Loss: 2.518172
Epoch id: 86, Training steps: 1750, Loss: 1.880265
Epoch id: 86, Training steps: 2000, Loss: 1.286291
Epoch id: 86, Training steps: 2250, Loss: 1.668715
Epoch id: 86, Training steps: 2500, Loss: 1.754617
Epoch id: 87, Training steps: 250, Loss: 1.721832
Epoch id: 87, Training steps: 500, Loss: 2.281217
Epoch id: 87, Training steps: 750, Loss: 1.616136
Epoch id: 87, Training steps: 1000, Loss: 1.634025
Epoch id: 87, Training steps: 1250, Loss: 1.814646
Epoch id: 87, Training steps: 1500, Loss: 1.484075
Epoch id: 87, Training steps: 1750, Loss: 2.191708
Epoch id: 87, Training steps: 2000, Loss: 2.698799
Epoch id: 87, Training steps: 2250, Loss: 1.179723
Epoch id: 87, Training steps: 2500, Loss: 2.819270
Epoch id: 88, Training steps: 250, Loss: 1.773820
Epoch id: 88, Training steps: 500, Loss: 1.156311
Epoch id: 88, Training steps: 750, Loss: 1.514628
Epoch id: 88, Training steps: 1000, Loss: 1.650015
Epoch id: 88, Training steps: 1250, Loss: 1.836106
Epoch id: 88, Training steps: 1500, Loss: 1.823899
Epoch id: 88, Training steps: 1750, Loss: 2.029554
Epoch id: 88, Training steps: 2000, Loss: 1.715708
Epoch id: 88, Training steps: 2250, Loss: 1.422620
Epoch id: 88, Training steps: 2500, Loss: 1.735705
Epoch id: 89, Training steps: 250, Loss: 1.849863
Epoch id: 89, Training steps: 500, Loss: 3.671987
Epoch id: 89, Training steps: 750, Loss: 1.939229
Epoch id: 89, Training steps: 1000, Loss: 1.706398
Epoch id: 89, Training steps: 1250, Loss: 2.720204
Epoch id: 89, Training steps: 1500, Loss: 2.559663
Epoch id: 89, Training steps: 1750, Loss: 1.430443
Epoch id: 89, Training steps: 2000, Loss: 1.275747
Epoch id: 89, Training steps: 2250, Loss: 2.535453
Epoch id: 89, Training steps: 2500, Loss: 1.440512
Epoch id: 90, Training steps: 250, Loss: 2.209009
Epoch id: 90, Training steps: 500, Loss: 1.924118
Epoch id: 90, Training steps: 750, Loss: 2.514679
Epoch id: 90, Training steps: 1000, Loss: 1.800562
Epoch id: 90, Training steps: 1250, Loss: 2.618598
Epoch id: 90, Training steps: 1500, Loss: 1.190485
Epoch id: 90, Training steps: 1750, Loss: 1.342346
Epoch id: 90, Training steps: 2000, Loss: 1.511293
Epoch id: 90, Training steps: 2250, Loss: 2.011453
Epoch id: 90, Training steps: 2500, Loss: 3.055653
Event: total_right, total_predict, predict_right: 2452, 3242, 1826
Event: precision, recall, and f1: 0.563, 0.745, 0.641
Role: total_right, total_predict, predict_right: 5354, 6318, 2592
Role: precision, recall, and f1: 0.410, 0.484, 0.444
Saving middle model...
Epoch id: 91, Training steps: 250, Loss: 1.940435
Epoch id: 91, Training steps: 500, Loss: 1.567740
Epoch id: 91, Training steps: 750, Loss: 2.715591
Epoch id: 91, Training steps: 1000, Loss: 1.766185
Epoch id: 91, Training steps: 1250, Loss: 1.967369
Epoch id: 91, Training steps: 1500, Loss: 1.482459
Epoch id: 91, Training steps: 1750, Loss: 2.825018
Epoch id: 91, Training steps: 2000, Loss: 2.462037
Epoch id: 91, Training steps: 2250, Loss: 1.410221
Epoch id: 91, Training steps: 2500, Loss: 1.407508
Epoch id: 92, Training steps: 250, Loss: 4.092629
Epoch id: 92, Training steps: 500, Loss: 1.586035
Epoch id: 92, Training steps: 750, Loss: 1.923050
Epoch id: 92, Training steps: 1000, Loss: 1.545754
Epoch id: 92, Training steps: 1250, Loss: 2.175843
Epoch id: 92, Training steps: 1500, Loss: 3.483034
Epoch id: 92, Training steps: 1750, Loss: 2.560020
Epoch id: 92, Training steps: 2000, Loss: 1.424090
Epoch id: 92, Training steps: 2250, Loss: 1.790409
Epoch id: 92, Training steps: 2500, Loss: 1.816873
Epoch id: 93, Training steps: 250, Loss: 3.077559
Epoch id: 93, Training steps: 500, Loss: 2.225010
Epoch id: 93, Training steps: 750, Loss: 2.657246
Epoch id: 93, Training steps: 1000, Loss: 1.460931
Epoch id: 93, Training steps: 1250, Loss: 2.208143
Epoch id: 93, Training steps: 1500, Loss: 2.236805
Epoch id: 93, Training steps: 1750, Loss: 2.786263
Epoch id: 93, Training steps: 2000, Loss: 1.221376
Epoch id: 93, Training steps: 2250, Loss: 2.072668
Epoch id: 93, Training steps: 2500, Loss: 3.324161
Epoch id: 94, Training steps: 250, Loss: 2.863418
Epoch id: 94, Training steps: 500, Loss: 3.613714
Epoch id: 94, Training steps: 750, Loss: 2.825752
Epoch id: 94, Training steps: 1000, Loss: 2.326411
Epoch id: 94, Training steps: 1250, Loss: 1.757553
Epoch id: 94, Training steps: 1500, Loss: 1.512313
Epoch id: 94, Training steps: 1750, Loss: 1.872746
Epoch id: 94, Training steps: 2000, Loss: 2.182725
Epoch id: 94, Training steps: 2250, Loss: 1.849562
Epoch id: 94, Training steps: 2500, Loss: 3.221592
Epoch id: 95, Training steps: 250, Loss: 1.944633
Epoch id: 95, Training steps: 500, Loss: 2.288421
Epoch id: 95, Training steps: 750, Loss: 1.986888
Epoch id: 95, Training steps: 1000, Loss: 1.681563
Epoch id: 95, Training steps: 1250, Loss: 1.938467
Epoch id: 95, Training steps: 1500, Loss: 2.301639
Epoch id: 95, Training steps: 1750, Loss: 2.607505
Epoch id: 95, Training steps: 2000, Loss: 1.315580
Epoch id: 95, Training steps: 2250, Loss: 1.984562
Epoch id: 95, Training steps: 2500, Loss: 1.556351
Event: total_right, total_predict, predict_right: 2452, 3167, 1810
Event: precision, recall, and f1: 0.572, 0.738, 0.644
Role: total_right, total_predict, predict_right: 5354, 6171, 2561
Role: precision, recall, and f1: 0.415, 0.478, 0.444
Saving middle model...
Epoch id: 96, Training steps: 250, Loss: 1.854852
Epoch id: 96, Training steps: 500, Loss: 1.907329
Epoch id: 96, Training steps: 750, Loss: 2.155930
Epoch id: 96, Training steps: 1000, Loss: 1.761627
Epoch id: 96, Training steps: 1250, Loss: 1.318631
Epoch id: 96, Training steps: 1500, Loss: 2.236613
Epoch id: 96, Training steps: 1750, Loss: 1.704968
Epoch id: 96, Training steps: 2000, Loss: 1.362623
Epoch id: 96, Training steps: 2250, Loss: 2.336891
Epoch id: 96, Training steps: 2500, Loss: 1.265755
Epoch id: 97, Training steps: 250, Loss: 3.018380
Epoch id: 97, Training steps: 500, Loss: 1.748111
Epoch id: 97, Training steps: 750, Loss: 1.609516
Epoch id: 97, Training steps: 1000, Loss: 1.439032
Epoch id: 97, Training steps: 1250, Loss: 2.099445
Epoch id: 97, Training steps: 1500, Loss: 1.683629
Epoch id: 97, Training steps: 1750, Loss: 2.022748
Epoch id: 97, Training steps: 2000, Loss: 2.011864
Epoch id: 97, Training steps: 2250, Loss: 2.853423
Epoch id: 97, Training steps: 2500, Loss: 2.791246
Epoch id: 98, Training steps: 250, Loss: 1.450600
Epoch id: 98, Training steps: 500, Loss: 2.360409
Epoch id: 98, Training steps: 750, Loss: 1.420638
Epoch id: 98, Training steps: 1000, Loss: 2.075642
Epoch id: 98, Training steps: 1250, Loss: 1.693153
Epoch id: 98, Training steps: 1500, Loss: 1.312967
Epoch id: 98, Training steps: 1750, Loss: 1.479852
Epoch id: 98, Training steps: 2000, Loss: 2.577932
Epoch id: 98, Training steps: 2250, Loss: 2.028001
Epoch id: 98, Training steps: 2500, Loss: 1.639557
Epoch id: 99, Training steps: 250, Loss: 1.374572
Epoch id: 99, Training steps: 500, Loss: 2.455501
Epoch id: 99, Training steps: 750, Loss: 3.412397
Epoch id: 99, Training steps: 1000, Loss: 1.776835
Epoch id: 99, Training steps: 1250, Loss: 3.009571
Epoch id: 99, Training steps: 1500, Loss: 1.272062
Epoch id: 99, Training steps: 1750, Loss: 1.143852
Epoch id: 99, Training steps: 2000, Loss: 2.813260
Epoch id: 99, Training steps: 2250, Loss: 1.912178
Epoch id: 99, Training steps: 2500, Loss: 1.887168
Epoch id: 100, Training steps: 250, Loss: 1.624486
Epoch id: 100, Training steps: 500, Loss: 1.539299
Epoch id: 100, Training steps: 750, Loss: 2.467940
Epoch id: 100, Training steps: 1000, Loss: 1.588390
Epoch id: 100, Training steps: 1250, Loss: 2.034126
Epoch id: 100, Training steps: 1500, Loss: 2.797575
Epoch id: 100, Training steps: 1750, Loss: 1.752789
Epoch id: 100, Training steps: 2000, Loss: 2.789328
Epoch id: 100, Training steps: 2250, Loss: 1.963653
Epoch id: 100, Training steps: 2500, Loss: 1.789297
Event: total_right, total_predict, predict_right: 2452, 3129, 1796
Event: precision, recall, and f1: 0.574, 0.732, 0.644
Role: total_right, total_predict, predict_right: 5354, 6132, 2543
Role: precision, recall, and f1: 0.415, 0.475, 0.443
Saving last model...
Start evaluation.
Hierarchical: Preprocessing dataset...
Event: total_right, total_predict, predict_right: 1598, 1773, 1463
Event: precision, recall, and f1: 0.825, 0.916, 0.868
Role: total_right, total_predict, predict_right: 3539, 4064, 2429
Role: precision, recall, and f1: 0.598, 0.686, 0.639
--------------- The 2-th fold as the validation set... ---------------
Epoch id: 1, Training steps: 250, Loss: 4.883215
Epoch id: 1, Training steps: 500, Loss: 3.201720
Epoch id: 1, Training steps: 750, Loss: 4.842625
Epoch id: 1, Training steps: 1000, Loss: 3.535713
Epoch id: 1, Training steps: 1250, Loss: 2.618043
Epoch id: 1, Training steps: 1500, Loss: 3.236723
Epoch id: 1, Training steps: 1750, Loss: 3.213458
Epoch id: 1, Training steps: 2000, Loss: 2.801694
Epoch id: 1, Training steps: 2250, Loss: 4.040056
Epoch id: 1, Training steps: 2500, Loss: 1.806778
Epoch id: 1, Training steps: 2750, Loss: 3.157846
Epoch id: 2, Training steps: 250, Loss: 2.571539
Epoch id: 2, Training steps: 500, Loss: 2.605055
Epoch id: 2, Training steps: 750, Loss: 2.626209
Epoch id: 2, Training steps: 1000, Loss: 2.091068
Epoch id: 2, Training steps: 1250, Loss: 3.953332
Epoch id: 2, Training steps: 1500, Loss: 1.493454
Epoch id: 2, Training steps: 1750, Loss: 1.677277
Epoch id: 2, Training steps: 2000, Loss: 2.453718
Epoch id: 2, Training steps: 2250, Loss: 3.320469
Epoch id: 2, Training steps: 2500, Loss: 2.429587
Epoch id: 2, Training steps: 2750, Loss: 2.670855
Epoch id: 3, Training steps: 250, Loss: 2.178429
Epoch id: 3, Training steps: 500, Loss: 2.124367
Epoch id: 3, Training steps: 750, Loss: 6.523790
Epoch id: 3, Training steps: 1000, Loss: 3.166059
Epoch id: 3, Training steps: 1250, Loss: 2.069781
Epoch id: 3, Training steps: 1500, Loss: 2.297657
Epoch id: 3, Training steps: 1750, Loss: 3.832365
Epoch id: 3, Training steps: 2000, Loss: 2.700966
Epoch id: 3, Training steps: 2250, Loss: 1.675895
Epoch id: 3, Training steps: 2500, Loss: 1.904340
Epoch id: 3, Training steps: 2750, Loss: 1.588486
Epoch id: 4, Training steps: 250, Loss: 1.956140
Epoch id: 4, Training steps: 500, Loss: 2.147578
Epoch id: 4, Training steps: 750, Loss: 2.851761
Epoch id: 4, Training steps: 1000, Loss: 2.091936
Epoch id: 4, Training steps: 1250, Loss: 2.073478
Epoch id: 4, Training steps: 1500, Loss: 2.480174
Epoch id: 4, Training steps: 1750, Loss: 4.647050
Epoch id: 4, Training steps: 2000, Loss: 1.794437
Epoch id: 4, Training steps: 2250, Loss: 1.815370
Epoch id: 4, Training steps: 2500, Loss: 1.109443
Epoch id: 4, Training steps: 2750, Loss: 1.705437
Epoch id: 5, Training steps: 250, Loss: 2.003433
Epoch id: 5, Training steps: 500, Loss: 1.801440
Epoch id: 5, Training steps: 750, Loss: 2.450788
Epoch id: 5, Training steps: 1000, Loss: 2.682138
Epoch id: 5, Training steps: 1250, Loss: 2.631325
Epoch id: 5, Training steps: 1500, Loss: 2.010942
Epoch id: 5, Training steps: 1750, Loss: 2.285507
Epoch id: 5, Training steps: 2000, Loss: 2.164889
Epoch id: 5, Training steps: 2250, Loss: 2.223312
Epoch id: 5, Training steps: 2500, Loss: 1.953670
Epoch id: 5, Training steps: 2750, Loss: 1.478689
Event: total_right, total_predict, predict_right: 2459, 1784, 304
Event: precision, recall, and f1: 0.170, 0.124, 0.143
Role: total_right, total_predict, predict_right: 4883, 6559, 509
Role: precision, recall, and f1: 0.078, 0.104, 0.089
Saving middle model...
Epoch id: 6, Training steps: 250, Loss: 1.441636
Epoch id: 6, Training steps: 500, Loss: 1.779153
Epoch id: 6, Training steps: 750, Loss: 2.366591
Epoch id: 6, Training steps: 1000, Loss: 2.963938
Epoch id: 6, Training steps: 1250, Loss: 1.274547
Epoch id: 6, Training steps: 1500, Loss: 2.004261
Epoch id: 6, Training steps: 1750, Loss: 2.680267
Epoch id: 6, Training steps: 2000, Loss: 1.796808
Epoch id: 6, Training steps: 2250, Loss: 2.123332
Epoch id: 6, Training steps: 2500, Loss: 2.103827
Epoch id: 6, Training steps: 2750, Loss: 2.382640
Epoch id: 7, Training steps: 250, Loss: 3.082039
Epoch id: 7, Training steps: 500, Loss: 2.292767
Epoch id: 7, Training steps: 750, Loss: 1.616357
Epoch id: 7, Training steps: 1000, Loss: 2.396789
Epoch id: 7, Training steps: 1250, Loss: 1.766836
Epoch id: 7, Training steps: 1500, Loss: 3.183268
Epoch id: 7, Training steps: 1750, Loss: 1.374208
Epoch id: 7, Training steps: 2000, Loss: 1.728886
Epoch id: 7, Training steps: 2250, Loss: 3.566600
Epoch id: 7, Training steps: 2500, Loss: 2.062501
Epoch id: 7, Training steps: 2750, Loss: 2.569732
Epoch id: 8, Training steps: 250, Loss: 1.971280
Epoch id: 8, Training steps: 500, Loss: 1.893983
Epoch id: 8, Training steps: 750, Loss: 2.034365
Epoch id: 8, Training steps: 1000, Loss: 2.249320
Epoch id: 8, Training steps: 1250, Loss: 2.459580
Epoch id: 8, Training steps: 1500, Loss: 2.006935
Epoch id: 8, Training steps: 1750, Loss: 1.489856
Epoch id: 8, Training steps: 2000, Loss: 2.723161
Epoch id: 8, Training steps: 2250, Loss: 1.792539
Epoch id: 8, Training steps: 2500, Loss: 1.523948
Epoch id: 8, Training steps: 2750, Loss: 1.948209
Epoch id: 9, Training steps: 250, Loss: 1.857191
Epoch id: 9, Training steps: 500, Loss: 1.414540
Epoch id: 9, Training steps: 750, Loss: 1.877171
Epoch id: 9, Training steps: 1000, Loss: 1.406773
Epoch id: 9, Training steps: 1250, Loss: 2.340145
Epoch id: 9, Training steps: 1500, Loss: 1.883119
Epoch id: 9, Training steps: 1750, Loss: 1.858845
Epoch id: 9, Training steps: 2000, Loss: 2.071437
Epoch id: 9, Training steps: 2250, Loss: 2.002664
Epoch id: 9, Training steps: 2500, Loss: 2.853581
Epoch id: 9, Training steps: 2750, Loss: 2.280106
Epoch id: 10, Training steps: 250, Loss: 1.447801
Epoch id: 10, Training steps: 500, Loss: 2.580267
Epoch id: 10, Training steps: 750, Loss: 2.240035
Epoch id: 10, Training steps: 1000, Loss: 1.582534
Epoch id: 10, Training steps: 1250, Loss: 1.413002
Epoch id: 10, Training steps: 1500, Loss: 2.097901
Epoch id: 10, Training steps: 1750, Loss: 2.183544
Epoch id: 10, Training steps: 2000, Loss: 1.790757
Epoch id: 10, Training steps: 2250, Loss: 1.916749
Epoch id: 10, Training steps: 2500, Loss: 1.673528
Epoch id: 10, Training steps: 2750, Loss: 3.946972
Event: total_right, total_predict, predict_right: 2459, 3756, 942
Event: precision, recall, and f1: 0.251, 0.383, 0.303
Role: total_right, total_predict, predict_right: 4883, 9777, 1321
Role: precision, recall, and f1: 0.135, 0.271, 0.180
Saving middle model...
Epoch id: 11, Training steps: 250, Loss: 2.945807
Epoch id: 11, Training steps: 500, Loss: 1.912778
Epoch id: 11, Training steps: 750, Loss: 3.221948
Epoch id: 11, Training steps: 1000, Loss: 1.591678
Epoch id: 11, Training steps: 1250, Loss: 3.110929
Epoch id: 11, Training steps: 1500, Loss: 2.809358
Epoch id: 11, Training steps: 1750, Loss: 2.590096
Epoch id: 11, Training steps: 2000, Loss: 1.808837
Epoch id: 11, Training steps: 2250, Loss: 1.703859
Epoch id: 11, Training steps: 2500, Loss: 1.423768
Epoch id: 11, Training steps: 2750, Loss: 1.850720
Epoch id: 12, Training steps: 250, Loss: 2.753321
Epoch id: 12, Training steps: 500, Loss: 2.138154
Epoch id: 12, Training steps: 750, Loss: 1.268066
Epoch id: 12, Training steps: 1000, Loss: 2.951652
Epoch id: 12, Training steps: 1250, Loss: 2.124954
Epoch id: 12, Training steps: 1500, Loss: 1.917335
Epoch id: 12, Training steps: 1750, Loss: 2.009254
Epoch id: 12, Training steps: 2000, Loss: 1.694886
Epoch id: 12, Training steps: 2250, Loss: 2.681557
Epoch id: 12, Training steps: 2500, Loss: 1.803993
Epoch id: 12, Training steps: 2750, Loss: 1.906281
Epoch id: 13, Training steps: 250, Loss: 4.489840
Epoch id: 13, Training steps: 500, Loss: 1.713830
Epoch id: 13, Training steps: 750, Loss: 1.884552
Epoch id: 13, Training steps: 1000, Loss: 2.115497
Epoch id: 13, Training steps: 1250, Loss: 2.915937
Epoch id: 13, Training steps: 1500, Loss: 1.671897
Epoch id: 13, Training steps: 1750, Loss: 1.896340
Epoch id: 13, Training steps: 2000, Loss: 2.148523
Epoch id: 13, Training steps: 2250, Loss: 1.472827
Epoch id: 13, Training steps: 2500, Loss: 2.647032
Epoch id: 13, Training steps: 2750, Loss: 2.302833
Epoch id: 14, Training steps: 250, Loss: 1.907004
Epoch id: 14, Training steps: 500, Loss: 1.797758
Epoch id: 14, Training steps: 750, Loss: 1.836681
Epoch id: 14, Training steps: 1000, Loss: 1.846906
Epoch id: 14, Training steps: 1250, Loss: 2.566947
Epoch id: 14, Training steps: 1500, Loss: 1.850370
Epoch id: 14, Training steps: 1750, Loss: 2.282799
Epoch id: 14, Training steps: 2000, Loss: 2.313136
Epoch id: 14, Training steps: 2250, Loss: 1.765243
Epoch id: 14, Training steps: 2500, Loss: 2.263883
Epoch id: 14, Training steps: 2750, Loss: 1.460930
Epoch id: 15, Training steps: 250, Loss: 2.440329
Epoch id: 15, Training steps: 500, Loss: 1.755449
Epoch id: 15, Training steps: 750, Loss: 1.568863
Epoch id: 15, Training steps: 1000, Loss: 1.862817
Epoch id: 15, Training steps: 1250, Loss: 3.179602
Epoch id: 15, Training steps: 1500, Loss: 1.758167
Epoch id: 15, Training steps: 1750, Loss: 1.529397
Epoch id: 15, Training steps: 2000, Loss: 1.902753
Epoch id: 15, Training steps: 2250, Loss: 2.495273
Epoch id: 15, Training steps: 2500, Loss: 1.808542
Epoch id: 15, Training steps: 2750, Loss: 2.420949
Event: total_right, total_predict, predict_right: 2459, 4201, 1176
Event: precision, recall, and f1: 0.280, 0.478, 0.353
Role: total_right, total_predict, predict_right: 4883, 10502, 1749
Role: precision, recall, and f1: 0.167, 0.358, 0.227
Saving middle model...
Epoch id: 16, Training steps: 250, Loss: 2.744641
Epoch id: 16, Training steps: 500, Loss: 2.122252
Epoch id: 16, Training steps: 750, Loss: 1.813895
Epoch id: 16, Training steps: 1000, Loss: 2.474750
Epoch id: 16, Training steps: 1250, Loss: 1.469050
Epoch id: 16, Training steps: 1500, Loss: 2.315656
Epoch id: 16, Training steps: 1750, Loss: 2.197922
Epoch id: 16, Training steps: 2000, Loss: 1.929772
Epoch id: 16, Training steps: 2250, Loss: 2.501647
Epoch id: 16, Training steps: 2500, Loss: 2.365648
Epoch id: 16, Training steps: 2750, Loss: 2.729309
Epoch id: 17, Training steps: 250, Loss: 2.571768
Epoch id: 17, Training steps: 500, Loss: 1.793121
Epoch id: 17, Training steps: 750, Loss: 1.877397
Epoch id: 17, Training steps: 1000, Loss: 2.103935
Epoch id: 17, Training steps: 1250, Loss: 2.226938
Epoch id: 17, Training steps: 1500, Loss: 2.805641
Epoch id: 17, Training steps: 1750, Loss: 1.812294
Epoch id: 17, Training steps: 2000, Loss: 2.284519
Epoch id: 17, Training steps: 2250, Loss: 1.911430
Epoch id: 17, Training steps: 2500, Loss: 1.843087
Epoch id: 17, Training steps: 2750, Loss: 1.650465
Epoch id: 18, Training steps: 250, Loss: 1.461456
Epoch id: 18, Training steps: 500, Loss: 1.893840
Epoch id: 18, Training steps: 750, Loss: 1.629682
Epoch id: 18, Training steps: 1000, Loss: 2.592472
Epoch id: 18, Training steps: 1250, Loss: 1.756290
Epoch id: 18, Training steps: 1500, Loss: 1.884994
Epoch id: 18, Training steps: 1750, Loss: 2.819895
Epoch id: 18, Training steps: 2000, Loss: 3.066141
Epoch id: 18, Training steps: 2250, Loss: 1.582875
Epoch id: 18, Training steps: 2500, Loss: 2.894380
Epoch id: 18, Training steps: 2750, Loss: 1.420280
Epoch id: 19, Training steps: 250, Loss: 2.849698
Epoch id: 19, Training steps: 500, Loss: 4.348637
Epoch id: 19, Training steps: 750, Loss: 2.171810
Epoch id: 19, Training steps: 1000, Loss: 2.316971
Epoch id: 19, Training steps: 1250, Loss: 2.631229
Epoch id: 19, Training steps: 1500, Loss: 1.696826
Epoch id: 19, Training steps: 1750, Loss: 2.912059
Epoch id: 19, Training steps: 2000, Loss: 2.445160
Epoch id: 19, Training steps: 2250, Loss: 1.603045
Epoch id: 19, Training steps: 2500, Loss: 2.005287
Epoch id: 19, Training steps: 2750, Loss: 3.585384
Epoch id: 20, Training steps: 250, Loss: 2.527131
Epoch id: 20, Training steps: 500, Loss: 1.407818
Epoch id: 20, Training steps: 750, Loss: 3.027765
Epoch id: 20, Training steps: 1000, Loss: 2.231341
Epoch id: 20, Training steps: 1250, Loss: 2.278298
Epoch id: 20, Training steps: 1500, Loss: 2.701836
Epoch id: 20, Training steps: 1750, Loss: 2.511888
Epoch id: 20, Training steps: 2000, Loss: 1.849788
Epoch id: 20, Training steps: 2250, Loss: 2.670196
Epoch id: 20, Training steps: 2500, Loss: 1.966125
Epoch id: 20, Training steps: 2750, Loss: 1.945344
Event: total_right, total_predict, predict_right: 2459, 4090, 1383
Event: precision, recall, and f1: 0.338, 0.562, 0.422
Role: total_right, total_predict, predict_right: 4883, 10239, 2064
Role: precision, recall, and f1: 0.202, 0.423, 0.273
Saving middle model...
Epoch id: 21, Training steps: 250, Loss: 2.845211
Epoch id: 21, Training steps: 500, Loss: 1.660793
Epoch id: 21, Training steps: 750, Loss: 2.498162
Epoch id: 21, Training steps: 1000, Loss: 2.785318
Epoch id: 21, Training steps: 1250, Loss: 2.072123
Epoch id: 21, Training steps: 1500, Loss: 2.655221
Epoch id: 21, Training steps: 1750, Loss: 1.388633
Epoch id: 21, Training steps: 2000, Loss: 1.452704
Epoch id: 21, Training steps: 2250, Loss: 1.308995
Epoch id: 21, Training steps: 2500, Loss: 1.770401
Epoch id: 21, Training steps: 2750, Loss: 1.615119
Epoch id: 22, Training steps: 250, Loss: 2.207042
Epoch id: 22, Training steps: 500, Loss: 2.219942
Epoch id: 22, Training steps: 750, Loss: 1.651865
Epoch id: 22, Training steps: 1000, Loss: 2.510974
Epoch id: 22, Training steps: 1250, Loss: 2.055173
Epoch id: 22, Training steps: 1500, Loss: 2.751752
Epoch id: 22, Training steps: 1750, Loss: 4.052823
Epoch id: 22, Training steps: 2000, Loss: 1.989211
Epoch id: 22, Training steps: 2250, Loss: 1.184211
Epoch id: 22, Training steps: 2500, Loss: 2.462580
Epoch id: 22, Training steps: 2750, Loss: 2.075880
Epoch id: 23, Training steps: 250, Loss: 2.470862
Epoch id: 23, Training steps: 500, Loss: 2.013757
Epoch id: 23, Training steps: 750, Loss: 1.810277
Epoch id: 23, Training steps: 1000, Loss: 2.250127
Epoch id: 23, Training steps: 1250, Loss: 2.717115
Epoch id: 23, Training steps: 1500, Loss: 2.042598
Epoch id: 23, Training steps: 1750, Loss: 1.812685
Epoch id: 23, Training steps: 2000, Loss: 2.125742
Epoch id: 23, Training steps: 2250, Loss: 1.984154
Epoch id: 23, Training steps: 2500, Loss: 2.614324
Epoch id: 23, Training steps: 2750, Loss: 1.543107
Epoch id: 24, Training steps: 250, Loss: 2.338345
Epoch id: 24, Training steps: 500, Loss: 2.272690
Epoch id: 24, Training steps: 750, Loss: 1.629653
Epoch id: 24, Training steps: 1000, Loss: 2.187480
Epoch id: 24, Training steps: 1250, Loss: 2.858646
Epoch id: 24, Training steps: 1500, Loss: 1.919696
Epoch id: 24, Training steps: 1750, Loss: 2.257376
Epoch id: 24, Training steps: 2000, Loss: 2.255573
Epoch id: 24, Training steps: 2250, Loss: 2.426756
Epoch id: 24, Training steps: 2500, Loss: 1.901322
Epoch id: 24, Training steps: 2750, Loss: 1.762916
Epoch id: 25, Training steps: 250, Loss: 1.427096
Epoch id: 25, Training steps: 500, Loss: 2.856204
Epoch id: 25, Training steps: 750, Loss: 1.906970
Epoch id: 25, Training steps: 1000, Loss: 1.215881
Epoch id: 25, Training steps: 1250, Loss: 1.518012
Epoch id: 25, Training steps: 1500, Loss: 1.557167
Epoch id: 25, Training steps: 1750, Loss: 2.224090
Epoch id: 25, Training steps: 2000, Loss: 2.618067
Epoch id: 25, Training steps: 2250, Loss: 2.482665
Epoch id: 25, Training steps: 2500, Loss: 1.863587
Epoch id: 25, Training steps: 2750, Loss: 1.448069
Event: total_right, total_predict, predict_right: 2459, 4665, 1605
Event: precision, recall, and f1: 0.344, 0.653, 0.451
Role: total_right, total_predict, predict_right: 4883, 10136, 2197
Role: precision, recall, and f1: 0.217, 0.450, 0.293
Saving middle model...
Epoch id: 26, Training steps: 250, Loss: 1.639830
Epoch id: 26, Training steps: 500, Loss: 2.295026
Epoch id: 26, Training steps: 750, Loss: 1.202049
Epoch id: 26, Training steps: 1000, Loss: 1.288559
Epoch id: 26, Training steps: 1250, Loss: 1.545238
Epoch id: 26, Training steps: 1500, Loss: 1.744790
Epoch id: 26, Training steps: 1750, Loss: 1.211279
Epoch id: 26, Training steps: 2000, Loss: 1.417832
Epoch id: 26, Training steps: 2250, Loss: 1.455465
Epoch id: 26, Training steps: 2500, Loss: 2.134828
Epoch id: 26, Training steps: 2750, Loss: 2.359745
Epoch id: 27, Training steps: 250, Loss: 2.188779
Epoch id: 27, Training steps: 500, Loss: 2.460428
Epoch id: 27, Training steps: 750, Loss: 1.645549
Epoch id: 27, Training steps: 1000, Loss: 2.513811
Epoch id: 27, Training steps: 1250, Loss: 2.491639
Epoch id: 27, Training steps: 1500, Loss: 1.677228
Epoch id: 27, Training steps: 1750, Loss: 1.430222
Epoch id: 27, Training steps: 2000, Loss: 1.518272
Epoch id: 27, Training steps: 2250, Loss: 1.705675
Epoch id: 27, Training steps: 2500, Loss: 1.714167
Epoch id: 27, Training steps: 2750, Loss: 1.707894
Epoch id: 28, Training steps: 250, Loss: 1.704632
Epoch id: 28, Training steps: 500, Loss: 2.235022
Epoch id: 28, Training steps: 750, Loss: 2.006927
Epoch id: 28, Training steps: 1000, Loss: 3.069048
Epoch id: 28, Training steps: 1250, Loss: 2.037144
Epoch id: 28, Training steps: 1500, Loss: 2.230905
Epoch id: 28, Training steps: 1750, Loss: 2.505727
Epoch id: 28, Training steps: 2000, Loss: 1.960208
Epoch id: 28, Training steps: 2250, Loss: 1.424653
Epoch id: 28, Training steps: 2500, Loss: 1.460783
Epoch id: 28, Training steps: 2750, Loss: 2.541929
Epoch id: 29, Training steps: 250, Loss: 1.876532
Epoch id: 29, Training steps: 500, Loss: 1.820447
Epoch id: 29, Training steps: 750, Loss: 1.876881
Epoch id: 29, Training steps: 1000, Loss: 2.232517
Epoch id: 29, Training steps: 1250, Loss: 2.320464
Epoch id: 29, Training steps: 1500, Loss: 2.537988
Epoch id: 29, Training steps: 1750, Loss: 2.099251
Epoch id: 29, Training steps: 2000, Loss: 2.163255
Epoch id: 29, Training steps: 2250, Loss: 1.497459
Epoch id: 29, Training steps: 2500, Loss: 2.409077
Epoch id: 29, Training steps: 2750, Loss: 1.235877
Epoch id: 30, Training steps: 250, Loss: 2.227349
Epoch id: 30, Training steps: 500, Loss: 3.363950
Epoch id: 30, Training steps: 750, Loss: 1.598343
Epoch id: 30, Training steps: 1000, Loss: 3.492953
Epoch id: 30, Training steps: 1250, Loss: 1.943606
Epoch id: 30, Training steps: 1500, Loss: 2.501447
Epoch id: 30, Training steps: 1750, Loss: 2.457556
Epoch id: 30, Training steps: 2000, Loss: 1.489665
Epoch id: 30, Training steps: 2250, Loss: 1.923871
Epoch id: 30, Training steps: 2500, Loss: 1.712288
Epoch id: 30, Training steps: 2750, Loss: 1.871654
Event: total_right, total_predict, predict_right: 2459, 4235, 1535
Event: precision, recall, and f1: 0.362, 0.624, 0.459
Role: total_right, total_predict, predict_right: 4883, 8874, 2174
Role: precision, recall, and f1: 0.245, 0.445, 0.316
Saving middle model...
Epoch id: 31, Training steps: 250, Loss: 1.574747
Epoch id: 31, Training steps: 500, Loss: 1.718297
Epoch id: 31, Training steps: 750, Loss: 2.734818
Epoch id: 31, Training steps: 1000, Loss: 2.393151
Epoch id: 31, Training steps: 1250, Loss: 3.291237
Epoch id: 31, Training steps: 1500, Loss: 1.842620
Epoch id: 31, Training steps: 1750, Loss: 1.495251
Epoch id: 31, Training steps: 2000, Loss: 1.718884
Epoch id: 31, Training steps: 2250, Loss: 1.990247
Epoch id: 31, Training steps: 2500, Loss: 3.053718
Epoch id: 31, Training steps: 2750, Loss: 1.993078
Epoch id: 32, Training steps: 250, Loss: 2.258086
Epoch id: 32, Training steps: 500, Loss: 2.510088
Epoch id: 32, Training steps: 750, Loss: 3.260086
Epoch id: 32, Training steps: 1000, Loss: 2.457331
Epoch id: 32, Training steps: 1250, Loss: 1.721439
Epoch id: 32, Training steps: 1500, Loss: 1.295886
Epoch id: 32, Training steps: 1750, Loss: 1.981846
Epoch id: 32, Training steps: 2000, Loss: 1.589308
Epoch id: 32, Training steps: 2250, Loss: 2.128016
Epoch id: 32, Training steps: 2500, Loss: 1.665771
Epoch id: 32, Training steps: 2750, Loss: 1.352114
Epoch id: 33, Training steps: 250, Loss: 2.148889
Epoch id: 33, Training steps: 500, Loss: 1.733139
Epoch id: 33, Training steps: 750, Loss: 2.485213
Epoch id: 33, Training steps: 1000, Loss: 1.318276
Epoch id: 33, Training steps: 1250, Loss: 1.344509
Epoch id: 33, Training steps: 1500, Loss: 1.249238
Epoch id: 33, Training steps: 1750, Loss: 1.765053
Epoch id: 33, Training steps: 2000, Loss: 1.381606
Epoch id: 33, Training steps: 2250, Loss: 1.989375
Epoch id: 33, Training steps: 2500, Loss: 1.691787
